<?xml version="1.0" encoding="UTF-8"?>
<testsuite name="wooteco.subway.path.domain.FareTest" tests="1" skipped="0" failures="0" errors="0" timestamp="2021-06-04T14:12:30" hostname="Hyeon9makui-MacBook-Pro.local" time="0.001">
  <properties/>
  <testcase name="validateNegative()" classname="wooteco.subway.path.domain.FareTest" time="0.001"/>
  <system-out><![CDATA[]]></system-out>
  <system-err><![CDATA[]]></system-err>
</testsuite>
