<?xml version="1.0" encoding="UTF-8"?>
<testsuite name="wooteco.subway.auth.AuthAcceptanceTest" tests="5" skipped="0" failures="0" errors="0" timestamp="2021-06-04T14:12:22" hostname="Hyeon9makui-MacBook-Pro.local" time="3.013">
  <properties/>
  <testcase name="myInfoWithBadBearerAuth()" classname="wooteco.subway.auth.AuthAcceptanceTest" time="0.583"/>
  <testcase name="wrongPasswordBearerAuth()" classname="wooteco.subway.auth.AuthAcceptanceTest" time="0.674"/>
  <testcase name="myInfoWithNonBearerAuth()" classname="wooteco.subway.auth.AuthAcceptanceTest" time="0.54"/>
  <testcase name="myInfoWithBearerAuth()" classname="wooteco.subway.auth.AuthAcceptanceTest" time="0.581"/>
  <testcase name="myInfoWithWrongBearerAuth()" classname="wooteco.subway.auth.AuthAcceptanceTest" time="0.633"/>
  <system-out><![CDATA[2021-06-04 23:12:22.590  INFO 48164 --- [    Test worker] .b.t.c.SpringBootTestContextBootstrapper : Neither @ContextConfiguration nor @ContextHierarchy found for test class [wooteco.subway.auth.AuthAcceptanceTest], using SpringBootContextLoader
2021-06-04 23:12:22.590  INFO 48164 --- [    Test worker] o.s.t.c.support.AbstractContextLoader    : Could not detect default resource locations for test class [wooteco.subway.auth.AuthAcceptanceTest]: no resource found for suffixes {-context.xml, Context.groovy}.
2021-06-04 23:12:22.590  INFO 48164 --- [    Test worker] t.c.s.AnnotationConfigContextLoaderUtils : Could not detect default configuration classes for test class [wooteco.subway.auth.AuthAcceptanceTest]: AuthAcceptanceTest does not declare any static, non-private, non-final, nested classes annotated with @Configuration.
2021-06-04 23:12:22.594  INFO 48164 --- [    Test worker] .b.t.c.SpringBootTestContextBootstrapper : Found @SpringBootConfiguration wooteco.subway.SubwayApplication for test class wooteco.subway.auth.AuthAcceptanceTest
2021-06-04 23:12:22.595  INFO 48164 --- [    Test worker] .b.t.c.SpringBootTestContextBootstrapper : Loaded default TestExecutionListener class names from location [META-INF/spring.factories]: [org.springframework.boot.test.autoconfigure.restdocs.RestDocsTestExecutionListener, org.springframework.boot.test.autoconfigure.web.client.MockRestServiceServerResetTestExecutionListener, org.springframework.boot.test.autoconfigure.web.servlet.MockMvcPrintOnlyOnFailureTestExecutionListener, org.springframework.boot.test.autoconfigure.web.servlet.WebDriverTestExecutionListener, org.springframework.boot.test.autoconfigure.webservices.client.MockWebServiceServerTestExecutionListener, org.springframework.boot.test.mock.mockito.MockitoTestExecutionListener, org.springframework.boot.test.mock.mockito.ResetMocksTestExecutionListener, org.springframework.test.context.web.ServletTestExecutionListener, org.springframework.test.context.support.DirtiesContextBeforeModesTestExecutionListener, org.springframework.test.context.event.ApplicationEventsTestExecutionListener, org.springframework.test.context.support.DependencyInjectionTestExecutionListener, org.springframework.test.context.support.DirtiesContextTestExecutionListener, org.springframework.test.context.transaction.TransactionalTestExecutionListener, org.springframework.test.context.jdbc.SqlScriptsTestExecutionListener, org.springframework.test.context.event.EventPublishingTestExecutionListener]
2021-06-04 23:12:22.595  INFO 48164 --- [    Test worker] .b.t.c.SpringBootTestContextBootstrapper : Using TestExecutionListeners: [org.springframework.test.context.web.ServletTestExecutionListener@20f234ff, org.springframework.test.context.support.DirtiesContextBeforeModesTestExecutionListener@67c27fef, org.springframework.test.context.event.ApplicationEventsTestExecutionListener@1608992e, org.springframework.boot.test.mock.mockito.MockitoTestExecutionListener@1508aedf, org.springframework.boot.test.autoconfigure.SpringBootDependencyInjectionTestExecutionListener@246c354d, org.springframework.test.context.support.DirtiesContextTestExecutionListener@50a50b28, org.springframework.test.context.transaction.TransactionalTestExecutionListener@23639fb, org.springframework.test.context.jdbc.SqlScriptsTestExecutionListener@52180134, org.springframework.test.context.event.EventPublishingTestExecutionListener@179b8067, org.springframework.boot.test.autoconfigure.restdocs.RestDocsTestExecutionListener@6f9f25f7, org.springframework.boot.test.autoconfigure.web.client.MockRestServiceServerResetTestExecutionListener@5c55301e, org.springframework.boot.test.autoconfigure.web.servlet.MockMvcPrintOnlyOnFailureTestExecutionListener@4e568b01, org.springframework.boot.test.autoconfigure.web.servlet.WebDriverTestExecutionListener@585a214, org.springframework.boot.test.autoconfigure.webservices.client.MockWebServiceServerTestExecutionListener@13a38fce, org.springframework.boot.test.mock.mockito.ResetMocksTestExecutionListener@66838864]
2021-06-04 23:12:22.609  INFO 48164 --- [    Test worker] o.s.s.concurrent.ThreadPoolTaskExecutor  : Shutting down ExecutorService 'applicationTaskExecutor'
2021-06-04 23:12:22.609  INFO 48164 --- [    Test worker] com.zaxxer.hikari.HikariDataSource       : HikariPool-23 - Shutdown initiated...
2021-06-04 23:12:22.610  INFO 48164 --- [    Test worker] com.zaxxer.hikari.HikariDataSource       : HikariPool-23 - Shutdown completed.

  .   ____          _            __ _ _
 /\\ / ___'_ __ _ _(_)_ __  __ _ \ \ \ \
( ( )\___ | '_ | '_| | '_ \/ _` | \ \ \ \
 \\/  ___)| |_)| | | | | || (_| |  ) ) ) )
  '  |____| .__|_| |_|_| |_\__, | / / / /
 =========|_|==============|___/=/_/_/_/
 :: Spring Boot ::                (v2.4.3)

2021-06-04 23:12:22.627  INFO 48164 --- [    Test worker] wooteco.subway.auth.AuthAcceptanceTest   : Starting AuthAcceptanceTest using Java 14.0.1 on Hyeon9makui-MacBook-Pro.local with PID 48164 (started by hyeon9mak in /Users/hyeon9mak/Documents/GitHub/atdd-subway-fare)
2021-06-04 23:12:22.627  INFO 48164 --- [    Test worker] wooteco.subway.auth.AuthAcceptanceTest   : The following profiles are active: test
2021-06-04 23:12:22.731  INFO 48164 --- [    Test worker] trationDelegate$BeanPostProcessorChecker : Bean 'pl.allegro.tech.boot.autoconfigure.handlebars.HandlebarsHelpersAutoConfiguration' of type [pl.allegro.tech.boot.autoconfigure.handlebars.HandlebarsHelpersAutoConfiguration$$EnhancerBySpringCGLIB$$3bd2ee05] is not eligible for getting processed by all BeanPostProcessors (for example: not eligible for auto-proxying)
2021-06-04 23:12:22.745  INFO 48164 --- [    Test worker] trationDelegate$BeanPostProcessorChecker : Bean 'handlebars.resolver-pl.allegro.tech.boot.autoconfigure.handlebars.HandlebarsValueResolversProperties' of type [pl.allegro.tech.boot.autoconfigure.handlebars.HandlebarsValueResolversProperties] is not eligible for getting processed by all BeanPostProcessors (for example: not eligible for auto-proxying)
2021-06-04 23:12:22.749  INFO 48164 --- [    Test worker] trationDelegate$BeanPostProcessorChecker : Bean 'handlebars-pl.allegro.tech.boot.autoconfigure.handlebars.HandlebarsProperties' of type [pl.allegro.tech.boot.autoconfigure.handlebars.HandlebarsProperties] is not eligible for getting processed by all BeanPostProcessors (for example: not eligible for auto-proxying)
2021-06-04 23:12:22.749  INFO 48164 --- [    Test worker] trationDelegate$BeanPostProcessorChecker : Bean 'pl.allegro.tech.boot.autoconfigure.handlebars.HandlebarsAutoConfiguration$HandlebarsViewResolverConfiguration' of type [pl.allegro.tech.boot.autoconfigure.handlebars.HandlebarsAutoConfiguration$HandlebarsViewResolverConfiguration$$EnhancerBySpringCGLIB$$4eba18a3] is not eligible for getting processed by all BeanPostProcessors (for example: not eligible for auto-proxying)
2021-06-04 23:12:22.755  INFO 48164 --- [    Test worker] trationDelegate$BeanPostProcessorChecker : Bean 'handlebarsViewResolver' of type [com.github.jknack.handlebars.springmvc.HandlebarsViewResolver] is not eligible for getting processed by all BeanPostProcessors (for example: not eligible for auto-proxying)
2021-06-04 23:12:22.802  INFO 48164 --- [    Test worker] o.s.b.w.embedded.tomcat.TomcatWebServer  : Tomcat initialized with port(s): 0 (http)
2021-06-04 23:12:22.804  INFO 48164 --- [    Test worker] o.apache.catalina.core.StandardService   : Starting service [Tomcat]
2021-06-04 23:12:22.805  INFO 48164 --- [    Test worker] org.apache.catalina.core.StandardEngine  : Starting Servlet engine: [Apache Tomcat/9.0.43]
2021-06-04 23:12:22.823  INFO 48164 --- [    Test worker] o.a.c.c.C.[Tomcat].[localhost].[/]       : Initializing Spring embedded WebApplicationContext
2021-06-04 23:12:22.823  INFO 48164 --- [    Test worker] w.s.c.ServletWebServerApplicationContext : Root WebApplicationContext: initialization completed in 195 ms
2021-06-04 23:12:22.849  INFO 48164 --- [    Test worker] com.zaxxer.hikari.HikariDataSource       : HikariPool-24 - Starting...
2021-06-04 23:12:22.850  INFO 48164 --- [    Test worker] com.zaxxer.hikari.HikariDataSource       : HikariPool-24 - Start completed.
2021-06-04 23:12:22.853  INFO 48164 --- [    Test worker] o.s.b.a.h2.H2ConsoleAutoConfiguration    : H2 console available at '/h2-console'. Database available at 'jdbc:h2:mem:testdb'
2021-06-04 23:12:22.913  INFO 48164 --- [    Test worker] n.r.s.b.l.access.LogbackAccessContext    : Configured the Logback-access: context=[default], config=[classpath:logback-access.xml]
2021-06-04 23:12:22.998  INFO 48164 --- [    Test worker] o.s.s.concurrent.ThreadPoolTaskExecutor  : Initializing ExecutorService 'applicationTaskExecutor'
2021-06-04 23:12:23.016  INFO 48164 --- [    Test worker] o.s.b.a.w.s.WelcomePageHandlerMapping    : Adding welcome page template: index
2021-06-04 23:12:23.105  INFO 48164 --- [    Test worker] o.s.b.w.embedded.tomcat.TomcatWebServer  : Tomcat started on port(s): 57912 (http) with context path ''
2021-06-04 23:12:23.107  INFO 48164 --- [    Test worker] wooteco.subway.auth.AuthAcceptanceTest   : Started AuthAcceptanceTest in 0.496 seconds (JVM running for 26.102)
Request method:	POST
Request URI:	http://localhost:57912/api/members
Proxy:			<none>
Request params:	<none>
Query params:	<none>
Form params:	<none>
Path params:	<none>
Headers:		Accept=*/*
				Content-Type=application/json; charset=UTF-8
Cookies:		<none>
Multiparts:		<none>
Body:
{
    "email": "email@email.com",
    "password": "password",
    "age": 20
}
2021-06-04 23:12:23.117  INFO 48164 --- [-auto-24-exec-1] o.a.c.c.C.[Tomcat].[localhost].[/]       : Initializing Spring DispatcherServlet 'dispatcherServlet'
2021-06-04 23:12:23.117  INFO 48164 --- [-auto-24-exec-1] o.s.web.servlet.DispatcherServlet        : Initializing Servlet 'dispatcherServlet'
2021-06-04 23:12:23.118  INFO 48164 --- [-auto-24-exec-1] o.s.web.servlet.DispatcherServlet        : Completed initialization in 1 ms

###### HTTP Request ######
POST /api/members HTTP/1.1
accept: */*
content-type: application/json; charset=UTF-8
content-length: 58
host: localhost:57912
connection: Keep-Alive
user-agent: Apache-HttpClient/4.5.13 (Java/14.0.1)
accept-encoding: gzip,deflate


###### HTTP Response ######
HTTP/1.1 201 Created
Keep-Alive: timeout=60
Connection: keep-alive
Vary: Origin
Content-Length: 0
Date: Fri, 04 Jun 2021 14:12:23 GMT
Location: /members/1




HTTP/1.1 201 
Vary: Origin
Vary: Access-Control-Request-Method
Vary: Access-Control-Request-Headers
Location: /members/1
Content-Length: 0
Date: Fri, 04 Jun 2021 14:12:23 GMT
Keep-Alive: timeout=60
Connection: keep-alive
Request method:	POST
Request URI:	http://localhost:57912/api/login/token
Proxy:			<none>
Request params:	<none>
Query params:	<none>
Form params:	<none>
Path params:	<none>
Headers:		Accept=*/*
				Content-Type=application/json; charset=UTF-8
Cookies:		<none>
Multiparts:		<none>
Body:
{
    "email": "email@email.comOTHER",
    "password": "password"
}
2021-06-04 23:12:23.148 ERROR 48164 --- [-auto-24-exec-2] w.subway.exception.ExceptionAdvice       : 아이디 또는 패스워드가 일치하지 않습니다.

###### HTTP Request ######
POST /api/login/token HTTP/1.1
accept: */*
content-type: application/json; charset=UTF-8
content-length: 54
host: localhost:57912
connection: Keep-Alive
user-agent: Apache-HttpClient/4.5.13 (Java/14.0.1)
accept-encoding: gzip,deflate


###### HTTP Response ######
HTTP/1.1 400 Bad Request
Transfer-Encoding: chunked
Connection: close
Vary: Origin
Date: Fri, 04 Jun 2021 14:12:23 GMT
Content-Type: application/json




HTTP/1.1 400 
Vary: Origin
Vary: Access-Control-Request-Method
Vary: Access-Control-Request-Headers
Content-Type: application/json
Transfer-Encoding: chunked
Date: Fri, 04 Jun 2021 14:12:23 GMT
Connection: close

{
    "error": "MISMATCH_ID_PASSWORD"
}
2021-06-04 23:12:23.198  INFO 48164 --- [    Test worker] o.s.s.concurrent.ThreadPoolTaskExecutor  : Shutting down ExecutorService 'applicationTaskExecutor'
2021-06-04 23:12:23.198  INFO 48164 --- [    Test worker] com.zaxxer.hikari.HikariDataSource       : HikariPool-24 - Shutdown initiated...
2021-06-04 23:12:23.199  INFO 48164 --- [    Test worker] com.zaxxer.hikari.HikariDataSource       : HikariPool-24 - Shutdown completed.

  .   ____          _            __ _ _
 /\\ / ___'_ __ _ _(_)_ __  __ _ \ \ \ \
( ( )\___ | '_ | '_| | '_ \/ _` | \ \ \ \
 \\/  ___)| |_)| | | | | || (_| |  ) ) ) )
  '  |____| .__|_| |_|_| |_\__, | / / / /
 =========|_|==============|___/=/_/_/_/
 :: Spring Boot ::                (v2.4.3)

2021-06-04 23:12:23.212  INFO 48164 --- [    Test worker] wooteco.subway.auth.AuthAcceptanceTest   : Starting AuthAcceptanceTest using Java 14.0.1 on Hyeon9makui-MacBook-Pro.local with PID 48164 (started by hyeon9mak in /Users/hyeon9mak/Documents/GitHub/atdd-subway-fare)
2021-06-04 23:12:23.212  INFO 48164 --- [    Test worker] wooteco.subway.auth.AuthAcceptanceTest   : The following profiles are active: test
2021-06-04 23:12:23.352  INFO 48164 --- [    Test worker] trationDelegate$BeanPostProcessorChecker : Bean 'pl.allegro.tech.boot.autoconfigure.handlebars.HandlebarsHelpersAutoConfiguration' of type [pl.allegro.tech.boot.autoconfigure.handlebars.HandlebarsHelpersAutoConfiguration$$EnhancerBySpringCGLIB$$3bd2ee05] is not eligible for getting processed by all BeanPostProcessors (for example: not eligible for auto-proxying)
2021-06-04 23:12:23.378  INFO 48164 --- [    Test worker] trationDelegate$BeanPostProcessorChecker : Bean 'handlebars.resolver-pl.allegro.tech.boot.autoconfigure.handlebars.HandlebarsValueResolversProperties' of type [pl.allegro.tech.boot.autoconfigure.handlebars.HandlebarsValueResolversProperties] is not eligible for getting processed by all BeanPostProcessors (for example: not eligible for auto-proxying)
2021-06-04 23:12:23.382  INFO 48164 --- [    Test worker] trationDelegate$BeanPostProcessorChecker : Bean 'handlebars-pl.allegro.tech.boot.autoconfigure.handlebars.HandlebarsProperties' of type [pl.allegro.tech.boot.autoconfigure.handlebars.HandlebarsProperties] is not eligible for getting processed by all BeanPostProcessors (for example: not eligible for auto-proxying)
2021-06-04 23:12:23.382  INFO 48164 --- [    Test worker] trationDelegate$BeanPostProcessorChecker : Bean 'pl.allegro.tech.boot.autoconfigure.handlebars.HandlebarsAutoConfiguration$HandlebarsViewResolverConfiguration' of type [pl.allegro.tech.boot.autoconfigure.handlebars.HandlebarsAutoConfiguration$HandlebarsViewResolverConfiguration$$EnhancerBySpringCGLIB$$4eba18a3] is not eligible for getting processed by all BeanPostProcessors (for example: not eligible for auto-proxying)
2021-06-04 23:12:23.389  INFO 48164 --- [    Test worker] trationDelegate$BeanPostProcessorChecker : Bean 'handlebarsViewResolver' of type [com.github.jknack.handlebars.springmvc.HandlebarsViewResolver] is not eligible for getting processed by all BeanPostProcessors (for example: not eligible for auto-proxying)
2021-06-04 23:12:23.447  INFO 48164 --- [    Test worker] o.s.b.w.embedded.tomcat.TomcatWebServer  : Tomcat initialized with port(s): 0 (http)
2021-06-04 23:12:23.448  INFO 48164 --- [    Test worker] o.apache.catalina.core.StandardService   : Starting service [Tomcat]
2021-06-04 23:12:23.448  INFO 48164 --- [    Test worker] org.apache.catalina.core.StandardEngine  : Starting Servlet engine: [Apache Tomcat/9.0.43]
2021-06-04 23:12:23.464  INFO 48164 --- [    Test worker] o.a.c.c.C.[Tomcat].[localhost].[/]       : Initializing Spring embedded WebApplicationContext
2021-06-04 23:12:23.464  INFO 48164 --- [    Test worker] w.s.c.ServletWebServerApplicationContext : Root WebApplicationContext: initialization completed in 251 ms
2021-06-04 23:12:23.503  INFO 48164 --- [    Test worker] com.zaxxer.hikari.HikariDataSource       : HikariPool-25 - Starting...
2021-06-04 23:12:23.504  INFO 48164 --- [    Test worker] com.zaxxer.hikari.HikariDataSource       : HikariPool-25 - Start completed.
2021-06-04 23:12:23.508  INFO 48164 --- [    Test worker] o.s.b.a.h2.H2ConsoleAutoConfiguration    : H2 console available at '/h2-console'. Database available at 'jdbc:h2:mem:testdb'
2021-06-04 23:12:23.575  INFO 48164 --- [    Test worker] n.r.s.b.l.access.LogbackAccessContext    : Configured the Logback-access: context=[default], config=[classpath:logback-access.xml]
2021-06-04 23:12:23.679  INFO 48164 --- [    Test worker] o.s.s.concurrent.ThreadPoolTaskExecutor  : Initializing ExecutorService 'applicationTaskExecutor'
2021-06-04 23:12:23.699  INFO 48164 --- [    Test worker] o.s.b.a.w.s.WelcomePageHandlerMapping    : Adding welcome page template: index
2021-06-04 23:12:23.796  INFO 48164 --- [    Test worker] o.s.b.w.embedded.tomcat.TomcatWebServer  : Tomcat started on port(s): 57916 (http) with context path ''
2021-06-04 23:12:23.798  INFO 48164 --- [    Test worker] wooteco.subway.auth.AuthAcceptanceTest   : Started AuthAcceptanceTest in 0.597 seconds (JVM running for 26.793)
Request method:	POST
Request URI:	http://localhost:57916/api/members
Proxy:			<none>
Request params:	<none>
Query params:	<none>
Form params:	<none>
Path params:	<none>
Headers:		Accept=*/*
				Content-Type=application/json; charset=UTF-8
Cookies:		<none>
Multiparts:		<none>
Body:
{
    "email": "email@email.com",
    "password": "password",
    "age": 20
}
2021-06-04 23:12:23.811  INFO 48164 --- [-auto-25-exec-1] o.a.c.c.C.[Tomcat].[localhost].[/]       : Initializing Spring DispatcherServlet 'dispatcherServlet'
2021-06-04 23:12:23.812  INFO 48164 --- [-auto-25-exec-1] o.s.web.servlet.DispatcherServlet        : Initializing Servlet 'dispatcherServlet'
2021-06-04 23:12:23.812  INFO 48164 --- [-auto-25-exec-1] o.s.web.servlet.DispatcherServlet        : Completed initialization in 0 ms

###### HTTP Request ######
POST /api/members HTTP/1.1
accept: */*
content-type: application/json; charset=UTF-8
content-length: 58
host: localhost:57916
connection: Keep-Alive
user-agent: Apache-HttpClient/4.5.13 (Java/14.0.1)
accept-encoding: gzip,deflate


###### HTTP Response ######
HTTP/1.1 201 Created
Keep-Alive: timeout=60
Connection: keep-alive
Vary: Origin
Content-Length: 0
Date: Fri, 04 Jun 2021 14:12:23 GMT
Location: /members/1




HTTP/1.1 201 
Vary: Origin
Vary: Access-Control-Request-Method
Vary: Access-Control-Request-Headers
Location: /members/1
Content-Length: 0
Date: Fri, 04 Jun 2021 14:12:23 GMT
Keep-Alive: timeout=60
Connection: keep-alive
Request method:	POST
Request URI:	http://localhost:57916/api/login/token
Proxy:			<none>
Request params:	<none>
Query params:	<none>
Form params:	<none>
Path params:	<none>
Headers:		Accept=*/*
				Content-Type=application/json; charset=UTF-8
Cookies:		<none>
Multiparts:		<none>
Body:
{
    "email": "email@email.com",
    "password": "passwordOTHER"
}
2021-06-04 23:12:23.843 ERROR 48164 --- [-auto-25-exec-2] w.subway.exception.ExceptionAdvice       : 아이디 또는 패스워드가 일치하지 않습니다.

###### HTTP Request ######
POST /api/login/token HTTP/1.1
accept: */*
content-type: application/json; charset=UTF-8
content-length: 54
host: localhost:57916
connection: Keep-Alive
user-agent: Apache-HttpClient/4.5.13 (Java/14.0.1)
accept-encoding: gzip,deflate


###### HTTP Response ######
HTTP/1.1 400 Bad Request
Transfer-Encoding: chunked
Connection: close
Vary: Origin
Date: Fri, 04 Jun 2021 14:12:23 GMT
Content-Type: application/json




HTTP/1.1 400 
Vary: Origin
Vary: Access-Control-Request-Method
Vary: Access-Control-Request-Headers
Content-Type: application/json
Transfer-Encoding: chunked
Date: Fri, 04 Jun 2021 14:12:23 GMT
Connection: close

{
    "error": "MISMATCH_ID_PASSWORD"
}
2021-06-04 23:12:23.865  INFO 48164 --- [    Test worker] o.s.s.concurrent.ThreadPoolTaskExecutor  : Shutting down ExecutorService 'applicationTaskExecutor'
2021-06-04 23:12:23.866  INFO 48164 --- [    Test worker] com.zaxxer.hikari.HikariDataSource       : HikariPool-25 - Shutdown initiated...
2021-06-04 23:12:23.866  INFO 48164 --- [    Test worker] com.zaxxer.hikari.HikariDataSource       : HikariPool-25 - Shutdown completed.

  .   ____          _            __ _ _
 /\\ / ___'_ __ _ _(_)_ __  __ _ \ \ \ \
( ( )\___ | '_ | '_| | '_ \/ _` | \ \ \ \
 \\/  ___)| |_)| | | | | || (_| |  ) ) ) )
  '  |____| .__|_| |_|_| |_\__, | / / / /
 =========|_|==============|___/=/_/_/_/
 :: Spring Boot ::                (v2.4.3)

2021-06-04 23:12:23.877  INFO 48164 --- [    Test worker] wooteco.subway.auth.AuthAcceptanceTest   : Starting AuthAcceptanceTest using Java 14.0.1 on Hyeon9makui-MacBook-Pro.local with PID 48164 (started by hyeon9mak in /Users/hyeon9mak/Documents/GitHub/atdd-subway-fare)
2021-06-04 23:12:23.877  INFO 48164 --- [    Test worker] wooteco.subway.auth.AuthAcceptanceTest   : The following profiles are active: test
2021-06-04 23:12:23.984  INFO 48164 --- [    Test worker] trationDelegate$BeanPostProcessorChecker : Bean 'pl.allegro.tech.boot.autoconfigure.handlebars.HandlebarsHelpersAutoConfiguration' of type [pl.allegro.tech.boot.autoconfigure.handlebars.HandlebarsHelpersAutoConfiguration$$EnhancerBySpringCGLIB$$3bd2ee05] is not eligible for getting processed by all BeanPostProcessors (for example: not eligible for auto-proxying)
2021-06-04 23:12:23.995  INFO 48164 --- [    Test worker] trationDelegate$BeanPostProcessorChecker : Bean 'handlebars.resolver-pl.allegro.tech.boot.autoconfigure.handlebars.HandlebarsValueResolversProperties' of type [pl.allegro.tech.boot.autoconfigure.handlebars.HandlebarsValueResolversProperties] is not eligible for getting processed by all BeanPostProcessors (for example: not eligible for auto-proxying)
2021-06-04 23:12:23.997  INFO 48164 --- [    Test worker] trationDelegate$BeanPostProcessorChecker : Bean 'handlebars-pl.allegro.tech.boot.autoconfigure.handlebars.HandlebarsProperties' of type [pl.allegro.tech.boot.autoconfigure.handlebars.HandlebarsProperties] is not eligible for getting processed by all BeanPostProcessors (for example: not eligible for auto-proxying)
2021-06-04 23:12:23.997  INFO 48164 --- [    Test worker] trationDelegate$BeanPostProcessorChecker : Bean 'pl.allegro.tech.boot.autoconfigure.handlebars.HandlebarsAutoConfiguration$HandlebarsViewResolverConfiguration' of type [pl.allegro.tech.boot.autoconfigure.handlebars.HandlebarsAutoConfiguration$HandlebarsViewResolverConfiguration$$EnhancerBySpringCGLIB$$4eba18a3] is not eligible for getting processed by all BeanPostProcessors (for example: not eligible for auto-proxying)
2021-06-04 23:12:24.002  INFO 48164 --- [    Test worker] trationDelegate$BeanPostProcessorChecker : Bean 'handlebarsViewResolver' of type [com.github.jknack.handlebars.springmvc.HandlebarsViewResolver] is not eligible for getting processed by all BeanPostProcessors (for example: not eligible for auto-proxying)
2021-06-04 23:12:24.033  INFO 48164 --- [    Test worker] o.s.b.w.embedded.tomcat.TomcatWebServer  : Tomcat initialized with port(s): 0 (http)
2021-06-04 23:12:24.034  INFO 48164 --- [    Test worker] o.apache.catalina.core.StandardService   : Starting service [Tomcat]
2021-06-04 23:12:24.034  INFO 48164 --- [    Test worker] org.apache.catalina.core.StandardEngine  : Starting Servlet engine: [Apache Tomcat/9.0.43]
2021-06-04 23:12:24.044  INFO 48164 --- [    Test worker] o.a.c.c.C.[Tomcat].[localhost].[/]       : Initializing Spring embedded WebApplicationContext
2021-06-04 23:12:24.044  INFO 48164 --- [    Test worker] w.s.c.ServletWebServerApplicationContext : Root WebApplicationContext: initialization completed in 166 ms
2021-06-04 23:12:24.067  INFO 48164 --- [    Test worker] com.zaxxer.hikari.HikariDataSource       : HikariPool-26 - Starting...
2021-06-04 23:12:24.069  INFO 48164 --- [    Test worker] com.zaxxer.hikari.HikariDataSource       : HikariPool-26 - Start completed.
2021-06-04 23:12:24.078  INFO 48164 --- [    Test worker] o.s.b.a.h2.H2ConsoleAutoConfiguration    : H2 console available at '/h2-console'. Database available at 'jdbc:h2:mem:testdb'
2021-06-04 23:12:24.138  INFO 48164 --- [    Test worker] n.r.s.b.l.access.LogbackAccessContext    : Configured the Logback-access: context=[default], config=[classpath:logback-access.xml]
2021-06-04 23:12:24.245  INFO 48164 --- [    Test worker] o.s.s.concurrent.ThreadPoolTaskExecutor  : Initializing ExecutorService 'applicationTaskExecutor'
2021-06-04 23:12:24.269  INFO 48164 --- [    Test worker] o.s.b.a.w.s.WelcomePageHandlerMapping    : Adding welcome page template: index
2021-06-04 23:12:24.370  INFO 48164 --- [    Test worker] o.s.b.w.embedded.tomcat.TomcatWebServer  : Tomcat started on port(s): 57920 (http) with context path ''
2021-06-04 23:12:24.372  INFO 48164 --- [    Test worker] wooteco.subway.auth.AuthAcceptanceTest   : Started AuthAcceptanceTest in 0.504 seconds (JVM running for 27.367)
Request method:	GET
Request URI:	http://localhost:57920/api/members/me
Proxy:			<none>
Request params:	<none>
Query params:	<none>
Form params:	<none>
Path params:	<none>
Headers:		Accept=application/json
Cookies:		<none>
Multiparts:		<none>
Body:			<none>
2021-06-04 23:12:24.380  INFO 48164 --- [-auto-26-exec-1] o.a.c.c.C.[Tomcat].[localhost].[/]       : Initializing Spring DispatcherServlet 'dispatcherServlet'
2021-06-04 23:12:24.381  INFO 48164 --- [-auto-26-exec-1] o.s.web.servlet.DispatcherServlet        : Initializing Servlet 'dispatcherServlet'
2021-06-04 23:12:24.381  INFO 48164 --- [-auto-26-exec-1] o.s.web.servlet.DispatcherServlet        : Completed initialization in 0 ms
2021-06-04 23:12:24.384 ERROR 48164 --- [-auto-26-exec-1] w.subway.exception.ExceptionAdvice       : 만료되었거나 유효하지 않은 토큰 정보입니다.

###### HTTP Request ######
GET /api/members/me HTTP/1.1
accept: application/json
host: localhost:57920
connection: Keep-Alive
user-agent: Apache-HttpClient/4.5.13 (Java/14.0.1)
accept-encoding: gzip,deflate


###### HTTP Response ######
HTTP/1.1 401 Unauthorized
Transfer-Encoding: chunked
Keep-Alive: timeout=60
Connection: keep-alive
Vary: Origin
Date: Fri, 04 Jun 2021 14:12:24 GMT
Content-Type: application/json




HTTP/1.1 401 
Vary: Origin
Vary: Access-Control-Request-Method
Vary: Access-Control-Request-Headers
Content-Type: application/json
Transfer-Encoding: chunked
Date: Fri, 04 Jun 2021 14:12:24 GMT
Keep-Alive: timeout=60
Connection: keep-alive

{
    "error": "INVALID_TOKEN"
}
2021-06-04 23:12:24.400  INFO 48164 --- [    Test worker] o.s.s.concurrent.ThreadPoolTaskExecutor  : Shutting down ExecutorService 'applicationTaskExecutor'
2021-06-04 23:12:24.401  INFO 48164 --- [    Test worker] com.zaxxer.hikari.HikariDataSource       : HikariPool-26 - Shutdown initiated...
2021-06-04 23:12:24.401  INFO 48164 --- [    Test worker] com.zaxxer.hikari.HikariDataSource       : HikariPool-26 - Shutdown completed.

  .   ____          _            __ _ _
 /\\ / ___'_ __ _ _(_)_ __  __ _ \ \ \ \
( ( )\___ | '_ | '_| | '_ \/ _` | \ \ \ \
 \\/  ___)| |_)| | | | | || (_| |  ) ) ) )
  '  |____| .__|_| |_|_| |_\__, | / / / /
 =========|_|==============|___/=/_/_/_/
 :: Spring Boot ::                (v2.4.3)

2021-06-04 23:12:24.412  INFO 48164 --- [    Test worker] wooteco.subway.auth.AuthAcceptanceTest   : Starting AuthAcceptanceTest using Java 14.0.1 on Hyeon9makui-MacBook-Pro.local with PID 48164 (started by hyeon9mak in /Users/hyeon9mak/Documents/GitHub/atdd-subway-fare)
2021-06-04 23:12:24.412  INFO 48164 --- [    Test worker] wooteco.subway.auth.AuthAcceptanceTest   : The following profiles are active: test
2021-06-04 23:12:24.527  INFO 48164 --- [    Test worker] trationDelegate$BeanPostProcessorChecker : Bean 'pl.allegro.tech.boot.autoconfigure.handlebars.HandlebarsHelpersAutoConfiguration' of type [pl.allegro.tech.boot.autoconfigure.handlebars.HandlebarsHelpersAutoConfiguration$$EnhancerBySpringCGLIB$$3bd2ee05] is not eligible for getting processed by all BeanPostProcessors (for example: not eligible for auto-proxying)
2021-06-04 23:12:24.542  INFO 48164 --- [    Test worker] trationDelegate$BeanPostProcessorChecker : Bean 'handlebars.resolver-pl.allegro.tech.boot.autoconfigure.handlebars.HandlebarsValueResolversProperties' of type [pl.allegro.tech.boot.autoconfigure.handlebars.HandlebarsValueResolversProperties] is not eligible for getting processed by all BeanPostProcessors (for example: not eligible for auto-proxying)
2021-06-04 23:12:24.544  INFO 48164 --- [    Test worker] trationDelegate$BeanPostProcessorChecker : Bean 'handlebars-pl.allegro.tech.boot.autoconfigure.handlebars.HandlebarsProperties' of type [pl.allegro.tech.boot.autoconfigure.handlebars.HandlebarsProperties] is not eligible for getting processed by all BeanPostProcessors (for example: not eligible for auto-proxying)
2021-06-04 23:12:24.544  INFO 48164 --- [    Test worker] trationDelegate$BeanPostProcessorChecker : Bean 'pl.allegro.tech.boot.autoconfigure.handlebars.HandlebarsAutoConfiguration$HandlebarsViewResolverConfiguration' of type [pl.allegro.tech.boot.autoconfigure.handlebars.HandlebarsAutoConfiguration$HandlebarsViewResolverConfiguration$$EnhancerBySpringCGLIB$$4eba18a3] is not eligible for getting processed by all BeanPostProcessors (for example: not eligible for auto-proxying)
2021-06-04 23:12:24.549  INFO 48164 --- [    Test worker] trationDelegate$BeanPostProcessorChecker : Bean 'handlebarsViewResolver' of type [com.github.jknack.handlebars.springmvc.HandlebarsViewResolver] is not eligible for getting processed by all BeanPostProcessors (for example: not eligible for auto-proxying)
2021-06-04 23:12:24.584  INFO 48164 --- [    Test worker] o.s.b.w.embedded.tomcat.TomcatWebServer  : Tomcat initialized with port(s): 0 (http)
2021-06-04 23:12:24.585  INFO 48164 --- [    Test worker] o.apache.catalina.core.StandardService   : Starting service [Tomcat]
2021-06-04 23:12:24.585  INFO 48164 --- [    Test worker] org.apache.catalina.core.StandardEngine  : Starting Servlet engine: [Apache Tomcat/9.0.43]
2021-06-04 23:12:24.597  INFO 48164 --- [    Test worker] o.a.c.c.C.[Tomcat].[localhost].[/]       : Initializing Spring embedded WebApplicationContext
2021-06-04 23:12:24.597  INFO 48164 --- [    Test worker] w.s.c.ServletWebServerApplicationContext : Root WebApplicationContext: initialization completed in 184 ms
2021-06-04 23:12:24.632  INFO 48164 --- [    Test worker] com.zaxxer.hikari.HikariDataSource       : HikariPool-27 - Starting...
2021-06-04 23:12:24.633  INFO 48164 --- [    Test worker] com.zaxxer.hikari.HikariDataSource       : HikariPool-27 - Start completed.
2021-06-04 23:12:24.636  INFO 48164 --- [    Test worker] o.s.b.a.h2.H2ConsoleAutoConfiguration    : H2 console available at '/h2-console'. Database available at 'jdbc:h2:mem:testdb'
2021-06-04 23:12:24.686  INFO 48164 --- [    Test worker] n.r.s.b.l.access.LogbackAccessContext    : Configured the Logback-access: context=[default], config=[classpath:logback-access.xml]
2021-06-04 23:12:24.792  INFO 48164 --- [    Test worker] o.s.s.concurrent.ThreadPoolTaskExecutor  : Initializing ExecutorService 'applicationTaskExecutor'
2021-06-04 23:12:24.817  INFO 48164 --- [    Test worker] o.s.b.a.w.s.WelcomePageHandlerMapping    : Adding welcome page template: index
2021-06-04 23:12:24.922  INFO 48164 --- [    Test worker] o.s.b.w.embedded.tomcat.TomcatWebServer  : Tomcat started on port(s): 57923 (http) with context path ''
2021-06-04 23:12:24.923  INFO 48164 --- [    Test worker] wooteco.subway.auth.AuthAcceptanceTest   : Started AuthAcceptanceTest in 0.521 seconds (JVM running for 27.918)
Request method:	POST
Request URI:	http://localhost:57923/api/members
Proxy:			<none>
Request params:	<none>
Query params:	<none>
Form params:	<none>
Path params:	<none>
Headers:		Accept=*/*
				Content-Type=application/json; charset=UTF-8
Cookies:		<none>
Multiparts:		<none>
Body:
{
    "email": "email@email.com",
    "password": "password",
    "age": 20
}
2021-06-04 23:12:24.933  INFO 48164 --- [-auto-27-exec-1] o.a.c.c.C.[Tomcat].[localhost].[/]       : Initializing Spring DispatcherServlet 'dispatcherServlet'
2021-06-04 23:12:24.933  INFO 48164 --- [-auto-27-exec-1] o.s.web.servlet.DispatcherServlet        : Initializing Servlet 'dispatcherServlet'
2021-06-04 23:12:24.934  INFO 48164 --- [-auto-27-exec-1] o.s.web.servlet.DispatcherServlet        : Completed initialization in 1 ms

###### HTTP Request ######
POST /api/members HTTP/1.1
accept: */*
content-type: application/json; charset=UTF-8
content-length: 58
host: localhost:57923
connection: Keep-Alive
user-agent: Apache-HttpClient/4.5.13 (Java/14.0.1)
accept-encoding: gzip,deflate


###### HTTP Response ######
HTTP/1.1 201 Created
Keep-Alive: timeout=60
Connection: keep-alive
Vary: Origin
Content-Length: 0
Date: Fri, 04 Jun 2021 14:12:24 GMT
Location: /members/1




HTTP/1.1 201 
Vary: Origin
Vary: Access-Control-Request-Method
Vary: Access-Control-Request-Headers
Location: /members/1
Content-Length: 0
Date: Fri, 04 Jun 2021 14:12:24 GMT
Keep-Alive: timeout=60
Connection: keep-alive
Request method:	POST
Request URI:	http://localhost:57923/api/login/token
Proxy:			<none>
Request params:	<none>
Query params:	<none>
Form params:	<none>
Path params:	<none>
Headers:		Accept=*/*
				Content-Type=application/json; charset=UTF-8
Cookies:		<none>
Multiparts:		<none>
Body:
{
    "email": "email@email.com",
    "password": "password"
}

###### HTTP Request ######
POST /api/login/token HTTP/1.1
accept: */*
content-type: application/json; charset=UTF-8
content-length: 49
host: localhost:57923
connection: Keep-Alive
user-agent: Apache-HttpClient/4.5.13 (Java/14.0.1)
accept-encoding: gzip,deflate


###### HTTP Response ######
HTTP/1.1 200 OK
Transfer-Encoding: chunked
Keep-Alive: timeout=60
Connection: keep-alive
Vary: Origin
Date: Fri, 04 Jun 2021 14:12:24 GMT
Content-Type: application/json




HTTP/1.1 200 
Vary: Origin
Vary: Access-Control-Request-Method
Vary: Access-Control-Request-Headers
Content-Type: application/json
Transfer-Encoding: chunked
Date: Fri, 04 Jun 2021 14:12:24 GMT
Keep-Alive: timeout=60
Connection: keep-alive

{
    "accessToken": "eyJhbGciOiJIUzI1NiJ9.eyJzdWIiOiJlbWFpbEBlbWFpbC5jb20iLCJpYXQiOjE2MjI4MTU5NDQsImV4cCI6MTYyMjgxOTU0NH0.AYmxEJk9CAA3k8kos5EpDr5oZ8jI6DMnCf77_DgdKS0"
}
Request method:	GET
Request URI:	http://localhost:57923/api/members/me
Proxy:			<none>
Request params:	<none>
Query params:	<none>
Form params:	<none>
Path params:	<none>
Headers:		Accept=application/json
Cookies:		<none>
Multiparts:		<none>
Body:			<none>

###### HTTP Request ######
GET /api/members/me HTTP/1.1
authorization: Bearer eyJhbGciOiJIUzI1NiJ9.eyJzdWIiOiJlbWFpbEBlbWFpbC5jb20iLCJpYXQiOjE2MjI4MTU5NDQsImV4cCI6MTYyMjgxOTU0NH0.AYmxEJk9CAA3k8kos5EpDr5oZ8jI6DMnCf77_DgdKS0
accept: application/json
host: localhost:57923
connection: Keep-Alive
user-agent: Apache-HttpClient/4.5.13 (Java/14.0.1)
accept-encoding: gzip,deflate


###### HTTP Response ######
HTTP/1.1 200 OK
Transfer-Encoding: chunked
Keep-Alive: timeout=60
Connection: keep-alive
Vary: Origin
Date: Fri, 04 Jun 2021 14:12:24 GMT
Content-Type: application/json




HTTP/1.1 200 
Vary: Origin
Vary: Access-Control-Request-Method
Vary: Access-Control-Request-Headers
Content-Type: application/json
Transfer-Encoding: chunked
Date: Fri, 04 Jun 2021 14:12:24 GMT
Keep-Alive: timeout=60
Connection: keep-alive

{
    "id": 1,
    "email": "email@email.com",
    "age": 20
}
2021-06-04 23:12:24.990  INFO 48164 --- [    Test worker] o.s.s.concurrent.ThreadPoolTaskExecutor  : Shutting down ExecutorService 'applicationTaskExecutor'
2021-06-04 23:12:24.991  INFO 48164 --- [    Test worker] com.zaxxer.hikari.HikariDataSource       : HikariPool-27 - Shutdown initiated...
2021-06-04 23:12:24.992  INFO 48164 --- [    Test worker] com.zaxxer.hikari.HikariDataSource       : HikariPool-27 - Shutdown completed.

  .   ____          _            __ _ _
 /\\ / ___'_ __ _ _(_)_ __  __ _ \ \ \ \
( ( )\___ | '_ | '_| | '_ \/ _` | \ \ \ \
 \\/  ___)| |_)| | | | | || (_| |  ) ) ) )
  '  |____| .__|_| |_|_| |_\__, | / / / /
 =========|_|==============|___/=/_/_/_/
 :: Spring Boot ::                (v2.4.3)

2021-06-04 23:12:25.019  INFO 48164 --- [    Test worker] wooteco.subway.auth.AuthAcceptanceTest   : Starting AuthAcceptanceTest using Java 14.0.1 on Hyeon9makui-MacBook-Pro.local with PID 48164 (started by hyeon9mak in /Users/hyeon9mak/Documents/GitHub/atdd-subway-fare)
2021-06-04 23:12:25.020  INFO 48164 --- [    Test worker] wooteco.subway.auth.AuthAcceptanceTest   : The following profiles are active: test
2021-06-04 23:12:25.151  INFO 48164 --- [    Test worker] trationDelegate$BeanPostProcessorChecker : Bean 'pl.allegro.tech.boot.autoconfigure.handlebars.HandlebarsHelpersAutoConfiguration' of type [pl.allegro.tech.boot.autoconfigure.handlebars.HandlebarsHelpersAutoConfiguration$$EnhancerBySpringCGLIB$$3bd2ee05] is not eligible for getting processed by all BeanPostProcessors (for example: not eligible for auto-proxying)
2021-06-04 23:12:25.169  INFO 48164 --- [    Test worker] trationDelegate$BeanPostProcessorChecker : Bean 'handlebars.resolver-pl.allegro.tech.boot.autoconfigure.handlebars.HandlebarsValueResolversProperties' of type [pl.allegro.tech.boot.autoconfigure.handlebars.HandlebarsValueResolversProperties] is not eligible for getting processed by all BeanPostProcessors (for example: not eligible for auto-proxying)
2021-06-04 23:12:25.171  INFO 48164 --- [    Test worker] trationDelegate$BeanPostProcessorChecker : Bean 'handlebars-pl.allegro.tech.boot.autoconfigure.handlebars.HandlebarsProperties' of type [pl.allegro.tech.boot.autoconfigure.handlebars.HandlebarsProperties] is not eligible for getting processed by all BeanPostProcessors (for example: not eligible for auto-proxying)
2021-06-04 23:12:25.171  INFO 48164 --- [    Test worker] trationDelegate$BeanPostProcessorChecker : Bean 'pl.allegro.tech.boot.autoconfigure.handlebars.HandlebarsAutoConfiguration$HandlebarsViewResolverConfiguration' of type [pl.allegro.tech.boot.autoconfigure.handlebars.HandlebarsAutoConfiguration$HandlebarsViewResolverConfiguration$$EnhancerBySpringCGLIB$$4eba18a3] is not eligible for getting processed by all BeanPostProcessors (for example: not eligible for auto-proxying)
2021-06-04 23:12:25.177  INFO 48164 --- [    Test worker] trationDelegate$BeanPostProcessorChecker : Bean 'handlebarsViewResolver' of type [com.github.jknack.handlebars.springmvc.HandlebarsViewResolver] is not eligible for getting processed by all BeanPostProcessors (for example: not eligible for auto-proxying)
2021-06-04 23:12:25.219  INFO 48164 --- [    Test worker] o.s.b.w.embedded.tomcat.TomcatWebServer  : Tomcat initialized with port(s): 0 (http)
2021-06-04 23:12:25.220  INFO 48164 --- [    Test worker] o.apache.catalina.core.StandardService   : Starting service [Tomcat]
2021-06-04 23:12:25.220  INFO 48164 --- [    Test worker] org.apache.catalina.core.StandardEngine  : Starting Servlet engine: [Apache Tomcat/9.0.43]
2021-06-04 23:12:25.232  INFO 48164 --- [    Test worker] o.a.c.c.C.[Tomcat].[localhost].[/]       : Initializing Spring embedded WebApplicationContext
2021-06-04 23:12:25.232  INFO 48164 --- [    Test worker] w.s.c.ServletWebServerApplicationContext : Root WebApplicationContext: initialization completed in 211 ms
2021-06-04 23:12:25.255  INFO 48164 --- [    Test worker] com.zaxxer.hikari.HikariDataSource       : HikariPool-28 - Starting...
2021-06-04 23:12:25.257  INFO 48164 --- [    Test worker] com.zaxxer.hikari.HikariDataSource       : HikariPool-28 - Start completed.
2021-06-04 23:12:25.262  INFO 48164 --- [    Test worker] o.s.b.a.h2.H2ConsoleAutoConfiguration    : H2 console available at '/h2-console'. Database available at 'jdbc:h2:mem:testdb'
2021-06-04 23:12:25.330  INFO 48164 --- [    Test worker] n.r.s.b.l.access.LogbackAccessContext    : Configured the Logback-access: context=[default], config=[classpath:logback-access.xml]
2021-06-04 23:12:25.451  INFO 48164 --- [    Test worker] o.s.s.concurrent.ThreadPoolTaskExecutor  : Initializing ExecutorService 'applicationTaskExecutor'
2021-06-04 23:12:25.477  INFO 48164 --- [    Test worker] o.s.b.a.w.s.WelcomePageHandlerMapping    : Adding welcome page template: index
2021-06-04 23:12:25.584  INFO 48164 --- [    Test worker] o.s.b.w.embedded.tomcat.TomcatWebServer  : Tomcat started on port(s): 57928 (http) with context path ''
2021-06-04 23:12:25.586  INFO 48164 --- [    Test worker] wooteco.subway.auth.AuthAcceptanceTest   : Started AuthAcceptanceTest in 0.592 seconds (JVM running for 28.581)
Request method:	GET
Request URI:	http://localhost:57928/api/members/me
Proxy:			<none>
Request params:	<none>
Query params:	<none>
Form params:	<none>
Path params:	<none>
Headers:		Accept=application/json
Cookies:		<none>
Multiparts:		<none>
Body:			<none>
2021-06-04 23:12:25.595  INFO 48164 --- [-auto-28-exec-1] o.a.c.c.C.[Tomcat].[localhost].[/]       : Initializing Spring DispatcherServlet 'dispatcherServlet'
2021-06-04 23:12:25.595  INFO 48164 --- [-auto-28-exec-1] o.s.web.servlet.DispatcherServlet        : Initializing Servlet 'dispatcherServlet'
2021-06-04 23:12:25.596  INFO 48164 --- [-auto-28-exec-1] o.s.web.servlet.DispatcherServlet        : Completed initialization in 1 ms
2021-06-04 23:12:25.598 ERROR 48164 --- [-auto-28-exec-1] w.subway.exception.ExceptionAdvice       : 만료되었거나 유효하지 않은 토큰 정보입니다.

###### HTTP Request ######
GET /api/members/me HTTP/1.1
authorization: Bearer accesstoken
accept: application/json
host: localhost:57928
connection: Keep-Alive
user-agent: Apache-HttpClient/4.5.13 (Java/14.0.1)
accept-encoding: gzip,deflate


###### HTTP Response ######
HTTP/1.1 401 Unauthorized
Transfer-Encoding: chunked
Keep-Alive: timeout=60
Connection: keep-alive
Vary: Origin
Date: Fri, 04 Jun 2021 14:12:25 GMT
Content-Type: application/json




HTTP/1.1 401 
Vary: Origin
Vary: Access-Control-Request-Method
Vary: Access-Control-Request-Headers
Content-Type: application/json
Transfer-Encoding: chunked
Date: Fri, 04 Jun 2021 14:12:25 GMT
Keep-Alive: timeout=60
Connection: keep-alive

{
    "error": "INVALID_TOKEN"
}
]]></system-out>
  <system-err><![CDATA[]]></system-err>
</testsuite>
