<?xml version="1.0" encoding="UTF-8"?>
<testsuite name="wooteco.subway.path.PathAcceptanceTest" tests="4" skipped="0" failures="0" errors="0" timestamp="2021-06-04T14:12:26" hostname="Hyeon9makui-MacBook-Pro.local" time="3.814">
  <properties/>
  <testcase name="findPathByDistance()" classname="wooteco.subway.path.PathAcceptanceTest" time="1.007"/>
  <testcase name="findPathByDistanceAndExtraFare()" classname="wooteco.subway.path.PathAcceptanceTest" time="0.974"/>
  <testcase name="findPathByMemberAndGuest()" classname="wooteco.subway.path.PathAcceptanceTest" time="0.95"/>
  <testcase name="findPathByDistanceAndAge()" classname="wooteco.subway.path.PathAcceptanceTest" time="0.881"/>
  <system-out><![CDATA[2021-06-04 23:12:26.151  INFO 48164 --- [    Test worker] .b.t.c.SpringBootTestContextBootstrapper : Neither @ContextConfiguration nor @ContextHierarchy found for test class [wooteco.subway.path.PathAcceptanceTest], using SpringBootContextLoader
2021-06-04 23:12:26.152  INFO 48164 --- [    Test worker] o.s.t.c.support.AbstractContextLoader    : Could not detect default resource locations for test class [wooteco.subway.path.PathAcceptanceTest]: no resource found for suffixes {-context.xml, Context.groovy}.
2021-06-04 23:12:26.152  INFO 48164 --- [    Test worker] t.c.s.AnnotationConfigContextLoaderUtils : Could not detect default configuration classes for test class [wooteco.subway.path.PathAcceptanceTest]: PathAcceptanceTest does not declare any static, non-private, non-final, nested classes annotated with @Configuration.
2021-06-04 23:12:26.155  INFO 48164 --- [    Test worker] .b.t.c.SpringBootTestContextBootstrapper : Found @SpringBootConfiguration wooteco.subway.SubwayApplication for test class wooteco.subway.path.PathAcceptanceTest
2021-06-04 23:12:26.156  INFO 48164 --- [    Test worker] .b.t.c.SpringBootTestContextBootstrapper : Loaded default TestExecutionListener class names from location [META-INF/spring.factories]: [org.springframework.boot.test.autoconfigure.restdocs.RestDocsTestExecutionListener, org.springframework.boot.test.autoconfigure.web.client.MockRestServiceServerResetTestExecutionListener, org.springframework.boot.test.autoconfigure.web.servlet.MockMvcPrintOnlyOnFailureTestExecutionListener, org.springframework.boot.test.autoconfigure.web.servlet.WebDriverTestExecutionListener, org.springframework.boot.test.autoconfigure.webservices.client.MockWebServiceServerTestExecutionListener, org.springframework.boot.test.mock.mockito.MockitoTestExecutionListener, org.springframework.boot.test.mock.mockito.ResetMocksTestExecutionListener, org.springframework.test.context.web.ServletTestExecutionListener, org.springframework.test.context.support.DirtiesContextBeforeModesTestExecutionListener, org.springframework.test.context.event.ApplicationEventsTestExecutionListener, org.springframework.test.context.support.DependencyInjectionTestExecutionListener, org.springframework.test.context.support.DirtiesContextTestExecutionListener, org.springframework.test.context.transaction.TransactionalTestExecutionListener, org.springframework.test.context.jdbc.SqlScriptsTestExecutionListener, org.springframework.test.context.event.EventPublishingTestExecutionListener]
2021-06-04 23:12:26.156  INFO 48164 --- [    Test worker] .b.t.c.SpringBootTestContextBootstrapper : Using TestExecutionListeners: [org.springframework.test.context.web.ServletTestExecutionListener@3a83b726, org.springframework.test.context.support.DirtiesContextBeforeModesTestExecutionListener@53ab9d98, org.springframework.test.context.event.ApplicationEventsTestExecutionListener@34e5bde9, org.springframework.boot.test.mock.mockito.MockitoTestExecutionListener@1cb64ef, org.springframework.boot.test.autoconfigure.SpringBootDependencyInjectionTestExecutionListener@26d6c977, org.springframework.test.context.support.DirtiesContextTestExecutionListener@291ec768, org.springframework.test.context.transaction.TransactionalTestExecutionListener@308d3d57, org.springframework.test.context.jdbc.SqlScriptsTestExecutionListener@6abbdbb5, org.springframework.test.context.event.EventPublishingTestExecutionListener@7a363ae4, org.springframework.boot.test.autoconfigure.restdocs.RestDocsTestExecutionListener@25cc974d, org.springframework.boot.test.autoconfigure.web.client.MockRestServiceServerResetTestExecutionListener@7c726126, org.springframework.boot.test.autoconfigure.web.servlet.MockMvcPrintOnlyOnFailureTestExecutionListener@48a07b6e, org.springframework.boot.test.autoconfigure.web.servlet.WebDriverTestExecutionListener@38a9984, org.springframework.boot.test.autoconfigure.webservices.client.MockWebServiceServerTestExecutionListener@423d1047, org.springframework.boot.test.mock.mockito.ResetMocksTestExecutionListener@2da92277]
2021-06-04 23:12:26.169  INFO 48164 --- [    Test worker] o.s.s.concurrent.ThreadPoolTaskExecutor  : Shutting down ExecutorService 'applicationTaskExecutor'
2021-06-04 23:12:26.169  INFO 48164 --- [    Test worker] com.zaxxer.hikari.HikariDataSource       : HikariPool-28 - Shutdown initiated...
2021-06-04 23:12:26.170  INFO 48164 --- [    Test worker] com.zaxxer.hikari.HikariDataSource       : HikariPool-28 - Shutdown completed.

  .   ____          _            __ _ _
 /\\ / ___'_ __ _ _(_)_ __  __ _ \ \ \ \
( ( )\___ | '_ | '_| | '_ \/ _` | \ \ \ \
 \\/  ___)| |_)| | | | | || (_| |  ) ) ) )
  '  |____| .__|_| |_|_| |_\__, | / / / /
 =========|_|==============|___/=/_/_/_/
 :: Spring Boot ::                (v2.4.3)

2021-06-04 23:12:26.181  INFO 48164 --- [    Test worker] wooteco.subway.path.PathAcceptanceTest   : Starting PathAcceptanceTest using Java 14.0.1 on Hyeon9makui-MacBook-Pro.local with PID 48164 (started by hyeon9mak in /Users/hyeon9mak/Documents/GitHub/atdd-subway-fare)
2021-06-04 23:12:26.181  INFO 48164 --- [    Test worker] wooteco.subway.path.PathAcceptanceTest   : The following profiles are active: test
2021-06-04 23:12:26.315  INFO 48164 --- [    Test worker] trationDelegate$BeanPostProcessorChecker : Bean 'pl.allegro.tech.boot.autoconfigure.handlebars.HandlebarsHelpersAutoConfiguration' of type [pl.allegro.tech.boot.autoconfigure.handlebars.HandlebarsHelpersAutoConfiguration$$EnhancerBySpringCGLIB$$3bd2ee05] is not eligible for getting processed by all BeanPostProcessors (for example: not eligible for auto-proxying)
2021-06-04 23:12:26.363  INFO 48164 --- [    Test worker] trationDelegate$BeanPostProcessorChecker : Bean 'handlebars.resolver-pl.allegro.tech.boot.autoconfigure.handlebars.HandlebarsValueResolversProperties' of type [pl.allegro.tech.boot.autoconfigure.handlebars.HandlebarsValueResolversProperties] is not eligible for getting processed by all BeanPostProcessors (for example: not eligible for auto-proxying)
2021-06-04 23:12:26.366  INFO 48164 --- [    Test worker] trationDelegate$BeanPostProcessorChecker : Bean 'handlebars-pl.allegro.tech.boot.autoconfigure.handlebars.HandlebarsProperties' of type [pl.allegro.tech.boot.autoconfigure.handlebars.HandlebarsProperties] is not eligible for getting processed by all BeanPostProcessors (for example: not eligible for auto-proxying)
2021-06-04 23:12:26.367  INFO 48164 --- [    Test worker] trationDelegate$BeanPostProcessorChecker : Bean 'pl.allegro.tech.boot.autoconfigure.handlebars.HandlebarsAutoConfiguration$HandlebarsViewResolverConfiguration' of type [pl.allegro.tech.boot.autoconfigure.handlebars.HandlebarsAutoConfiguration$HandlebarsViewResolverConfiguration$$EnhancerBySpringCGLIB$$4eba18a3] is not eligible for getting processed by all BeanPostProcessors (for example: not eligible for auto-proxying)
2021-06-04 23:12:26.375  INFO 48164 --- [    Test worker] trationDelegate$BeanPostProcessorChecker : Bean 'handlebarsViewResolver' of type [com.github.jknack.handlebars.springmvc.HandlebarsViewResolver] is not eligible for getting processed by all BeanPostProcessors (for example: not eligible for auto-proxying)
2021-06-04 23:12:26.416  INFO 48164 --- [    Test worker] o.s.b.w.embedded.tomcat.TomcatWebServer  : Tomcat initialized with port(s): 0 (http)
2021-06-04 23:12:26.417  INFO 48164 --- [    Test worker] o.apache.catalina.core.StandardService   : Starting service [Tomcat]
2021-06-04 23:12:26.417  INFO 48164 --- [    Test worker] org.apache.catalina.core.StandardEngine  : Starting Servlet engine: [Apache Tomcat/9.0.43]
2021-06-04 23:12:26.429  INFO 48164 --- [    Test worker] o.a.c.c.C.[Tomcat].[localhost].[/]       : Initializing Spring embedded WebApplicationContext
2021-06-04 23:12:26.429  INFO 48164 --- [    Test worker] w.s.c.ServletWebServerApplicationContext : Root WebApplicationContext: initialization completed in 247 ms
2021-06-04 23:12:26.457  INFO 48164 --- [    Test worker] com.zaxxer.hikari.HikariDataSource       : HikariPool-29 - Starting...
2021-06-04 23:12:26.459  INFO 48164 --- [    Test worker] com.zaxxer.hikari.HikariDataSource       : HikariPool-29 - Start completed.
2021-06-04 23:12:26.464  INFO 48164 --- [    Test worker] o.s.b.a.h2.H2ConsoleAutoConfiguration    : H2 console available at '/h2-console'. Database available at 'jdbc:h2:mem:testdb'
2021-06-04 23:12:26.514  INFO 48164 --- [    Test worker] n.r.s.b.l.access.LogbackAccessContext    : Configured the Logback-access: context=[default], config=[classpath:logback-access.xml]
2021-06-04 23:12:26.622  INFO 48164 --- [    Test worker] o.s.s.concurrent.ThreadPoolTaskExecutor  : Initializing ExecutorService 'applicationTaskExecutor'
2021-06-04 23:12:26.638  INFO 48164 --- [    Test worker] o.s.b.a.w.s.WelcomePageHandlerMapping    : Adding welcome page template: index
2021-06-04 23:12:26.707  INFO 48164 --- [    Test worker] o.s.b.w.embedded.tomcat.TomcatWebServer  : Tomcat started on port(s): 57931 (http) with context path ''
2021-06-04 23:12:26.709  INFO 48164 --- [    Test worker] wooteco.subway.path.PathAcceptanceTest   : Started PathAcceptanceTest in 0.537 seconds (JVM running for 29.703)
Request method:	POST
Request URI:	http://localhost:57931/api/members
Proxy:			<none>
Request params:	<none>
Query params:	<none>
Form params:	<none>
Path params:	<none>
Headers:		Accept=*/*
				Content-Type=application/json; charset=UTF-8
Cookies:		<none>
Multiparts:		<none>
Body:
{
    "email": "email@email.com",
    "password": "password",
    "age": 20
}
2021-06-04 23:12:26.718  INFO 48164 --- [-auto-29-exec-1] o.a.c.c.C.[Tomcat].[localhost].[/]       : Initializing Spring DispatcherServlet 'dispatcherServlet'
2021-06-04 23:12:26.718  INFO 48164 --- [-auto-29-exec-1] o.s.web.servlet.DispatcherServlet        : Initializing Servlet 'dispatcherServlet'
2021-06-04 23:12:26.718  INFO 48164 --- [-auto-29-exec-1] o.s.web.servlet.DispatcherServlet        : Completed initialization in 0 ms

###### HTTP Request ######
POST /api/members HTTP/1.1
accept: */*
content-type: application/json; charset=UTF-8
content-length: 58
host: localhost:57931
connection: Keep-Alive
user-agent: Apache-HttpClient/4.5.13 (Java/14.0.1)
accept-encoding: gzip,deflate


###### HTTP Response ######
HTTP/1.1 201 Created
Keep-Alive: timeout=60
Connection: keep-alive
Vary: Origin
Content-Length: 0
Date: Fri, 04 Jun 2021 14:12:26 GMT
Location: /members/1




HTTP/1.1 201 
Vary: Origin
Vary: Access-Control-Request-Method
Vary: Access-Control-Request-Headers
Location: /members/1
Content-Length: 0
Date: Fri, 04 Jun 2021 14:12:26 GMT
Keep-Alive: timeout=60
Connection: keep-alive

###### HTTP Request ######
POST /api/login/token HTTP/1.1
accept: */*
content-type: application/json; charset=UTF-8
content-length: 49
host: localhost:57931
connection: Keep-Alive
user-agent: Apache-HttpClient/4.5.13 (Java/14.0.1)
accept-encoding: gzip,deflate


###### HTTP Response ######
HTTP/1.1 200 OK
Transfer-Encoding: chunked
Keep-Alive: timeout=60
Connection: keep-alive
Vary: Origin
Date: Fri, 04 Jun 2021 14:12:26 GMT
Content-Type: application/json




Request method:	POST
Request URI:	http://localhost:57931/api/stations
Proxy:			<none>
Request params:	<none>
Query params:	<none>
Form params:	<none>
Path params:	<none>
Headers:		Accept=*/*
				Content-Type=application/json; charset=UTF-8
Cookies:		<none>
Multiparts:		<none>
Body:
{
    "name": "강남역"
}

###### HTTP Request ######
POST /api/stations HTTP/1.1
authorization: Bearer eyJhbGciOiJIUzI1NiJ9.eyJzdWIiOiJlbWFpbEBlbWFpbC5jb20iLCJpYXQiOjE2MjI4MTU5NDYsImV4cCI6MTYyMjgxOTU0Nn0.KExJM-3_toP5oADYXEOeg_rIT7uiEJIYNwgiTeayRZE
accept: */*
content-type: application/json; charset=UTF-8
content-length: 20
host: localhost:57931
connection: Keep-Alive
user-agent: Apache-HttpClient/4.5.13 (Java/14.0.1)
accept-encoding: gzip,deflate


###### HTTP Response ######
HTTP/1.1 201 Created
Transfer-Encoding: chunked
Keep-Alive: timeout=60
Connection: keep-alive
Vary: Origin
Date: Fri, 04 Jun 2021 14:12:26 GMT
Location: /stations/1
Content-Type: application/json




HTTP/1.1 201 
Vary: Origin
Vary: Access-Control-Request-Method
Vary: Access-Control-Request-Headers
Location: /stations/1
Content-Type: application/json
Transfer-Encoding: chunked
Date: Fri, 04 Jun 2021 14:12:26 GMT
Keep-Alive: timeout=60
Connection: keep-alive

{
    "id": 1,
    "name": "강남역"
}

###### HTTP Request ######
POST /api/login/token HTTP/1.1
accept: */*
content-type: application/json; charset=UTF-8
content-length: 49
host: localhost:57931
connection: Keep-Alive
user-agent: Apache-HttpClient/4.5.13 (Java/14.0.1)
accept-encoding: gzip,deflate


###### HTTP Response ######
HTTP/1.1 200 OK
Transfer-Encoding: chunked
Keep-Alive: timeout=60
Connection: keep-alive
Vary: Origin
Date: Fri, 04 Jun 2021 14:12:26 GMT
Content-Type: application/json




Request method:	POST
Request URI:	http://localhost:57931/api/stations
Proxy:			<none>
Request params:	<none>
Query params:	<none>
Form params:	<none>
Path params:	<none>
Headers:		Accept=*/*
				Content-Type=application/json; charset=UTF-8
Cookies:		<none>
Multiparts:		<none>
Body:
{
    "name": "양재역"
}

###### HTTP Request ######
POST /api/stations HTTP/1.1
authorization: Bearer eyJhbGciOiJIUzI1NiJ9.eyJzdWIiOiJlbWFpbEBlbWFpbC5jb20iLCJpYXQiOjE2MjI4MTU5NDYsImV4cCI6MTYyMjgxOTU0Nn0.KExJM-3_toP5oADYXEOeg_rIT7uiEJIYNwgiTeayRZE
accept: */*
content-type: application/json; charset=UTF-8
content-length: 20
host: localhost:57931
connection: Keep-Alive
user-agent: Apache-HttpClient/4.5.13 (Java/14.0.1)
accept-encoding: gzip,deflate


###### HTTP Response ######
HTTP/1.1 201 Created
Transfer-Encoding: chunked
Keep-Alive: timeout=60
Connection: keep-alive
Vary: Origin
Date: Fri, 04 Jun 2021 14:12:26 GMT
Location: /stations/2
Content-Type: application/json




HTTP/1.1 201 
Vary: Origin
Vary: Access-Control-Request-Method
Vary: Access-Control-Request-Headers
Location: /stations/2
Content-Type: application/json
Transfer-Encoding: chunked
Date: Fri, 04 Jun 2021 14:12:26 GMT
Keep-Alive: timeout=60
Connection: keep-alive

{
    "id": 2,
    "name": "양재역"
}

###### HTTP Request ######
POST /api/login/token HTTP/1.1
accept: */*
content-type: application/json; charset=UTF-8
content-length: 49
host: localhost:57931
connection: Keep-Alive
user-agent: Apache-HttpClient/4.5.13 (Java/14.0.1)
accept-encoding: gzip,deflate


###### HTTP Response ######
HTTP/1.1 200 OK
Transfer-Encoding: chunked
Keep-Alive: timeout=60
Connection: keep-alive
Vary: Origin
Date: Fri, 04 Jun 2021 14:12:26 GMT
Content-Type: application/json




Request method:	POST
Request URI:	http://localhost:57931/api/stations
Proxy:			<none>
Request params:	<none>
Query params:	<none>
Form params:	<none>
Path params:	<none>
Headers:		Accept=*/*
				Content-Type=application/json; charset=UTF-8
Cookies:		<none>
Multiparts:		<none>
Body:
{
    "name": "교대역"
}

###### HTTP Request ######
POST /api/stations HTTP/1.1
authorization: Bearer eyJhbGciOiJIUzI1NiJ9.eyJzdWIiOiJlbWFpbEBlbWFpbC5jb20iLCJpYXQiOjE2MjI4MTU5NDYsImV4cCI6MTYyMjgxOTU0Nn0.KExJM-3_toP5oADYXEOeg_rIT7uiEJIYNwgiTeayRZE
accept: */*
content-type: application/json; charset=UTF-8
content-length: 20
host: localhost:57931
connection: Keep-Alive
user-agent: Apache-HttpClient/4.5.13 (Java/14.0.1)
accept-encoding: gzip,deflate


###### HTTP Response ######
HTTP/1.1 201 Created
Transfer-Encoding: chunked
Keep-Alive: timeout=60
Connection: keep-alive
Vary: Origin
Date: Fri, 04 Jun 2021 14:12:26 GMT
Location: /stations/3
Content-Type: application/json




HTTP/1.1 201 
Vary: Origin
Vary: Access-Control-Request-Method
Vary: Access-Control-Request-Headers
Location: /stations/3
Content-Type: application/json
Transfer-Encoding: chunked
Date: Fri, 04 Jun 2021 14:12:26 GMT
Keep-Alive: timeout=60
Connection: keep-alive

{
    "id": 3,
    "name": "교대역"
}

###### HTTP Request ######
POST /api/login/token HTTP/1.1
accept: */*
content-type: application/json; charset=UTF-8
content-length: 49
host: localhost:57931
connection: Keep-Alive
user-agent: Apache-HttpClient/4.5.13 (Java/14.0.1)
accept-encoding: gzip,deflate


###### HTTP Response ######
HTTP/1.1 200 OK
Transfer-Encoding: chunked
Keep-Alive: timeout=60
Connection: keep-alive
Vary: Origin
Date: Fri, 04 Jun 2021 14:12:26 GMT
Content-Type: application/json




Request method:	POST
Request URI:	http://localhost:57931/api/stations
Proxy:			<none>
Request params:	<none>
Query params:	<none>
Form params:	<none>
Path params:	<none>
Headers:		Accept=*/*
				Content-Type=application/json; charset=UTF-8
Cookies:		<none>
Multiparts:		<none>
Body:
{
    "name": "남부터미널역"
}

###### HTTP Request ######
POST /api/stations HTTP/1.1
authorization: Bearer eyJhbGciOiJIUzI1NiJ9.eyJzdWIiOiJlbWFpbEBlbWFpbC5jb20iLCJpYXQiOjE2MjI4MTU5NDYsImV4cCI6MTYyMjgxOTU0Nn0.KExJM-3_toP5oADYXEOeg_rIT7uiEJIYNwgiTeayRZE
accept: */*
content-type: application/json; charset=UTF-8
content-length: 29
host: localhost:57931
connection: Keep-Alive
user-agent: Apache-HttpClient/4.5.13 (Java/14.0.1)
accept-encoding: gzip,deflate


###### HTTP Response ######
HTTP/1.1 201 Created
Transfer-Encoding: chunked
Keep-Alive: timeout=60
Connection: keep-alive
Vary: Origin
Date: Fri, 04 Jun 2021 14:12:26 GMT
Location: /stations/4
Content-Type: application/json




HTTP/1.1 201 
Vary: Origin
Vary: Access-Control-Request-Method
Vary: Access-Control-Request-Headers
Location: /stations/4
Content-Type: application/json
Transfer-Encoding: chunked
Date: Fri, 04 Jun 2021 14:12:26 GMT
Keep-Alive: timeout=60
Connection: keep-alive

{
    "id": 4,
    "name": "남부터미널역"
}

###### HTTP Request ######
POST /api/login/token HTTP/1.1
accept: */*
content-type: application/json; charset=UTF-8
content-length: 49
host: localhost:57931
connection: Keep-Alive
user-agent: Apache-HttpClient/4.5.13 (Java/14.0.1)
accept-encoding: gzip,deflate


###### HTTP Response ######
HTTP/1.1 200 OK
Transfer-Encoding: chunked
Keep-Alive: timeout=60
Connection: keep-alive
Vary: Origin
Date: Fri, 04 Jun 2021 14:12:26 GMT
Content-Type: application/json




Request method:	POST
Request URI:	http://localhost:57931/api/lines
Proxy:			<none>
Request params:	<none>
Query params:	<none>
Form params:	<none>
Path params:	<none>
Headers:		Accept=*/*
				Content-Type=application/json; charset=UTF-8
Cookies:		<none>
Multiparts:		<none>
Body:
{
    "name": "신분당선",
    "color": "bg-red-600",
    "upStationId": 1,
    "downStationId": 2,
    "distance": 10,
    "extraFare": 0
}

###### HTTP Request ######
POST /api/lines HTTP/1.1
authorization: Bearer eyJhbGciOiJIUzI1NiJ9.eyJzdWIiOiJlbWFpbEBlbWFpbC5jb20iLCJpYXQiOjE2MjI4MTU5NDYsImV4cCI6MTYyMjgxOTU0Nn0.KExJM-3_toP5oADYXEOeg_rIT7uiEJIYNwgiTeayRZE
accept: */*
content-type: application/json; charset=UTF-8
content-length: 106
host: localhost:57931
connection: Keep-Alive
user-agent: Apache-HttpClient/4.5.13 (Java/14.0.1)
accept-encoding: gzip,deflate


###### HTTP Response ######
HTTP/1.1 201 Created
Transfer-Encoding: chunked
Keep-Alive: timeout=60
Connection: keep-alive
Vary: Origin
Date: Fri, 04 Jun 2021 14:12:26 GMT
Location: /lines/1
Content-Type: application/json




HTTP/1.1 201 
Vary: Origin
Vary: Access-Control-Request-Method
Vary: Access-Control-Request-Headers
Location: /lines/1
Content-Type: application/json
Transfer-Encoding: chunked
Date: Fri, 04 Jun 2021 14:12:26 GMT
Keep-Alive: timeout=60
Connection: keep-alive

{
    "id": 1,
    "name": "신분당선",
    "color": "bg-red-600",
    "extraFare": 0,
    "stations": [
        {
            "id": 1,
            "name": "강남역"
        },
        {
            "id": 2,
            "name": "양재역"
        }
    ]
}

###### HTTP Request ######
POST /api/login/token HTTP/1.1
accept: */*
content-type: application/json; charset=UTF-8
content-length: 49
host: localhost:57931
connection: Keep-Alive
user-agent: Apache-HttpClient/4.5.13 (Java/14.0.1)
accept-encoding: gzip,deflate


###### HTTP Response ######
HTTP/1.1 200 OK
Transfer-Encoding: chunked
Keep-Alive: timeout=60
Connection: keep-alive
Vary: Origin
Date: Fri, 04 Jun 2021 14:12:26 GMT
Content-Type: application/json




Request method:	POST
Request URI:	http://localhost:57931/api/lines
Proxy:			<none>
Request params:	<none>
Query params:	<none>
Form params:	<none>
Path params:	<none>
Headers:		Accept=*/*
				Content-Type=application/json; charset=UTF-8
Cookies:		<none>
Multiparts:		<none>
Body:
{
    "name": "이호선",
    "color": "bg-red-600",
    "upStationId": 3,
    "downStationId": 1,
    "distance": 10,
    "extraFare": 0
}

###### HTTP Request ######
POST /api/lines HTTP/1.1
authorization: Bearer eyJhbGciOiJIUzI1NiJ9.eyJzdWIiOiJlbWFpbEBlbWFpbC5jb20iLCJpYXQiOjE2MjI4MTU5NDYsImV4cCI6MTYyMjgxOTU0Nn0.KExJM-3_toP5oADYXEOeg_rIT7uiEJIYNwgiTeayRZE
accept: */*
content-type: application/json; charset=UTF-8
content-length: 103
host: localhost:57931
connection: Keep-Alive
user-agent: Apache-HttpClient/4.5.13 (Java/14.0.1)
accept-encoding: gzip,deflate


###### HTTP Response ######
HTTP/1.1 201 Created
Transfer-Encoding: chunked
Keep-Alive: timeout=60
Connection: keep-alive
Vary: Origin
Date: Fri, 04 Jun 2021 14:12:26 GMT
Location: /lines/2
Content-Type: application/json




HTTP/1.1 201 
Vary: Origin
Vary: Access-Control-Request-Method
Vary: Access-Control-Request-Headers
Location: /lines/2
Content-Type: application/json
Transfer-Encoding: chunked
Date: Fri, 04 Jun 2021 14:12:26 GMT
Keep-Alive: timeout=60
Connection: keep-alive

{
    "id": 2,
    "name": "이호선",
    "color": "bg-red-600",
    "extraFare": 0,
    "stations": [
        {
            "id": 3,
            "name": "교대역"
        },
        {
            "id": 1,
            "name": "강남역"
        }
    ]
}

###### HTTP Request ######
POST /api/login/token HTTP/1.1
accept: */*
content-type: application/json; charset=UTF-8
content-length: 49
host: localhost:57931
connection: Keep-Alive
user-agent: Apache-HttpClient/4.5.13 (Java/14.0.1)
accept-encoding: gzip,deflate


###### HTTP Response ######
HTTP/1.1 200 OK
Transfer-Encoding: chunked
Keep-Alive: timeout=60
Connection: keep-alive
Vary: Origin
Date: Fri, 04 Jun 2021 14:12:26 GMT
Content-Type: application/json




Request method:	POST
Request URI:	http://localhost:57931/api/lines
Proxy:			<none>
Request params:	<none>
Query params:	<none>
Form params:	<none>
Path params:	<none>
Headers:		Accept=*/*
				Content-Type=application/json; charset=UTF-8
Cookies:		<none>
Multiparts:		<none>
Body:
{
    "name": "삼호선",
    "color": "bg-red-600",
    "upStationId": 3,
    "downStationId": 2,
    "distance": 5,
    "extraFare": 0
}

###### HTTP Request ######
POST /api/lines HTTP/1.1
authorization: Bearer eyJhbGciOiJIUzI1NiJ9.eyJzdWIiOiJlbWFpbEBlbWFpbC5jb20iLCJpYXQiOjE2MjI4MTU5NDYsImV4cCI6MTYyMjgxOTU0Nn0.KExJM-3_toP5oADYXEOeg_rIT7uiEJIYNwgiTeayRZE
accept: */*
content-type: application/json; charset=UTF-8
content-length: 102
host: localhost:57931
connection: Keep-Alive
user-agent: Apache-HttpClient/4.5.13 (Java/14.0.1)
accept-encoding: gzip,deflate


###### HTTP Response ######
HTTP/1.1 201 Created
Transfer-Encoding: chunked
Keep-Alive: timeout=60
Connection: keep-alive
Vary: Origin
Date: Fri, 04 Jun 2021 14:12:26 GMT
Location: /lines/3
Content-Type: application/json




HTTP/1.1 201 
Vary: Origin
Vary: Access-Control-Request-Method
Vary: Access-Control-Request-Headers
Location: /lines/3
Content-Type: application/json
Transfer-Encoding: chunked
Date: Fri, 04 Jun 2021 14:12:26 GMT
Keep-Alive: timeout=60
Connection: keep-alive

{
    "id": 3,
    "name": "삼호선",
    "color": "bg-red-600",
    "extraFare": 0,
    "stations": [
        {
            "id": 3,
            "name": "교대역"
        },
        {
            "id": 2,
            "name": "양재역"
        }
    ]
}

###### HTTP Request ######
POST /api/login/token HTTP/1.1
accept: */*
content-type: application/json; charset=UTF-8
content-length: 49
host: localhost:57931
connection: Keep-Alive
user-agent: Apache-HttpClient/4.5.13 (Java/14.0.1)
accept-encoding: gzip,deflate


###### HTTP Response ######
HTTP/1.1 200 OK
Transfer-Encoding: chunked
Keep-Alive: timeout=60
Connection: keep-alive
Vary: Origin
Date: Fri, 04 Jun 2021 14:12:26 GMT
Content-Type: application/json




Request method:	POST
Request URI:	http://localhost:57931/api/lines/3/sections
Proxy:			<none>
Request params:	<none>
Query params:	<none>
Form params:	<none>
Path params:	<none>
Headers:		Accept=*/*
				Content-Type=application/json; charset=UTF-8
Cookies:		<none>
Multiparts:		<none>
Body:
{
    "upStationId": 3,
    "downStationId": 4,
    "distance": 3
}

###### HTTP Request ######
POST /api/lines/3/sections HTTP/1.1
authorization: Bearer eyJhbGciOiJIUzI1NiJ9.eyJzdWIiOiJlbWFpbEBlbWFpbC5jb20iLCJpYXQiOjE2MjI4MTU5NDYsImV4cCI6MTYyMjgxOTU0Nn0.KExJM-3_toP5oADYXEOeg_rIT7uiEJIYNwgiTeayRZE
accept: */*
content-type: application/json; charset=UTF-8
content-length: 48
host: localhost:57931
connection: Keep-Alive
user-agent: Apache-HttpClient/4.5.13 (Java/14.0.1)
accept-encoding: gzip,deflate


###### HTTP Response ######
HTTP/1.1 201 Created
Keep-Alive: timeout=60
Connection: keep-alive
Vary: Origin
Content-Length: 0
Date: Fri, 04 Jun 2021 14:12:26 GMT




HTTP/1.1 201 
Vary: Origin
Vary: Access-Control-Request-Method
Vary: Access-Control-Request-Headers
Content-Length: 0
Date: Fri, 04 Jun 2021 14:12:26 GMT
Keep-Alive: timeout=60
Connection: keep-alive

###### HTTP Request ######
POST /api/login/token HTTP/1.1
accept: */*
content-type: application/json; charset=UTF-8
content-length: 49
host: localhost:57931
connection: Keep-Alive
user-agent: Apache-HttpClient/4.5.13 (Java/14.0.1)
accept-encoding: gzip,deflate


###### HTTP Response ######
HTTP/1.1 200 OK
Transfer-Encoding: chunked
Keep-Alive: timeout=60
Connection: keep-alive
Vary: Origin
Date: Fri, 04 Jun 2021 14:12:26 GMT
Content-Type: application/json




Request method:	GET
Request URI:	http://localhost:57931/api/paths?source=3&target=2
Proxy:			<none>
Request params:	<none>
Query params:	<none>
Form params:	<none>
Path params:	<none>
Headers:		Accept=application/json
Cookies:		<none>
Multiparts:		<none>
Body:			<none>

###### HTTP Request ######
GET /api/paths?source=3&target=2 HTTP/1.1
authorization: Bearer eyJhbGciOiJIUzI1NiJ9.eyJzdWIiOiJlbWFpbEBlbWFpbC5jb20iLCJpYXQiOjE2MjI4MTU5NDYsImV4cCI6MTYyMjgxOTU0Nn0.KExJM-3_toP5oADYXEOeg_rIT7uiEJIYNwgiTeayRZE
accept: application/json
host: localhost:57931
connection: Keep-Alive
user-agent: Apache-HttpClient/4.5.13 (Java/14.0.1)
accept-encoding: gzip,deflate


###### HTTP Response ######
HTTP/1.1 200 OK
Transfer-Encoding: chunked
Keep-Alive: timeout=60
Connection: keep-alive
Vary: Origin
Date: Fri, 04 Jun 2021 14:12:26 GMT
Content-Type: application/json




HTTP/1.1 200 
Vary: Origin
Vary: Access-Control-Request-Method
Vary: Access-Control-Request-Headers
Content-Type: application/json
Transfer-Encoding: chunked
Date: Fri, 04 Jun 2021 14:12:26 GMT
Keep-Alive: timeout=60
Connection: keep-alive

{
    "stations": [
        {
            "id": 3,
            "name": "교대역"
        },
        {
            "id": 4,
            "name": "남부터미널역"
        },
        {
            "id": 2,
            "name": "양재역"
        }
    ],
    "distance": 5,
    "fare": 1250
}

###### HTTP Request ######
POST /api/login/token HTTP/1.1
accept: */*
content-type: application/json; charset=UTF-8
content-length: 49
host: localhost:57931
connection: Keep-Alive
user-agent: Apache-HttpClient/4.5.13 (Java/14.0.1)
accept-encoding: gzip,deflate


###### HTTP Response ######
HTTP/1.1 200 OK
Transfer-Encoding: chunked
Keep-Alive: timeout=60
Connection: keep-alive
Vary: Origin
Date: Fri, 04 Jun 2021 14:12:26 GMT
Content-Type: application/json




Request method:	GET
Request URI:	http://localhost:57931/api/paths?source=1&target=4
Proxy:			<none>
Request params:	<none>
Query params:	<none>
Form params:	<none>
Path params:	<none>
Headers:		Accept=application/json
Cookies:		<none>
Multiparts:		<none>
Body:			<none>

###### HTTP Request ######
GET /api/paths?source=1&target=4 HTTP/1.1
authorization: Bearer eyJhbGciOiJIUzI1NiJ9.eyJzdWIiOiJlbWFpbEBlbWFpbC5jb20iLCJpYXQiOjE2MjI4MTU5NDcsImV4cCI6MTYyMjgxOTU0N30.WrPoNXIYHUBJLK2oZ0QJhEnwqbtbhymWZcm1wgtizhU
accept: application/json
host: localhost:57931
connection: Keep-Alive
user-agent: Apache-HttpClient/4.5.13 (Java/14.0.1)
accept-encoding: gzip,deflate


###### HTTP Response ######
HTTP/1.1 200 OK
Transfer-Encoding: chunked
Keep-Alive: timeout=60
Connection: keep-alive
Vary: Origin
Date: Fri, 04 Jun 2021 14:12:26 GMT
Content-Type: application/json




HTTP/1.1 200 
Vary: Origin
Vary: Access-Control-Request-Method
Vary: Access-Control-Request-Headers
Content-Type: application/json
Transfer-Encoding: chunked
Date: Fri, 04 Jun 2021 14:12:26 GMT
Keep-Alive: timeout=60
Connection: keep-alive

{
    "stations": [
        {
            "id": 1,
            "name": "강남역"
        },
        {
            "id": 2,
            "name": "양재역"
        },
        {
            "id": 4,
            "name": "남부터미널역"
        }
    ],
    "distance": 12,
    "fare": 1350
}
2021-06-04 23:12:27.175  INFO 48164 --- [    Test worker] o.s.s.concurrent.ThreadPoolTaskExecutor  : Shutting down ExecutorService 'applicationTaskExecutor'
2021-06-04 23:12:27.176  INFO 48164 --- [    Test worker] com.zaxxer.hikari.HikariDataSource       : HikariPool-29 - Shutdown initiated...
2021-06-04 23:12:27.177  INFO 48164 --- [    Test worker] com.zaxxer.hikari.HikariDataSource       : HikariPool-29 - Shutdown completed.

  .   ____          _            __ _ _
 /\\ / ___'_ __ _ _(_)_ __  __ _ \ \ \ \
( ( )\___ | '_ | '_| | '_ \/ _` | \ \ \ \
 \\/  ___)| |_)| | | | | || (_| |  ) ) ) )
  '  |____| .__|_| |_|_| |_\__, | / / / /
 =========|_|==============|___/=/_/_/_/
 :: Spring Boot ::                (v2.4.3)

2021-06-04 23:12:27.194  INFO 48164 --- [    Test worker] wooteco.subway.path.PathAcceptanceTest   : Starting PathAcceptanceTest using Java 14.0.1 on Hyeon9makui-MacBook-Pro.local with PID 48164 (started by hyeon9mak in /Users/hyeon9mak/Documents/GitHub/atdd-subway-fare)
2021-06-04 23:12:27.194  INFO 48164 --- [    Test worker] wooteco.subway.path.PathAcceptanceTest   : The following profiles are active: test
2021-06-04 23:12:27.341  INFO 48164 --- [    Test worker] trationDelegate$BeanPostProcessorChecker : Bean 'pl.allegro.tech.boot.autoconfigure.handlebars.HandlebarsHelpersAutoConfiguration' of type [pl.allegro.tech.boot.autoconfigure.handlebars.HandlebarsHelpersAutoConfiguration$$EnhancerBySpringCGLIB$$3bd2ee05] is not eligible for getting processed by all BeanPostProcessors (for example: not eligible for auto-proxying)
2021-06-04 23:12:27.361  INFO 48164 --- [    Test worker] trationDelegate$BeanPostProcessorChecker : Bean 'handlebars.resolver-pl.allegro.tech.boot.autoconfigure.handlebars.HandlebarsValueResolversProperties' of type [pl.allegro.tech.boot.autoconfigure.handlebars.HandlebarsValueResolversProperties] is not eligible for getting processed by all BeanPostProcessors (for example: not eligible for auto-proxying)
2021-06-04 23:12:27.364  INFO 48164 --- [    Test worker] trationDelegate$BeanPostProcessorChecker : Bean 'handlebars-pl.allegro.tech.boot.autoconfigure.handlebars.HandlebarsProperties' of type [pl.allegro.tech.boot.autoconfigure.handlebars.HandlebarsProperties] is not eligible for getting processed by all BeanPostProcessors (for example: not eligible for auto-proxying)
2021-06-04 23:12:27.364  INFO 48164 --- [    Test worker] trationDelegate$BeanPostProcessorChecker : Bean 'pl.allegro.tech.boot.autoconfigure.handlebars.HandlebarsAutoConfiguration$HandlebarsViewResolverConfiguration' of type [pl.allegro.tech.boot.autoconfigure.handlebars.HandlebarsAutoConfiguration$HandlebarsViewResolverConfiguration$$EnhancerBySpringCGLIB$$4eba18a3] is not eligible for getting processed by all BeanPostProcessors (for example: not eligible for auto-proxying)
2021-06-04 23:12:27.371  INFO 48164 --- [    Test worker] trationDelegate$BeanPostProcessorChecker : Bean 'handlebarsViewResolver' of type [com.github.jknack.handlebars.springmvc.HandlebarsViewResolver] is not eligible for getting processed by all BeanPostProcessors (for example: not eligible for auto-proxying)
2021-06-04 23:12:27.425  INFO 48164 --- [    Test worker] o.s.b.w.embedded.tomcat.TomcatWebServer  : Tomcat initialized with port(s): 0 (http)
2021-06-04 23:12:27.426  INFO 48164 --- [    Test worker] o.apache.catalina.core.StandardService   : Starting service [Tomcat]
2021-06-04 23:12:27.426  INFO 48164 --- [    Test worker] org.apache.catalina.core.StandardEngine  : Starting Servlet engine: [Apache Tomcat/9.0.43]
2021-06-04 23:12:27.439  INFO 48164 --- [    Test worker] o.a.c.c.C.[Tomcat].[localhost].[/]       : Initializing Spring embedded WebApplicationContext
2021-06-04 23:12:27.439  INFO 48164 --- [    Test worker] w.s.c.ServletWebServerApplicationContext : Root WebApplicationContext: initialization completed in 243 ms
2021-06-04 23:12:27.472  INFO 48164 --- [    Test worker] com.zaxxer.hikari.HikariDataSource       : HikariPool-30 - Starting...
2021-06-04 23:12:27.474  INFO 48164 --- [    Test worker] com.zaxxer.hikari.HikariDataSource       : HikariPool-30 - Start completed.
2021-06-04 23:12:27.477  INFO 48164 --- [    Test worker] o.s.b.a.h2.H2ConsoleAutoConfiguration    : H2 console available at '/h2-console'. Database available at 'jdbc:h2:mem:testdb'
2021-06-04 23:12:27.535  INFO 48164 --- [    Test worker] n.r.s.b.l.access.LogbackAccessContext    : Configured the Logback-access: context=[default], config=[classpath:logback-access.xml]
2021-06-04 23:12:27.652  INFO 48164 --- [    Test worker] o.s.s.concurrent.ThreadPoolTaskExecutor  : Initializing ExecutorService 'applicationTaskExecutor'
2021-06-04 23:12:27.674  INFO 48164 --- [    Test worker] o.s.b.a.w.s.WelcomePageHandlerMapping    : Adding welcome page template: index
2021-06-04 23:12:27.772  INFO 48164 --- [    Test worker] o.s.b.w.embedded.tomcat.TomcatWebServer  : Tomcat started on port(s): 57954 (http) with context path ''
2021-06-04 23:12:27.775  INFO 48164 --- [    Test worker] wooteco.subway.path.PathAcceptanceTest   : Started PathAcceptanceTest in 0.596 seconds (JVM running for 30.77)
Request method:	POST
Request URI:	http://localhost:57954/api/members
Proxy:			<none>
Request params:	<none>
Query params:	<none>
Form params:	<none>
Path params:	<none>
Headers:		Accept=*/*
				Content-Type=application/json; charset=UTF-8
Cookies:		<none>
Multiparts:		<none>
Body:
{
    "email": "email@email.com",
    "password": "password",
    "age": 20
}
2021-06-04 23:12:27.790  INFO 48164 --- [-auto-30-exec-1] o.a.c.c.C.[Tomcat].[localhost].[/]       : Initializing Spring DispatcherServlet 'dispatcherServlet'
2021-06-04 23:12:27.790  INFO 48164 --- [-auto-30-exec-1] o.s.web.servlet.DispatcherServlet        : Initializing Servlet 'dispatcherServlet'
2021-06-04 23:12:27.790  INFO 48164 --- [-auto-30-exec-1] o.s.web.servlet.DispatcherServlet        : Completed initialization in 0 ms

###### HTTP Request ######
POST /api/members HTTP/1.1
accept: */*
content-type: application/json; charset=UTF-8
content-length: 58
host: localhost:57954
connection: Keep-Alive
user-agent: Apache-HttpClient/4.5.13 (Java/14.0.1)
accept-encoding: gzip,deflate


###### HTTP Response ######
HTTP/1.1 201 Created
Keep-Alive: timeout=60
Connection: keep-alive
Vary: Origin
Content-Length: 0
Date: Fri, 04 Jun 2021 14:12:27 GMT
Location: /members/1




HTTP/1.1 201 
Vary: Origin
Vary: Access-Control-Request-Method
Vary: Access-Control-Request-Headers
Location: /members/1
Content-Length: 0
Date: Fri, 04 Jun 2021 14:12:27 GMT
Keep-Alive: timeout=60
Connection: keep-alive

###### HTTP Request ######
POST /api/login/token HTTP/1.1
accept: */*
content-type: application/json; charset=UTF-8
content-length: 49
host: localhost:57954
connection: Keep-Alive
user-agent: Apache-HttpClient/4.5.13 (Java/14.0.1)
accept-encoding: gzip,deflate


###### HTTP Response ######
HTTP/1.1 200 OK
Transfer-Encoding: chunked
Keep-Alive: timeout=60
Connection: keep-alive
Vary: Origin
Date: Fri, 04 Jun 2021 14:12:27 GMT
Content-Type: application/json




Request method:	POST
Request URI:	http://localhost:57954/api/stations
Proxy:			<none>
Request params:	<none>
Query params:	<none>
Form params:	<none>
Path params:	<none>
Headers:		Accept=*/*
				Content-Type=application/json; charset=UTF-8
Cookies:		<none>
Multiparts:		<none>
Body:
{
    "name": "강남역"
}

###### HTTP Request ######
POST /api/stations HTTP/1.1
authorization: Bearer eyJhbGciOiJIUzI1NiJ9.eyJzdWIiOiJlbWFpbEBlbWFpbC5jb20iLCJpYXQiOjE2MjI4MTU5NDcsImV4cCI6MTYyMjgxOTU0N30.WrPoNXIYHUBJLK2oZ0QJhEnwqbtbhymWZcm1wgtizhU
accept: */*
content-type: application/json; charset=UTF-8
content-length: 20
host: localhost:57954
connection: Keep-Alive
user-agent: Apache-HttpClient/4.5.13 (Java/14.0.1)
accept-encoding: gzip,deflate


###### HTTP Response ######
HTTP/1.1 201 Created
Transfer-Encoding: chunked
Keep-Alive: timeout=60
Connection: keep-alive
Vary: Origin
Date: Fri, 04 Jun 2021 14:12:27 GMT
Location: /stations/1
Content-Type: application/json




HTTP/1.1 201 
Vary: Origin
Vary: Access-Control-Request-Method
Vary: Access-Control-Request-Headers
Location: /stations/1
Content-Type: application/json
Transfer-Encoding: chunked
Date: Fri, 04 Jun 2021 14:12:27 GMT
Keep-Alive: timeout=60
Connection: keep-alive

{
    "id": 1,
    "name": "강남역"
}

###### HTTP Request ######
POST /api/login/token HTTP/1.1
accept: */*
content-type: application/json; charset=UTF-8
content-length: 49
host: localhost:57954
connection: Keep-Alive
user-agent: Apache-HttpClient/4.5.13 (Java/14.0.1)
accept-encoding: gzip,deflate


###### HTTP Response ######
HTTP/1.1 200 OK
Transfer-Encoding: chunked
Keep-Alive: timeout=60
Connection: keep-alive
Vary: Origin
Date: Fri, 04 Jun 2021 14:12:27 GMT
Content-Type: application/json




Request method:	POST
Request URI:	http://localhost:57954/api/stations
Proxy:			<none>
Request params:	<none>
Query params:	<none>
Form params:	<none>
Path params:	<none>
Headers:		Accept=*/*
				Content-Type=application/json; charset=UTF-8
Cookies:		<none>
Multiparts:		<none>
Body:
{
    "name": "양재역"
}

###### HTTP Request ######
POST /api/stations HTTP/1.1
authorization: Bearer eyJhbGciOiJIUzI1NiJ9.eyJzdWIiOiJlbWFpbEBlbWFpbC5jb20iLCJpYXQiOjE2MjI4MTU5NDcsImV4cCI6MTYyMjgxOTU0N30.WrPoNXIYHUBJLK2oZ0QJhEnwqbtbhymWZcm1wgtizhU
accept: */*
content-type: application/json; charset=UTF-8
content-length: 20
host: localhost:57954
connection: Keep-Alive
user-agent: Apache-HttpClient/4.5.13 (Java/14.0.1)
accept-encoding: gzip,deflate


###### HTTP Response ######
HTTP/1.1 201 Created
Transfer-Encoding: chunked
Keep-Alive: timeout=60
Connection: keep-alive
Vary: Origin
Date: Fri, 04 Jun 2021 14:12:27 GMT
Location: /stations/2
Content-Type: application/json




HTTP/1.1 201 
Vary: Origin
Vary: Access-Control-Request-Method
Vary: Access-Control-Request-Headers
Location: /stations/2
Content-Type: application/json
Transfer-Encoding: chunked
Date: Fri, 04 Jun 2021 14:12:27 GMT
Keep-Alive: timeout=60
Connection: keep-alive

{
    "id": 2,
    "name": "양재역"
}

###### HTTP Request ######
POST /api/login/token HTTP/1.1
accept: */*
content-type: application/json; charset=UTF-8
content-length: 49
host: localhost:57954
connection: Keep-Alive
user-agent: Apache-HttpClient/4.5.13 (Java/14.0.1)
accept-encoding: gzip,deflate


###### HTTP Response ######
HTTP/1.1 200 OK
Transfer-Encoding: chunked
Keep-Alive: timeout=60
Connection: keep-alive
Vary: Origin
Date: Fri, 04 Jun 2021 14:12:27 GMT
Content-Type: application/json




Request method:	POST
Request URI:	http://localhost:57954/api/stations
Proxy:			<none>
Request params:	<none>
Query params:	<none>
Form params:	<none>
Path params:	<none>
Headers:		Accept=*/*
				Content-Type=application/json; charset=UTF-8
Cookies:		<none>
Multiparts:		<none>
Body:
{
    "name": "교대역"
}

###### HTTP Request ######
POST /api/stations HTTP/1.1
authorization: Bearer eyJhbGciOiJIUzI1NiJ9.eyJzdWIiOiJlbWFpbEBlbWFpbC5jb20iLCJpYXQiOjE2MjI4MTU5NDcsImV4cCI6MTYyMjgxOTU0N30.WrPoNXIYHUBJLK2oZ0QJhEnwqbtbhymWZcm1wgtizhU
accept: */*
content-type: application/json; charset=UTF-8
content-length: 20
host: localhost:57954
connection: Keep-Alive
user-agent: Apache-HttpClient/4.5.13 (Java/14.0.1)
accept-encoding: gzip,deflate


###### HTTP Response ######
HTTP/1.1 201 Created
Transfer-Encoding: chunked
Keep-Alive: timeout=60
Connection: keep-alive
Vary: Origin
Date: Fri, 04 Jun 2021 14:12:27 GMT
Location: /stations/3
Content-Type: application/json




HTTP/1.1 201 
Vary: Origin
Vary: Access-Control-Request-Method
Vary: Access-Control-Request-Headers
Location: /stations/3
Content-Type: application/json
Transfer-Encoding: chunked
Date: Fri, 04 Jun 2021 14:12:27 GMT
Keep-Alive: timeout=60
Connection: keep-alive

{
    "id": 3,
    "name": "교대역"
}

###### HTTP Request ######
POST /api/login/token HTTP/1.1
accept: */*
content-type: application/json; charset=UTF-8
content-length: 49
host: localhost:57954
connection: Keep-Alive
user-agent: Apache-HttpClient/4.5.13 (Java/14.0.1)
accept-encoding: gzip,deflate


###### HTTP Response ######
HTTP/1.1 200 OK
Transfer-Encoding: chunked
Keep-Alive: timeout=60
Connection: keep-alive
Vary: Origin
Date: Fri, 04 Jun 2021 14:12:27 GMT
Content-Type: application/json




Request method:	POST
Request URI:	http://localhost:57954/api/stations
Proxy:			<none>
Request params:	<none>
Query params:	<none>
Form params:	<none>
Path params:	<none>
Headers:		Accept=*/*
				Content-Type=application/json; charset=UTF-8
Cookies:		<none>
Multiparts:		<none>
Body:
{
    "name": "남부터미널역"
}

###### HTTP Request ######
POST /api/stations HTTP/1.1
authorization: Bearer eyJhbGciOiJIUzI1NiJ9.eyJzdWIiOiJlbWFpbEBlbWFpbC5jb20iLCJpYXQiOjE2MjI4MTU5NDcsImV4cCI6MTYyMjgxOTU0N30.WrPoNXIYHUBJLK2oZ0QJhEnwqbtbhymWZcm1wgtizhU
accept: */*
content-type: application/json; charset=UTF-8
content-length: 29
host: localhost:57954
connection: Keep-Alive
user-agent: Apache-HttpClient/4.5.13 (Java/14.0.1)
accept-encoding: gzip,deflate


###### HTTP Response ######
HTTP/1.1 201 Created
Transfer-Encoding: chunked
Keep-Alive: timeout=60
Connection: keep-alive
Vary: Origin
Date: Fri, 04 Jun 2021 14:12:27 GMT
Location: /stations/4
Content-Type: application/json




HTTP/1.1 201 
Vary: Origin
Vary: Access-Control-Request-Method
Vary: Access-Control-Request-Headers
Location: /stations/4
Content-Type: application/json
Transfer-Encoding: chunked
Date: Fri, 04 Jun 2021 14:12:27 GMT
Keep-Alive: timeout=60
Connection: keep-alive

{
    "id": 4,
    "name": "남부터미널역"
}

###### HTTP Request ######
POST /api/login/token HTTP/1.1
accept: */*
content-type: application/json; charset=UTF-8
content-length: 49
host: localhost:57954
connection: Keep-Alive
user-agent: Apache-HttpClient/4.5.13 (Java/14.0.1)
accept-encoding: gzip,deflate


###### HTTP Response ######
HTTP/1.1 200 OK
Transfer-Encoding: chunked
Keep-Alive: timeout=60
Connection: keep-alive
Vary: Origin
Date: Fri, 04 Jun 2021 14:12:27 GMT
Content-Type: application/json




Request method:	POST
Request URI:	http://localhost:57954/api/lines
Proxy:			<none>
Request params:	<none>
Query params:	<none>
Form params:	<none>
Path params:	<none>
Headers:		Accept=*/*
				Content-Type=application/json; charset=UTF-8
Cookies:		<none>
Multiparts:		<none>
Body:
{
    "name": "신분당선",
    "color": "bg-red-600",
    "upStationId": 1,
    "downStationId": 2,
    "distance": 10,
    "extraFare": 0
}

###### HTTP Request ######
POST /api/lines HTTP/1.1
authorization: Bearer eyJhbGciOiJIUzI1NiJ9.eyJzdWIiOiJlbWFpbEBlbWFpbC5jb20iLCJpYXQiOjE2MjI4MTU5NDcsImV4cCI6MTYyMjgxOTU0N30.WrPoNXIYHUBJLK2oZ0QJhEnwqbtbhymWZcm1wgtizhU
accept: */*
content-type: application/json; charset=UTF-8
content-length: 106
host: localhost:57954
connection: Keep-Alive
user-agent: Apache-HttpClient/4.5.13 (Java/14.0.1)
accept-encoding: gzip,deflate


###### HTTP Response ######
HTTP/1.1 201 Created
Transfer-Encoding: chunked
Keep-Alive: timeout=60
Connection: keep-alive
Vary: Origin
Date: Fri, 04 Jun 2021 14:12:27 GMT
Location: /lines/1
Content-Type: application/json




HTTP/1.1 201 
Vary: Origin
Vary: Access-Control-Request-Method
Vary: Access-Control-Request-Headers
Location: /lines/1
Content-Type: application/json
Transfer-Encoding: chunked
Date: Fri, 04 Jun 2021 14:12:27 GMT
Keep-Alive: timeout=60
Connection: keep-alive

{
    "id": 1,
    "name": "신분당선",
    "color": "bg-red-600",
    "extraFare": 0,
    "stations": [
        {
            "id": 1,
            "name": "강남역"
        },
        {
            "id": 2,
            "name": "양재역"
        }
    ]
}

###### HTTP Request ######
POST /api/login/token HTTP/1.1
accept: */*
content-type: application/json; charset=UTF-8
content-length: 49
host: localhost:57954
connection: Keep-Alive
user-agent: Apache-HttpClient/4.5.13 (Java/14.0.1)
accept-encoding: gzip,deflate


###### HTTP Response ######
HTTP/1.1 200 OK
Transfer-Encoding: chunked
Keep-Alive: timeout=60
Connection: keep-alive
Vary: Origin
Date: Fri, 04 Jun 2021 14:12:27 GMT
Content-Type: application/json




Request method:	POST
Request URI:	http://localhost:57954/api/lines
Proxy:			<none>
Request params:	<none>
Query params:	<none>
Form params:	<none>
Path params:	<none>
Headers:		Accept=*/*
				Content-Type=application/json; charset=UTF-8
Cookies:		<none>
Multiparts:		<none>
Body:
{
    "name": "이호선",
    "color": "bg-red-600",
    "upStationId": 3,
    "downStationId": 1,
    "distance": 10,
    "extraFare": 0
}

###### HTTP Request ######
POST /api/lines HTTP/1.1
authorization: Bearer eyJhbGciOiJIUzI1NiJ9.eyJzdWIiOiJlbWFpbEBlbWFpbC5jb20iLCJpYXQiOjE2MjI4MTU5NDcsImV4cCI6MTYyMjgxOTU0N30.WrPoNXIYHUBJLK2oZ0QJhEnwqbtbhymWZcm1wgtizhU
accept: */*
content-type: application/json; charset=UTF-8
content-length: 103
host: localhost:57954
connection: Keep-Alive
user-agent: Apache-HttpClient/4.5.13 (Java/14.0.1)
accept-encoding: gzip,deflate


###### HTTP Response ######
HTTP/1.1 201 Created
Transfer-Encoding: chunked
Keep-Alive: timeout=60
Connection: keep-alive
Vary: Origin
Date: Fri, 04 Jun 2021 14:12:27 GMT
Location: /lines/2
Content-Type: application/json




HTTP/1.1 201 
Vary: Origin
Vary: Access-Control-Request-Method
Vary: Access-Control-Request-Headers
Location: /lines/2
Content-Type: application/json
Transfer-Encoding: chunked
Date: Fri, 04 Jun 2021 14:12:27 GMT
Keep-Alive: timeout=60
Connection: keep-alive

{
    "id": 2,
    "name": "이호선",
    "color": "bg-red-600",
    "extraFare": 0,
    "stations": [
        {
            "id": 3,
            "name": "교대역"
        },
        {
            "id": 1,
            "name": "강남역"
        }
    ]
}

###### HTTP Request ######
POST /api/login/token HTTP/1.1
accept: */*
content-type: application/json; charset=UTF-8
content-length: 49
host: localhost:57954
connection: Keep-Alive
user-agent: Apache-HttpClient/4.5.13 (Java/14.0.1)
accept-encoding: gzip,deflate


###### HTTP Response ######
HTTP/1.1 200 OK
Transfer-Encoding: chunked
Keep-Alive: timeout=60
Connection: keep-alive
Vary: Origin
Date: Fri, 04 Jun 2021 14:12:27 GMT
Content-Type: application/json




Request method:	POST
Request URI:	http://localhost:57954/api/lines
Proxy:			<none>
Request params:	<none>
Query params:	<none>
Form params:	<none>
Path params:	<none>
Headers:		Accept=*/*
				Content-Type=application/json; charset=UTF-8
Cookies:		<none>
Multiparts:		<none>
Body:
{
    "name": "삼호선",
    "color": "bg-red-600",
    "upStationId": 3,
    "downStationId": 2,
    "distance": 5,
    "extraFare": 0
}

###### HTTP Request ######
POST /api/lines HTTP/1.1
authorization: Bearer eyJhbGciOiJIUzI1NiJ9.eyJzdWIiOiJlbWFpbEBlbWFpbC5jb20iLCJpYXQiOjE2MjI4MTU5NDgsImV4cCI6MTYyMjgxOTU0OH0.x6MNk111CCkRjNEIeT041Uef7jsw4-08x8uufr0SFkc
accept: */*
content-type: application/json; charset=UTF-8
content-length: 102
host: localhost:57954
connection: Keep-Alive
user-agent: Apache-HttpClient/4.5.13 (Java/14.0.1)
accept-encoding: gzip,deflate


###### HTTP Response ######
HTTP/1.1 201 Created
Transfer-Encoding: chunked
Keep-Alive: timeout=60
Connection: keep-alive
Vary: Origin
Date: Fri, 04 Jun 2021 14:12:27 GMT
Location: /lines/3
Content-Type: application/json




HTTP/1.1 201 
Vary: Origin
Vary: Access-Control-Request-Method
Vary: Access-Control-Request-Headers
Location: /lines/3
Content-Type: application/json
Transfer-Encoding: chunked
Date: Fri, 04 Jun 2021 14:12:27 GMT
Keep-Alive: timeout=60
Connection: keep-alive

{
    "id": 3,
    "name": "삼호선",
    "color": "bg-red-600",
    "extraFare": 0,
    "stations": [
        {
            "id": 3,
            "name": "교대역"
        },
        {
            "id": 2,
            "name": "양재역"
        }
    ]
}

###### HTTP Request ######
POST /api/login/token HTTP/1.1
accept: */*
content-type: application/json; charset=UTF-8
content-length: 49
host: localhost:57954
connection: Keep-Alive
user-agent: Apache-HttpClient/4.5.13 (Java/14.0.1)
accept-encoding: gzip,deflate


###### HTTP Response ######
HTTP/1.1 200 OK
Transfer-Encoding: chunked
Keep-Alive: timeout=60
Connection: keep-alive
Vary: Origin
Date: Fri, 04 Jun 2021 14:12:27 GMT
Content-Type: application/json




Request method:	POST
Request URI:	http://localhost:57954/api/lines/3/sections
Proxy:			<none>
Request params:	<none>
Query params:	<none>
Form params:	<none>
Path params:	<none>
Headers:		Accept=*/*
				Content-Type=application/json; charset=UTF-8
Cookies:		<none>
Multiparts:		<none>
Body:
{
    "upStationId": 3,
    "downStationId": 4,
    "distance": 3
}

###### HTTP Request ######
POST /api/lines/3/sections HTTP/1.1
authorization: Bearer eyJhbGciOiJIUzI1NiJ9.eyJzdWIiOiJlbWFpbEBlbWFpbC5jb20iLCJpYXQiOjE2MjI4MTU5NDgsImV4cCI6MTYyMjgxOTU0OH0.x6MNk111CCkRjNEIeT041Uef7jsw4-08x8uufr0SFkc
accept: */*
content-type: application/json; charset=UTF-8
content-length: 48
host: localhost:57954
connection: Keep-Alive
user-agent: Apache-HttpClient/4.5.13 (Java/14.0.1)
accept-encoding: gzip,deflate


###### HTTP Response ######
HTTP/1.1 201 Created
Keep-Alive: timeout=60
Connection: keep-alive
Vary: Origin
Content-Length: 0
Date: Fri, 04 Jun 2021 14:12:27 GMT




HTTP/1.1 201 
Vary: Origin
Vary: Access-Control-Request-Method
Vary: Access-Control-Request-Headers
Content-Length: 0
Date: Fri, 04 Jun 2021 14:12:27 GMT
Keep-Alive: timeout=60
Connection: keep-alive

###### HTTP Request ######
POST /api/login/token HTTP/1.1
accept: */*
content-type: application/json; charset=UTF-8
content-length: 49
host: localhost:57954
connection: Keep-Alive
user-agent: Apache-HttpClient/4.5.13 (Java/14.0.1)
accept-encoding: gzip,deflate


###### HTTP Response ######
HTTP/1.1 200 OK
Transfer-Encoding: chunked
Keep-Alive: timeout=60
Connection: keep-alive
Vary: Origin
Date: Fri, 04 Jun 2021 14:12:27 GMT
Content-Type: application/json




Request method:	POST
Request URI:	http://localhost:57954/api/lines
Proxy:			<none>
Request params:	<none>
Query params:	<none>
Form params:	<none>
Path params:	<none>
Headers:		Accept=*/*
				Content-Type=application/json; charset=UTF-8
Cookies:		<none>
Multiparts:		<none>
Body:
{
    "name": "테스트선",
    "color": "bg-red-600",
    "upStationId": 1,
    "downStationId": 2,
    "distance": 7,
    "extraFare": 9000
}

###### HTTP Request ######
POST /api/lines HTTP/1.1
authorization: Bearer eyJhbGciOiJIUzI1NiJ9.eyJzdWIiOiJlbWFpbEBlbWFpbC5jb20iLCJpYXQiOjE2MjI4MTU5NDgsImV4cCI6MTYyMjgxOTU0OH0.x6MNk111CCkRjNEIeT041Uef7jsw4-08x8uufr0SFkc
accept: */*
content-type: application/json; charset=UTF-8
content-length: 108
host: localhost:57954
connection: Keep-Alive
user-agent: Apache-HttpClient/4.5.13 (Java/14.0.1)
accept-encoding: gzip,deflate


###### HTTP Response ######
HTTP/1.1 201 Created
Transfer-Encoding: chunked
Keep-Alive: timeout=60
Connection: keep-alive
Vary: Origin
Date: Fri, 04 Jun 2021 14:12:27 GMT
Location: /lines/4
Content-Type: application/json




HTTP/1.1 201 
Vary: Origin
Vary: Access-Control-Request-Method
Vary: Access-Control-Request-Headers
Location: /lines/4
Content-Type: application/json
Transfer-Encoding: chunked
Date: Fri, 04 Jun 2021 14:12:27 GMT
Keep-Alive: timeout=60
Connection: keep-alive

{
    "id": 4,
    "name": "테스트선",
    "color": "bg-red-600",
    "extraFare": 9000,
    "stations": [
        {
            "id": 1,
            "name": "강남역"
        },
        {
            "id": 2,
            "name": "양재역"
        }
    ]
}

###### HTTP Request ######
POST /api/login/token HTTP/1.1
accept: */*
content-type: application/json; charset=UTF-8
content-length: 49
host: localhost:57954
connection: Keep-Alive
user-agent: Apache-HttpClient/4.5.13 (Java/14.0.1)
accept-encoding: gzip,deflate


###### HTTP Response ######
HTTP/1.1 200 OK
Transfer-Encoding: chunked
Keep-Alive: timeout=60
Connection: keep-alive
Vary: Origin
Date: Fri, 04 Jun 2021 14:12:27 GMT
Content-Type: application/json




Request method:	GET
Request URI:	http://localhost:57954/api/paths?source=1&target=2
Proxy:			<none>
Request params:	<none>
Query params:	<none>
Form params:	<none>
Path params:	<none>
Headers:		Accept=application/json
Cookies:		<none>
Multiparts:		<none>
Body:			<none>

###### HTTP Request ######
GET /api/paths?source=1&target=2 HTTP/1.1
authorization: Bearer eyJhbGciOiJIUzI1NiJ9.eyJzdWIiOiJlbWFpbEBlbWFpbC5jb20iLCJpYXQiOjE2MjI4MTU5NDgsImV4cCI6MTYyMjgxOTU0OH0.x6MNk111CCkRjNEIeT041Uef7jsw4-08x8uufr0SFkc
accept: application/json
host: localhost:57954
connection: Keep-Alive
user-agent: Apache-HttpClient/4.5.13 (Java/14.0.1)
accept-encoding: gzip,deflate


###### HTTP Response ######
HTTP/1.1 200 OK
Transfer-Encoding: chunked
Keep-Alive: timeout=60
Connection: keep-alive
Vary: Origin
Date: Fri, 04 Jun 2021 14:12:27 GMT
Content-Type: application/json




HTTP/1.1 200 
Vary: Origin
Vary: Access-Control-Request-Method
Vary: Access-Control-Request-Headers
Content-Type: application/json
Transfer-Encoding: chunked
Date: Fri, 04 Jun 2021 14:12:27 GMT
Keep-Alive: timeout=60
Connection: keep-alive

{
    "stations": [
        {
            "id": 1,
            "name": "강남역"
        },
        {
            "id": 2,
            "name": "양재역"
        }
    ],
    "distance": 7,
    "fare": 10250
}
2021-06-04 23:12:28.152  INFO 48164 --- [    Test worker] o.s.s.concurrent.ThreadPoolTaskExecutor  : Shutting down ExecutorService 'applicationTaskExecutor'
2021-06-04 23:12:28.153  INFO 48164 --- [    Test worker] com.zaxxer.hikari.HikariDataSource       : HikariPool-30 - Shutdown initiated...
2021-06-04 23:12:28.154  INFO 48164 --- [    Test worker] com.zaxxer.hikari.HikariDataSource       : HikariPool-30 - Shutdown completed.

  .   ____          _            __ _ _
 /\\ / ___'_ __ _ _(_)_ __  __ _ \ \ \ \
( ( )\___ | '_ | '_| | '_ \/ _` | \ \ \ \
 \\/  ___)| |_)| | | | | || (_| |  ) ) ) )
  '  |____| .__|_| |_|_| |_\__, | / / / /
 =========|_|==============|___/=/_/_/_/
 :: Spring Boot ::                (v2.4.3)

2021-06-04 23:12:28.169  INFO 48164 --- [    Test worker] wooteco.subway.path.PathAcceptanceTest   : Starting PathAcceptanceTest using Java 14.0.1 on Hyeon9makui-MacBook-Pro.local with PID 48164 (started by hyeon9mak in /Users/hyeon9mak/Documents/GitHub/atdd-subway-fare)
2021-06-04 23:12:28.170  INFO 48164 --- [    Test worker] wooteco.subway.path.PathAcceptanceTest   : The following profiles are active: test
2021-06-04 23:12:28.293  INFO 48164 --- [    Test worker] trationDelegate$BeanPostProcessorChecker : Bean 'pl.allegro.tech.boot.autoconfigure.handlebars.HandlebarsHelpersAutoConfiguration' of type [pl.allegro.tech.boot.autoconfigure.handlebars.HandlebarsHelpersAutoConfiguration$$EnhancerBySpringCGLIB$$3bd2ee05] is not eligible for getting processed by all BeanPostProcessors (for example: not eligible for auto-proxying)
2021-06-04 23:12:28.310  INFO 48164 --- [    Test worker] trationDelegate$BeanPostProcessorChecker : Bean 'handlebars.resolver-pl.allegro.tech.boot.autoconfigure.handlebars.HandlebarsValueResolversProperties' of type [pl.allegro.tech.boot.autoconfigure.handlebars.HandlebarsValueResolversProperties] is not eligible for getting processed by all BeanPostProcessors (for example: not eligible for auto-proxying)
2021-06-04 23:12:28.315  INFO 48164 --- [    Test worker] trationDelegate$BeanPostProcessorChecker : Bean 'handlebars-pl.allegro.tech.boot.autoconfigure.handlebars.HandlebarsProperties' of type [pl.allegro.tech.boot.autoconfigure.handlebars.HandlebarsProperties] is not eligible for getting processed by all BeanPostProcessors (for example: not eligible for auto-proxying)
2021-06-04 23:12:28.315  INFO 48164 --- [    Test worker] trationDelegate$BeanPostProcessorChecker : Bean 'pl.allegro.tech.boot.autoconfigure.handlebars.HandlebarsAutoConfiguration$HandlebarsViewResolverConfiguration' of type [pl.allegro.tech.boot.autoconfigure.handlebars.HandlebarsAutoConfiguration$HandlebarsViewResolverConfiguration$$EnhancerBySpringCGLIB$$4eba18a3] is not eligible for getting processed by all BeanPostProcessors (for example: not eligible for auto-proxying)
2021-06-04 23:12:28.324  INFO 48164 --- [    Test worker] trationDelegate$BeanPostProcessorChecker : Bean 'handlebarsViewResolver' of type [com.github.jknack.handlebars.springmvc.HandlebarsViewResolver] is not eligible for getting processed by all BeanPostProcessors (for example: not eligible for auto-proxying)
2021-06-04 23:12:28.367  INFO 48164 --- [    Test worker] o.s.b.w.embedded.tomcat.TomcatWebServer  : Tomcat initialized with port(s): 0 (http)
2021-06-04 23:12:28.368  INFO 48164 --- [    Test worker] o.apache.catalina.core.StandardService   : Starting service [Tomcat]
2021-06-04 23:12:28.368  INFO 48164 --- [    Test worker] org.apache.catalina.core.StandardEngine  : Starting Servlet engine: [Apache Tomcat/9.0.43]
2021-06-04 23:12:28.380  INFO 48164 --- [    Test worker] o.a.c.c.C.[Tomcat].[localhost].[/]       : Initializing Spring embedded WebApplicationContext
2021-06-04 23:12:28.380  INFO 48164 --- [    Test worker] w.s.c.ServletWebServerApplicationContext : Root WebApplicationContext: initialization completed in 209 ms
2021-06-04 23:12:28.404  INFO 48164 --- [    Test worker] com.zaxxer.hikari.HikariDataSource       : HikariPool-31 - Starting...
2021-06-04 23:12:28.405  INFO 48164 --- [    Test worker] com.zaxxer.hikari.HikariDataSource       : HikariPool-31 - Start completed.
2021-06-04 23:12:28.408  INFO 48164 --- [    Test worker] o.s.b.a.h2.H2ConsoleAutoConfiguration    : H2 console available at '/h2-console'. Database available at 'jdbc:h2:mem:testdb'
2021-06-04 23:12:28.455  INFO 48164 --- [    Test worker] n.r.s.b.l.access.LogbackAccessContext    : Configured the Logback-access: context=[default], config=[classpath:logback-access.xml]
2021-06-04 23:12:28.542  INFO 48164 --- [    Test worker] o.s.s.concurrent.ThreadPoolTaskExecutor  : Initializing ExecutorService 'applicationTaskExecutor'
2021-06-04 23:12:28.556  INFO 48164 --- [    Test worker] o.s.b.a.w.s.WelcomePageHandlerMapping    : Adding welcome page template: index
2021-06-04 23:12:28.638  INFO 48164 --- [    Test worker] o.s.b.w.embedded.tomcat.TomcatWebServer  : Tomcat started on port(s): 57977 (http) with context path ''
2021-06-04 23:12:28.639  INFO 48164 --- [    Test worker] wooteco.subway.path.PathAcceptanceTest   : Started PathAcceptanceTest in 0.484 seconds (JVM running for 31.634)
Request method:	POST
Request URI:	http://localhost:57977/api/members
Proxy:			<none>
Request params:	<none>
Query params:	<none>
Form params:	<none>
Path params:	<none>
Headers:		Accept=*/*
				Content-Type=application/json; charset=UTF-8
Cookies:		<none>
Multiparts:		<none>
Body:
{
    "email": "email@email.com",
    "password": "password",
    "age": 20
}
2021-06-04 23:12:28.648  INFO 48164 --- [-auto-31-exec-1] o.a.c.c.C.[Tomcat].[localhost].[/]       : Initializing Spring DispatcherServlet 'dispatcherServlet'
2021-06-04 23:12:28.649  INFO 48164 --- [-auto-31-exec-1] o.s.web.servlet.DispatcherServlet        : Initializing Servlet 'dispatcherServlet'
2021-06-04 23:12:28.649  INFO 48164 --- [-auto-31-exec-1] o.s.web.servlet.DispatcherServlet        : Completed initialization in 0 ms

###### HTTP Request ######
POST /api/members HTTP/1.1
accept: */*
content-type: application/json; charset=UTF-8
content-length: 58
host: localhost:57977
connection: Keep-Alive
user-agent: Apache-HttpClient/4.5.13 (Java/14.0.1)
accept-encoding: gzip,deflate


###### HTTP Response ######
HTTP/1.1 201 Created
Keep-Alive: timeout=60
Connection: keep-alive
Vary: Origin
Content-Length: 0
Date: Fri, 04 Jun 2021 14:12:27 GMT
Location: /members/1




HTTP/1.1 201 
Vary: Origin
Vary: Access-Control-Request-Method
Vary: Access-Control-Request-Headers
Location: /members/1
Content-Length: 0
Date: Fri, 04 Jun 2021 14:12:27 GMT
Keep-Alive: timeout=60
Connection: keep-alive

###### HTTP Request ######
POST /api/login/token HTTP/1.1
accept: */*
content-type: application/json; charset=UTF-8
content-length: 49
host: localhost:57977
connection: Keep-Alive
user-agent: Apache-HttpClient/4.5.13 (Java/14.0.1)
accept-encoding: gzip,deflate


###### HTTP Response ######
HTTP/1.1 200 OK
Transfer-Encoding: chunked
Keep-Alive: timeout=60
Connection: keep-alive
Vary: Origin
Date: Fri, 04 Jun 2021 14:12:27 GMT
Content-Type: application/json




Request method:	POST
Request URI:	http://localhost:57977/api/stations
Proxy:			<none>
Request params:	<none>
Query params:	<none>
Form params:	<none>
Path params:	<none>
Headers:		Accept=*/*
				Content-Type=application/json; charset=UTF-8
Cookies:		<none>
Multiparts:		<none>
Body:
{
    "name": "강남역"
}

###### HTTP Request ######
POST /api/stations HTTP/1.1
authorization: Bearer eyJhbGciOiJIUzI1NiJ9.eyJzdWIiOiJlbWFpbEBlbWFpbC5jb20iLCJpYXQiOjE2MjI4MTU5NDgsImV4cCI6MTYyMjgxOTU0OH0.x6MNk111CCkRjNEIeT041Uef7jsw4-08x8uufr0SFkc
accept: */*
content-type: application/json; charset=UTF-8
content-length: 20
host: localhost:57977
connection: Keep-Alive
user-agent: Apache-HttpClient/4.5.13 (Java/14.0.1)
accept-encoding: gzip,deflate


###### HTTP Response ######
HTTP/1.1 201 Created
Transfer-Encoding: chunked
Keep-Alive: timeout=60
Connection: keep-alive
Vary: Origin
Date: Fri, 04 Jun 2021 14:12:27 GMT
Location: /stations/1
Content-Type: application/json




HTTP/1.1 201 
Vary: Origin
Vary: Access-Control-Request-Method
Vary: Access-Control-Request-Headers
Location: /stations/1
Content-Type: application/json
Transfer-Encoding: chunked
Date: Fri, 04 Jun 2021 14:12:27 GMT
Keep-Alive: timeout=60
Connection: keep-alive

{
    "id": 1,
    "name": "강남역"
}

###### HTTP Request ######
POST /api/login/token HTTP/1.1
accept: */*
content-type: application/json; charset=UTF-8
content-length: 49
host: localhost:57977
connection: Keep-Alive
user-agent: Apache-HttpClient/4.5.13 (Java/14.0.1)
accept-encoding: gzip,deflate


###### HTTP Response ######
HTTP/1.1 200 OK
Transfer-Encoding: chunked
Keep-Alive: timeout=60
Connection: keep-alive
Vary: Origin
Date: Fri, 04 Jun 2021 14:12:27 GMT
Content-Type: application/json




Request method:	POST
Request URI:	http://localhost:57977/api/stations
Proxy:			<none>
Request params:	<none>
Query params:	<none>
Form params:	<none>
Path params:	<none>
Headers:		Accept=*/*
				Content-Type=application/json; charset=UTF-8
Cookies:		<none>
Multiparts:		<none>
Body:
{
    "name": "양재역"
}

###### HTTP Request ######
POST /api/stations HTTP/1.1
authorization: Bearer eyJhbGciOiJIUzI1NiJ9.eyJzdWIiOiJlbWFpbEBlbWFpbC5jb20iLCJpYXQiOjE2MjI4MTU5NDgsImV4cCI6MTYyMjgxOTU0OH0.x6MNk111CCkRjNEIeT041Uef7jsw4-08x8uufr0SFkc
accept: */*
content-type: application/json; charset=UTF-8
content-length: 20
host: localhost:57977
connection: Keep-Alive
user-agent: Apache-HttpClient/4.5.13 (Java/14.0.1)
accept-encoding: gzip,deflate


###### HTTP Response ######
HTTP/1.1 201 Created
Transfer-Encoding: chunked
Keep-Alive: timeout=60
Connection: keep-alive
Vary: Origin
Date: Fri, 04 Jun 2021 14:12:27 GMT
Location: /stations/2
Content-Type: application/json




HTTP/1.1 201 
Vary: Origin
Vary: Access-Control-Request-Method
Vary: Access-Control-Request-Headers
Location: /stations/2
Content-Type: application/json
Transfer-Encoding: chunked
Date: Fri, 04 Jun 2021 14:12:27 GMT
Keep-Alive: timeout=60
Connection: keep-alive

{
    "id": 2,
    "name": "양재역"
}

###### HTTP Request ######
POST /api/login/token HTTP/1.1
accept: */*
content-type: application/json; charset=UTF-8
content-length: 49
host: localhost:57977
connection: Keep-Alive
user-agent: Apache-HttpClient/4.5.13 (Java/14.0.1)
accept-encoding: gzip,deflate


###### HTTP Response ######
HTTP/1.1 200 OK
Transfer-Encoding: chunked
Keep-Alive: timeout=60
Connection: keep-alive
Vary: Origin
Date: Fri, 04 Jun 2021 14:12:27 GMT
Content-Type: application/json




Request method:	POST
Request URI:	http://localhost:57977/api/stations
Proxy:			<none>
Request params:	<none>
Query params:	<none>
Form params:	<none>
Path params:	<none>
Headers:		Accept=*/*
				Content-Type=application/json; charset=UTF-8
Cookies:		<none>
Multiparts:		<none>
Body:
{
    "name": "교대역"
}

###### HTTP Request ######
POST /api/stations HTTP/1.1
authorization: Bearer eyJhbGciOiJIUzI1NiJ9.eyJzdWIiOiJlbWFpbEBlbWFpbC5jb20iLCJpYXQiOjE2MjI4MTU5NDgsImV4cCI6MTYyMjgxOTU0OH0.x6MNk111CCkRjNEIeT041Uef7jsw4-08x8uufr0SFkc
accept: */*
content-type: application/json; charset=UTF-8
content-length: 20
host: localhost:57977
connection: Keep-Alive
user-agent: Apache-HttpClient/4.5.13 (Java/14.0.1)
accept-encoding: gzip,deflate


###### HTTP Response ######
HTTP/1.1 201 Created
Transfer-Encoding: chunked
Keep-Alive: timeout=60
Connection: keep-alive
Vary: Origin
Date: Fri, 04 Jun 2021 14:12:27 GMT
Location: /stations/3
Content-Type: application/json




HTTP/1.1 201 
Vary: Origin
Vary: Access-Control-Request-Method
Vary: Access-Control-Request-Headers
Location: /stations/3
Content-Type: application/json
Transfer-Encoding: chunked
Date: Fri, 04 Jun 2021 14:12:27 GMT
Keep-Alive: timeout=60
Connection: keep-alive

{
    "id": 3,
    "name": "교대역"
}

###### HTTP Request ######
POST /api/login/token HTTP/1.1
accept: */*
content-type: application/json; charset=UTF-8
content-length: 49
host: localhost:57977
connection: Keep-Alive
user-agent: Apache-HttpClient/4.5.13 (Java/14.0.1)
accept-encoding: gzip,deflate


###### HTTP Response ######
HTTP/1.1 200 OK
Transfer-Encoding: chunked
Keep-Alive: timeout=60
Connection: keep-alive
Vary: Origin
Date: Fri, 04 Jun 2021 14:12:27 GMT
Content-Type: application/json




Request method:	POST
Request URI:	http://localhost:57977/api/stations
Proxy:			<none>
Request params:	<none>
Query params:	<none>
Form params:	<none>
Path params:	<none>
Headers:		Accept=*/*
				Content-Type=application/json; charset=UTF-8
Cookies:		<none>
Multiparts:		<none>
Body:
{
    "name": "남부터미널역"
}

###### HTTP Request ######
POST /api/stations HTTP/1.1
authorization: Bearer eyJhbGciOiJIUzI1NiJ9.eyJzdWIiOiJlbWFpbEBlbWFpbC5jb20iLCJpYXQiOjE2MjI4MTU5NDgsImV4cCI6MTYyMjgxOTU0OH0.x6MNk111CCkRjNEIeT041Uef7jsw4-08x8uufr0SFkc
accept: */*
content-type: application/json; charset=UTF-8
content-length: 29
host: localhost:57977
connection: Keep-Alive
user-agent: Apache-HttpClient/4.5.13 (Java/14.0.1)
accept-encoding: gzip,deflate


###### HTTP Response ######
HTTP/1.1 201 Created
Transfer-Encoding: chunked
Keep-Alive: timeout=60
Connection: keep-alive
Vary: Origin
Date: Fri, 04 Jun 2021 14:12:27 GMT
Location: /stations/4
Content-Type: application/json




HTTP/1.1 201 
Vary: Origin
Vary: Access-Control-Request-Method
Vary: Access-Control-Request-Headers
Location: /stations/4
Content-Type: application/json
Transfer-Encoding: chunked
Date: Fri, 04 Jun 2021 14:12:27 GMT
Keep-Alive: timeout=60
Connection: keep-alive

{
    "id": 4,
    "name": "남부터미널역"
}

###### HTTP Request ######
POST /api/login/token HTTP/1.1
accept: */*
content-type: application/json; charset=UTF-8
content-length: 49
host: localhost:57977
connection: Keep-Alive
user-agent: Apache-HttpClient/4.5.13 (Java/14.0.1)
accept-encoding: gzip,deflate


###### HTTP Response ######
HTTP/1.1 200 OK
Transfer-Encoding: chunked
Keep-Alive: timeout=60
Connection: keep-alive
Vary: Origin
Date: Fri, 04 Jun 2021 14:12:27 GMT
Content-Type: application/json




Request method:	POST
Request URI:	http://localhost:57977/api/lines
Proxy:			<none>
Request params:	<none>
Query params:	<none>
Form params:	<none>
Path params:	<none>
Headers:		Accept=*/*
				Content-Type=application/json; charset=UTF-8
Cookies:		<none>
Multiparts:		<none>
Body:
{
    "name": "신분당선",
    "color": "bg-red-600",
    "upStationId": 1,
    "downStationId": 2,
    "distance": 10,
    "extraFare": 0
}

###### HTTP Request ######
POST /api/lines HTTP/1.1
authorization: Bearer eyJhbGciOiJIUzI1NiJ9.eyJzdWIiOiJlbWFpbEBlbWFpbC5jb20iLCJpYXQiOjE2MjI4MTU5NDgsImV4cCI6MTYyMjgxOTU0OH0.x6MNk111CCkRjNEIeT041Uef7jsw4-08x8uufr0SFkc
accept: */*
content-type: application/json; charset=UTF-8
content-length: 106
host: localhost:57977
connection: Keep-Alive
user-agent: Apache-HttpClient/4.5.13 (Java/14.0.1)
accept-encoding: gzip,deflate


###### HTTP Response ######
HTTP/1.1 201 Created
Transfer-Encoding: chunked
Keep-Alive: timeout=60
Connection: keep-alive
Vary: Origin
Date: Fri, 04 Jun 2021 14:12:27 GMT
Location: /lines/1
Content-Type: application/json




HTTP/1.1 201 
Vary: Origin
Vary: Access-Control-Request-Method
Vary: Access-Control-Request-Headers
Location: /lines/1
Content-Type: application/json
Transfer-Encoding: chunked
Date: Fri, 04 Jun 2021 14:12:27 GMT
Keep-Alive: timeout=60
Connection: keep-alive

{
    "id": 1,
    "name": "신분당선",
    "color": "bg-red-600",
    "extraFare": 0,
    "stations": [
        {
            "id": 1,
            "name": "강남역"
        },
        {
            "id": 2,
            "name": "양재역"
        }
    ]
}

###### HTTP Request ######
POST /api/login/token HTTP/1.1
accept: */*
content-type: application/json; charset=UTF-8
content-length: 49
host: localhost:57977
connection: Keep-Alive
user-agent: Apache-HttpClient/4.5.13 (Java/14.0.1)
accept-encoding: gzip,deflate


###### HTTP Response ######
HTTP/1.1 200 OK
Transfer-Encoding: chunked
Keep-Alive: timeout=60
Connection: keep-alive
Vary: Origin
Date: Fri, 04 Jun 2021 14:12:28 GMT
Content-Type: application/json




Request method:	POST
Request URI:	http://localhost:57977/api/lines
Proxy:			<none>
Request params:	<none>
Query params:	<none>
Form params:	<none>
Path params:	<none>
Headers:		Accept=*/*
				Content-Type=application/json; charset=UTF-8
Cookies:		<none>
Multiparts:		<none>
Body:
{
    "name": "이호선",
    "color": "bg-red-600",
    "upStationId": 3,
    "downStationId": 1,
    "distance": 10,
    "extraFare": 0
}

###### HTTP Request ######
POST /api/lines HTTP/1.1
authorization: Bearer eyJhbGciOiJIUzI1NiJ9.eyJzdWIiOiJlbWFpbEBlbWFpbC5jb20iLCJpYXQiOjE2MjI4MTU5NDgsImV4cCI6MTYyMjgxOTU0OH0.x6MNk111CCkRjNEIeT041Uef7jsw4-08x8uufr0SFkc
accept: */*
content-type: application/json; charset=UTF-8
content-length: 103
host: localhost:57977
connection: Keep-Alive
user-agent: Apache-HttpClient/4.5.13 (Java/14.0.1)
accept-encoding: gzip,deflate


###### HTTP Response ######
HTTP/1.1 201 Created
Transfer-Encoding: chunked
Keep-Alive: timeout=60
Connection: keep-alive
Vary: Origin
Date: Fri, 04 Jun 2021 14:12:28 GMT
Location: /lines/2
Content-Type: application/json




HTTP/1.1 201 
Vary: Origin
Vary: Access-Control-Request-Method
Vary: Access-Control-Request-Headers
Location: /lines/2
Content-Type: application/json
Transfer-Encoding: chunked
Date: Fri, 04 Jun 2021 14:12:28 GMT
Keep-Alive: timeout=60
Connection: keep-alive

{
    "id": 2,
    "name": "이호선",
    "color": "bg-red-600",
    "extraFare": 0,
    "stations": [
        {
            "id": 3,
            "name": "교대역"
        },
        {
            "id": 1,
            "name": "강남역"
        }
    ]
}

###### HTTP Request ######
POST /api/login/token HTTP/1.1
accept: */*
content-type: application/json; charset=UTF-8
content-length: 49
host: localhost:57977
connection: Keep-Alive
user-agent: Apache-HttpClient/4.5.13 (Java/14.0.1)
accept-encoding: gzip,deflate


###### HTTP Response ######
HTTP/1.1 200 OK
Transfer-Encoding: chunked
Keep-Alive: timeout=60
Connection: keep-alive
Vary: Origin
Date: Fri, 04 Jun 2021 14:12:28 GMT
Content-Type: application/json




Request method:	POST
Request URI:	http://localhost:57977/api/lines
Proxy:			<none>
Request params:	<none>
Query params:	<none>
Form params:	<none>
Path params:	<none>
Headers:		Accept=*/*
				Content-Type=application/json; charset=UTF-8
Cookies:		<none>
Multiparts:		<none>
Body:
{
    "name": "삼호선",
    "color": "bg-red-600",
    "upStationId": 3,
    "downStationId": 2,
    "distance": 5,
    "extraFare": 0
}

###### HTTP Request ######
POST /api/lines HTTP/1.1
authorization: Bearer eyJhbGciOiJIUzI1NiJ9.eyJzdWIiOiJlbWFpbEBlbWFpbC5jb20iLCJpYXQiOjE2MjI4MTU5NDgsImV4cCI6MTYyMjgxOTU0OH0.x6MNk111CCkRjNEIeT041Uef7jsw4-08x8uufr0SFkc
accept: */*
content-type: application/json; charset=UTF-8
content-length: 102
host: localhost:57977
connection: Keep-Alive
user-agent: Apache-HttpClient/4.5.13 (Java/14.0.1)
accept-encoding: gzip,deflate


###### HTTP Response ######
HTTP/1.1 201 Created
Transfer-Encoding: chunked
Keep-Alive: timeout=60
Connection: keep-alive
Vary: Origin
Date: Fri, 04 Jun 2021 14:12:28 GMT
Location: /lines/3
Content-Type: application/json




HTTP/1.1 201 
Vary: Origin
Vary: Access-Control-Request-Method
Vary: Access-Control-Request-Headers
Location: /lines/3
Content-Type: application/json
Transfer-Encoding: chunked
Date: Fri, 04 Jun 2021 14:12:28 GMT
Keep-Alive: timeout=60
Connection: keep-alive

{
    "id": 3,
    "name": "삼호선",
    "color": "bg-red-600",
    "extraFare": 0,
    "stations": [
        {
            "id": 3,
            "name": "교대역"
        },
        {
            "id": 2,
            "name": "양재역"
        }
    ]
}

###### HTTP Request ######
POST /api/login/token HTTP/1.1
accept: */*
content-type: application/json; charset=UTF-8
content-length: 49
host: localhost:57977
connection: Keep-Alive
user-agent: Apache-HttpClient/4.5.13 (Java/14.0.1)
accept-encoding: gzip,deflate


###### HTTP Response ######
HTTP/1.1 200 OK
Transfer-Encoding: chunked
Keep-Alive: timeout=60
Connection: keep-alive
Vary: Origin
Date: Fri, 04 Jun 2021 14:12:28 GMT
Content-Type: application/json




Request method:	POST
Request URI:	http://localhost:57977/api/lines/3/sections
Proxy:			<none>
Request params:	<none>
Query params:	<none>
Form params:	<none>
Path params:	<none>
Headers:		Accept=*/*
				Content-Type=application/json; charset=UTF-8
Cookies:		<none>
Multiparts:		<none>
Body:
{
    "upStationId": 3,
    "downStationId": 4,
    "distance": 3
}

###### HTTP Request ######
POST /api/lines/3/sections HTTP/1.1
authorization: Bearer eyJhbGciOiJIUzI1NiJ9.eyJzdWIiOiJlbWFpbEBlbWFpbC5jb20iLCJpYXQiOjE2MjI4MTU5NDgsImV4cCI6MTYyMjgxOTU0OH0.x6MNk111CCkRjNEIeT041Uef7jsw4-08x8uufr0SFkc
accept: */*
content-type: application/json; charset=UTF-8
content-length: 48
host: localhost:57977
connection: Keep-Alive
user-agent: Apache-HttpClient/4.5.13 (Java/14.0.1)
accept-encoding: gzip,deflate


###### HTTP Response ######
HTTP/1.1 201 Created
Keep-Alive: timeout=60
Connection: keep-alive
Vary: Origin
Content-Length: 0
Date: Fri, 04 Jun 2021 14:12:28 GMT




HTTP/1.1 201 
Vary: Origin
Vary: Access-Control-Request-Method
Vary: Access-Control-Request-Headers
Content-Length: 0
Date: Fri, 04 Jun 2021 14:12:28 GMT
Keep-Alive: timeout=60
Connection: keep-alive
Request method:	POST
Request URI:	http://localhost:57977/api/members
Proxy:			<none>
Request params:	<none>
Query params:	<none>
Form params:	<none>
Path params:	<none>
Headers:		Accept=*/*
				Content-Type=application/json; charset=UTF-8
Cookies:		<none>
Multiparts:		<none>
Body:
{
    "email": "baby@baby.com",
    "password": "1234",
    "age": 5
}

###### HTTP Request ######
POST /api/members HTTP/1.1
accept: */*
content-type: application/json; charset=UTF-8
content-length: 51
host: localhost:57977
connection: Keep-Alive
user-agent: Apache-HttpClient/4.5.13 (Java/14.0.1)
accept-encoding: gzip,deflate


###### HTTP Response ######
HTTP/1.1 201 Created
Keep-Alive: timeout=60
Connection: keep-alive
Vary: Origin
Content-Length: 0
Date: Fri, 04 Jun 2021 14:12:28 GMT
Location: /members/2




HTTP/1.1 201 
Vary: Origin
Vary: Access-Control-Request-Method
Vary: Access-Control-Request-Headers
Location: /members/2
Content-Length: 0
Date: Fri, 04 Jun 2021 14:12:28 GMT
Keep-Alive: timeout=60
Connection: keep-alive
Request method:	POST
Request URI:	http://localhost:57977/api/members
Proxy:			<none>
Request params:	<none>
Query params:	<none>
Form params:	<none>
Path params:	<none>
Headers:		Accept=*/*
				Content-Type=application/json; charset=UTF-8
Cookies:		<none>
Multiparts:		<none>
Body:
{
    "email": "child@child.com",
    "password": "1234",
    "age": 7
}

###### HTTP Request ######
POST /api/members HTTP/1.1
accept: */*
content-type: application/json; charset=UTF-8
content-length: 53
host: localhost:57977
connection: Keep-Alive
user-agent: Apache-HttpClient/4.5.13 (Java/14.0.1)
accept-encoding: gzip,deflate


###### HTTP Response ######
HTTP/1.1 201 Created
Keep-Alive: timeout=60
Connection: keep-alive
Vary: Origin
Content-Length: 0
Date: Fri, 04 Jun 2021 14:12:28 GMT
Location: /members/3




HTTP/1.1 201 
Vary: Origin
Vary: Access-Control-Request-Method
Vary: Access-Control-Request-Headers
Location: /members/3
Content-Length: 0
Date: Fri, 04 Jun 2021 14:12:28 GMT
Keep-Alive: timeout=60
Connection: keep-alive
Request method:	POST
Request URI:	http://localhost:57977/api/members
Proxy:			<none>
Request params:	<none>
Query params:	<none>
Form params:	<none>
Path params:	<none>
Headers:		Accept=*/*
				Content-Type=application/json; charset=UTF-8
Cookies:		<none>
Multiparts:		<none>
Body:
{
    "email": "teenager@teenager.com",
    "password": "1234",
    "age": 15
}

###### HTTP Request ######
POST /api/members HTTP/1.1
accept: */*
content-type: application/json; charset=UTF-8
content-length: 60
host: localhost:57977
connection: Keep-Alive
user-agent: Apache-HttpClient/4.5.13 (Java/14.0.1)
accept-encoding: gzip,deflate


###### HTTP Response ######
HTTP/1.1 201 Created
Keep-Alive: timeout=60
Connection: keep-alive
Vary: Origin
Content-Length: 0
Date: Fri, 04 Jun 2021 14:12:28 GMT
Location: /members/4




HTTP/1.1 201 
Vary: Origin
Vary: Access-Control-Request-Method
Vary: Access-Control-Request-Headers
Location: /members/4
Content-Length: 0
Date: Fri, 04 Jun 2021 14:12:28 GMT
Keep-Alive: timeout=60
Connection: keep-alive
Request method:	POST
Request URI:	http://localhost:57977/api/members
Proxy:			<none>
Request params:	<none>
Query params:	<none>
Form params:	<none>
Path params:	<none>
Headers:		Accept=*/*
				Content-Type=application/json; charset=UTF-8
Cookies:		<none>
Multiparts:		<none>
Body:
{
    "email": "adult@adult.com",
    "password": "1234",
    "age": 20
}

###### HTTP Request ######
POST /api/members HTTP/1.1
accept: */*
content-type: application/json; charset=UTF-8
content-length: 54
host: localhost:57977
connection: Keep-Alive
user-agent: Apache-HttpClient/4.5.13 (Java/14.0.1)
accept-encoding: gzip,deflate


###### HTTP Response ######
HTTP/1.1 201 Created
Keep-Alive: timeout=60
Connection: keep-alive
Vary: Origin
Content-Length: 0
Date: Fri, 04 Jun 2021 14:12:28 GMT
Location: /members/5




HTTP/1.1 201 
Vary: Origin
Vary: Access-Control-Request-Method
Vary: Access-Control-Request-Headers
Location: /members/5
Content-Length: 0
Date: Fri, 04 Jun 2021 14:12:28 GMT
Keep-Alive: timeout=60
Connection: keep-alive

###### HTTP Request ######
POST /api/login/token HTTP/1.1
accept: */*
content-type: application/json; charset=UTF-8
content-length: 43
host: localhost:57977
connection: Keep-Alive
user-agent: Apache-HttpClient/4.5.13 (Java/14.0.1)
accept-encoding: gzip,deflate


###### HTTP Response ######
HTTP/1.1 200 OK
Transfer-Encoding: chunked
Keep-Alive: timeout=60
Connection: keep-alive
Vary: Origin
Date: Fri, 04 Jun 2021 14:12:28 GMT
Content-Type: application/json




Request method:	GET
Request URI:	http://localhost:57977/api/paths?source=3&target=2
Proxy:			<none>
Request params:	<none>
Query params:	<none>
Form params:	<none>
Path params:	<none>
Headers:		Accept=application/json
Cookies:		<none>
Multiparts:		<none>
Body:			<none>

###### HTTP Request ######
GET /api/paths?source=3&target=2 HTTP/1.1
authorization: Bearer eyJhbGciOiJIUzI1NiJ9.eyJzdWIiOiJiYWJ5QGJhYnkuY29tIiwiaWF0IjoxNjIyODE1OTQ4LCJleHAiOjE2MjI4MTk1NDh9.0uXSCRhyK483bKp8j8OVSn0RV7bKye1aE2I3cVtIkVg
accept: application/json
host: localhost:57977
connection: Keep-Alive
user-agent: Apache-HttpClient/4.5.13 (Java/14.0.1)
accept-encoding: gzip,deflate


###### HTTP Response ######
HTTP/1.1 200 OK
Transfer-Encoding: chunked
Keep-Alive: timeout=60
Connection: keep-alive
Vary: Origin
Date: Fri, 04 Jun 2021 14:12:28 GMT
Content-Type: application/json




HTTP/1.1 200 
Vary: Origin
Vary: Access-Control-Request-Method
Vary: Access-Control-Request-Headers
Content-Type: application/json
Transfer-Encoding: chunked
Date: Fri, 04 Jun 2021 14:12:28 GMT
Keep-Alive: timeout=60
Connection: keep-alive

{
    "stations": [
        {
            "id": 3,
            "name": "교대역"
        },
        {
            "id": 4,
            "name": "남부터미널역"
        },
        {
            "id": 2,
            "name": "양재역"
        }
    ],
    "distance": 5,
    "fare": 0
}

###### HTTP Request ######
POST /api/login/token HTTP/1.1
accept: */*
content-type: application/json; charset=UTF-8
content-length: 45
host: localhost:57977
connection: Keep-Alive
user-agent: Apache-HttpClient/4.5.13 (Java/14.0.1)
accept-encoding: gzip,deflate


###### HTTP Response ######
HTTP/1.1 200 OK
Transfer-Encoding: chunked
Keep-Alive: timeout=60
Connection: keep-alive
Vary: Origin
Date: Fri, 04 Jun 2021 14:12:28 GMT
Content-Type: application/json




Request method:	GET
Request URI:	http://localhost:57977/api/paths?source=3&target=2
Proxy:			<none>
Request params:	<none>
Query params:	<none>
Form params:	<none>
Path params:	<none>
Headers:		Accept=application/json
Cookies:		<none>
Multiparts:		<none>
Body:			<none>

###### HTTP Request ######
GET /api/paths?source=3&target=2 HTTP/1.1
authorization: Bearer eyJhbGciOiJIUzI1NiJ9.eyJzdWIiOiJjaGlsZEBjaGlsZC5jb20iLCJpYXQiOjE2MjI4MTU5NDgsImV4cCI6MTYyMjgxOTU0OH0.NQ3XsOeOcdIySJM-Yn4_Q2zOmfhAtrm2WfgSNcmMrSw
accept: application/json
host: localhost:57977
connection: Keep-Alive
user-agent: Apache-HttpClient/4.5.13 (Java/14.0.1)
accept-encoding: gzip,deflate


###### HTTP Response ######
HTTP/1.1 200 OK
Transfer-Encoding: chunked
Keep-Alive: timeout=60
Connection: keep-alive
Vary: Origin
Date: Fri, 04 Jun 2021 14:12:28 GMT
Content-Type: application/json




HTTP/1.1 200 
Vary: Origin
Vary: Access-Control-Request-Method
Vary: Access-Control-Request-Headers
Content-Type: application/json
Transfer-Encoding: chunked
Date: Fri, 04 Jun 2021 14:12:28 GMT
Keep-Alive: timeout=60
Connection: keep-alive

{
    "stations": [
        {
            "id": 3,
            "name": "교대역"
        },
        {
            "id": 4,
            "name": "남부터미널역"
        },
        {
            "id": 2,
            "name": "양재역"
        }
    ],
    "distance": 5,
    "fare": 450
}

###### HTTP Request ######
POST /api/login/token HTTP/1.1
accept: */*
content-type: application/json; charset=UTF-8
content-length: 51
host: localhost:57977
connection: Keep-Alive
user-agent: Apache-HttpClient/4.5.13 (Java/14.0.1)
accept-encoding: gzip,deflate


###### HTTP Response ######
HTTP/1.1 200 OK
Transfer-Encoding: chunked
Keep-Alive: timeout=60
Connection: keep-alive
Vary: Origin
Date: Fri, 04 Jun 2021 14:12:28 GMT
Content-Type: application/json




Request method:	GET
Request URI:	http://localhost:57977/api/paths?source=3&target=2
Proxy:			<none>
Request params:	<none>
Query params:	<none>
Form params:	<none>
Path params:	<none>
Headers:		Accept=application/json
Cookies:		<none>
Multiparts:		<none>
Body:			<none>

###### HTTP Request ######
GET /api/paths?source=3&target=2 HTTP/1.1
authorization: Bearer eyJhbGciOiJIUzI1NiJ9.eyJzdWIiOiJ0ZWVuYWdlckB0ZWVuYWdlci5jb20iLCJpYXQiOjE2MjI4MTU5NDksImV4cCI6MTYyMjgxOTU0OX0.Pqg6NojMjGmSKp4PyQ-zQYlIg9FbUZtiHa6qQpFpeNM
accept: application/json
host: localhost:57977
connection: Keep-Alive
user-agent: Apache-HttpClient/4.5.13 (Java/14.0.1)
accept-encoding: gzip,deflate


###### HTTP Response ######
HTTP/1.1 200 OK
Transfer-Encoding: chunked
Keep-Alive: timeout=60
Connection: keep-alive
Vary: Origin
Date: Fri, 04 Jun 2021 14:12:28 GMT
Content-Type: application/json




HTTP/1.1 200 
Vary: Origin
Vary: Access-Control-Request-Method
Vary: Access-Control-Request-Headers
Content-Type: application/json
Transfer-Encoding: chunked
Date: Fri, 04 Jun 2021 14:12:28 GMT
Keep-Alive: timeout=60
Connection: keep-alive

{
    "stations": [
        {
            "id": 3,
            "name": "교대역"
        },
        {
            "id": 4,
            "name": "남부터미널역"
        },
        {
            "id": 2,
            "name": "양재역"
        }
    ],
    "distance": 5,
    "fare": 720
}

###### HTTP Request ######
POST /api/login/token HTTP/1.1
accept: */*
content-type: application/json; charset=UTF-8
content-length: 45
host: localhost:57977
connection: Keep-Alive
user-agent: Apache-HttpClient/4.5.13 (Java/14.0.1)
accept-encoding: gzip,deflate


###### HTTP Response ######
HTTP/1.1 200 OK
Transfer-Encoding: chunked
Keep-Alive: timeout=60
Connection: keep-alive
Vary: Origin
Date: Fri, 04 Jun 2021 14:12:28 GMT
Content-Type: application/json




Request method:	GET
Request URI:	http://localhost:57977/api/paths?source=3&target=2
Proxy:			<none>
Request params:	<none>
Query params:	<none>
Form params:	<none>
Path params:	<none>
Headers:		Accept=application/json
Cookies:		<none>
Multiparts:		<none>
Body:			<none>

###### HTTP Request ######
GET /api/paths?source=3&target=2 HTTP/1.1
authorization: Bearer eyJhbGciOiJIUzI1NiJ9.eyJzdWIiOiJhZHVsdEBhZHVsdC5jb20iLCJpYXQiOjE2MjI4MTU5NDksImV4cCI6MTYyMjgxOTU0OX0.8fRC3jXMgb18p0c02TsyutZs0Hw1NfD5MzWQDI5_GQ8
accept: application/json
host: localhost:57977
connection: Keep-Alive
user-agent: Apache-HttpClient/4.5.13 (Java/14.0.1)
accept-encoding: gzip,deflate


###### HTTP Response ######
HTTP/1.1 200 OK
Transfer-Encoding: chunked
Keep-Alive: timeout=60
Connection: keep-alive
Vary: Origin
Date: Fri, 04 Jun 2021 14:12:28 GMT
Content-Type: application/json




HTTP/1.1 200 
Vary: Origin
Vary: Access-Control-Request-Method
Vary: Access-Control-Request-Headers
Content-Type: application/json
Transfer-Encoding: chunked
Date: Fri, 04 Jun 2021 14:12:28 GMT
Keep-Alive: timeout=60
Connection: keep-alive

{
    "stations": [
        {
            "id": 3,
            "name": "교대역"
        },
        {
            "id": 4,
            "name": "남부터미널역"
        },
        {
            "id": 2,
            "name": "양재역"
        }
    ],
    "distance": 5,
    "fare": 1250
}
Request method:	GET
Request URI:	http://localhost:57977/api/paths?source=3&target=2
Proxy:			<none>
Request params:	<none>
Query params:	<none>
Form params:	<none>
Path params:	<none>
Headers:		Accept=application/json
Cookies:		<none>
Multiparts:		<none>
Body:			<none>

###### HTTP Request ######
GET /api/paths?source=3&target=2 HTTP/1.1
accept: application/json
host: localhost:57977
connection: Keep-Alive
user-agent: Apache-HttpClient/4.5.13 (Java/14.0.1)
accept-encoding: gzip,deflate


###### HTTP Response ######
HTTP/1.1 200 OK
Transfer-Encoding: chunked
Keep-Alive: timeout=60
Connection: keep-alive
Vary: Origin
Date: Fri, 04 Jun 2021 14:12:28 GMT
Content-Type: application/json




HTTP/1.1 200 
Vary: Origin
Vary: Access-Control-Request-Method
Vary: Access-Control-Request-Headers
Content-Type: application/json
Transfer-Encoding: chunked
Date: Fri, 04 Jun 2021 14:12:28 GMT
Keep-Alive: timeout=60
Connection: keep-alive

{
    "stations": [
        {
            "id": 3,
            "name": "교대역"
        },
        {
            "id": 4,
            "name": "남부터미널역"
        },
        {
            "id": 2,
            "name": "양재역"
        }
    ],
    "distance": 5,
    "fare": 1250
}
2021-06-04 23:12:29.100  INFO 48164 --- [    Test worker] o.s.s.concurrent.ThreadPoolTaskExecutor  : Shutting down ExecutorService 'applicationTaskExecutor'
2021-06-04 23:12:29.101  INFO 48164 --- [    Test worker] com.zaxxer.hikari.HikariDataSource       : HikariPool-31 - Shutdown initiated...
2021-06-04 23:12:29.102  INFO 48164 --- [    Test worker] com.zaxxer.hikari.HikariDataSource       : HikariPool-31 - Shutdown completed.

  .   ____          _            __ _ _
 /\\ / ___'_ __ _ _(_)_ __  __ _ \ \ \ \
( ( )\___ | '_ | '_| | '_ \/ _` | \ \ \ \
 \\/  ___)| |_)| | | | | || (_| |  ) ) ) )
  '  |____| .__|_| |_|_| |_\__, | / / / /
 =========|_|==============|___/=/_/_/_/
 :: Spring Boot ::                (v2.4.3)

2021-06-04 23:12:29.117  INFO 48164 --- [    Test worker] wooteco.subway.path.PathAcceptanceTest   : Starting PathAcceptanceTest using Java 14.0.1 on Hyeon9makui-MacBook-Pro.local with PID 48164 (started by hyeon9mak in /Users/hyeon9mak/Documents/GitHub/atdd-subway-fare)
2021-06-04 23:12:29.117  INFO 48164 --- [    Test worker] wooteco.subway.path.PathAcceptanceTest   : The following profiles are active: test
2021-06-04 23:12:29.232  INFO 48164 --- [    Test worker] trationDelegate$BeanPostProcessorChecker : Bean 'pl.allegro.tech.boot.autoconfigure.handlebars.HandlebarsHelpersAutoConfiguration' of type [pl.allegro.tech.boot.autoconfigure.handlebars.HandlebarsHelpersAutoConfiguration$$EnhancerBySpringCGLIB$$3bd2ee05] is not eligible for getting processed by all BeanPostProcessors (for example: not eligible for auto-proxying)
2021-06-04 23:12:29.250  INFO 48164 --- [    Test worker] trationDelegate$BeanPostProcessorChecker : Bean 'handlebars.resolver-pl.allegro.tech.boot.autoconfigure.handlebars.HandlebarsValueResolversProperties' of type [pl.allegro.tech.boot.autoconfigure.handlebars.HandlebarsValueResolversProperties] is not eligible for getting processed by all BeanPostProcessors (for example: not eligible for auto-proxying)
2021-06-04 23:12:29.252  INFO 48164 --- [    Test worker] trationDelegate$BeanPostProcessorChecker : Bean 'handlebars-pl.allegro.tech.boot.autoconfigure.handlebars.HandlebarsProperties' of type [pl.allegro.tech.boot.autoconfigure.handlebars.HandlebarsProperties] is not eligible for getting processed by all BeanPostProcessors (for example: not eligible for auto-proxying)
2021-06-04 23:12:29.253  INFO 48164 --- [    Test worker] trationDelegate$BeanPostProcessorChecker : Bean 'pl.allegro.tech.boot.autoconfigure.handlebars.HandlebarsAutoConfiguration$HandlebarsViewResolverConfiguration' of type [pl.allegro.tech.boot.autoconfigure.handlebars.HandlebarsAutoConfiguration$HandlebarsViewResolverConfiguration$$EnhancerBySpringCGLIB$$4eba18a3] is not eligible for getting processed by all BeanPostProcessors (for example: not eligible for auto-proxying)
2021-06-04 23:12:29.259  INFO 48164 --- [    Test worker] trationDelegate$BeanPostProcessorChecker : Bean 'handlebarsViewResolver' of type [com.github.jknack.handlebars.springmvc.HandlebarsViewResolver] is not eligible for getting processed by all BeanPostProcessors (for example: not eligible for auto-proxying)
2021-06-04 23:12:29.299  INFO 48164 --- [    Test worker] o.s.b.w.embedded.tomcat.TomcatWebServer  : Tomcat initialized with port(s): 0 (http)
2021-06-04 23:12:29.300  INFO 48164 --- [    Test worker] o.apache.catalina.core.StandardService   : Starting service [Tomcat]
2021-06-04 23:12:29.300  INFO 48164 --- [    Test worker] org.apache.catalina.core.StandardEngine  : Starting Servlet engine: [Apache Tomcat/9.0.43]
2021-06-04 23:12:29.314  INFO 48164 --- [    Test worker] o.a.c.c.C.[Tomcat].[localhost].[/]       : Initializing Spring embedded WebApplicationContext
2021-06-04 23:12:29.314  INFO 48164 --- [    Test worker] w.s.c.ServletWebServerApplicationContext : Root WebApplicationContext: initialization completed in 196 ms
2021-06-04 23:12:29.340  INFO 48164 --- [    Test worker] com.zaxxer.hikari.HikariDataSource       : HikariPool-32 - Starting...
2021-06-04 23:12:29.342  INFO 48164 --- [    Test worker] com.zaxxer.hikari.HikariDataSource       : HikariPool-32 - Start completed.
2021-06-04 23:12:29.345  INFO 48164 --- [    Test worker] o.s.b.a.h2.H2ConsoleAutoConfiguration    : H2 console available at '/h2-console'. Database available at 'jdbc:h2:mem:testdb'
2021-06-04 23:12:29.398  INFO 48164 --- [    Test worker] n.r.s.b.l.access.LogbackAccessContext    : Configured the Logback-access: context=[default], config=[classpath:logback-access.xml]
2021-06-04 23:12:29.479  INFO 48164 --- [    Test worker] o.s.s.concurrent.ThreadPoolTaskExecutor  : Initializing ExecutorService 'applicationTaskExecutor'
2021-06-04 23:12:29.499  INFO 48164 --- [    Test worker] o.s.b.a.w.s.WelcomePageHandlerMapping    : Adding welcome page template: index
2021-06-04 23:12:29.587  INFO 48164 --- [    Test worker] o.s.b.w.embedded.tomcat.TomcatWebServer  : Tomcat started on port(s): 58009 (http) with context path ''
2021-06-04 23:12:29.589  INFO 48164 --- [    Test worker] wooteco.subway.path.PathAcceptanceTest   : Started PathAcceptanceTest in 0.486 seconds (JVM running for 32.583)
Request method:	POST
Request URI:	http://localhost:58009/api/members
Proxy:			<none>
Request params:	<none>
Query params:	<none>
Form params:	<none>
Path params:	<none>
Headers:		Accept=*/*
				Content-Type=application/json; charset=UTF-8
Cookies:		<none>
Multiparts:		<none>
Body:
{
    "email": "email@email.com",
    "password": "password",
    "age": 20
}
2021-06-04 23:12:29.597  INFO 48164 --- [-auto-32-exec-1] o.a.c.c.C.[Tomcat].[localhost].[/]       : Initializing Spring DispatcherServlet 'dispatcherServlet'
2021-06-04 23:12:29.597  INFO 48164 --- [-auto-32-exec-1] o.s.web.servlet.DispatcherServlet        : Initializing Servlet 'dispatcherServlet'
2021-06-04 23:12:29.597  INFO 48164 --- [-auto-32-exec-1] o.s.web.servlet.DispatcherServlet        : Completed initialization in 0 ms

###### HTTP Request ######
POST /api/members HTTP/1.1
accept: */*
content-type: application/json; charset=UTF-8
content-length: 58
host: localhost:58009
connection: Keep-Alive
user-agent: Apache-HttpClient/4.5.13 (Java/14.0.1)
accept-encoding: gzip,deflate


###### HTTP Response ######
HTTP/1.1 201 Created
Keep-Alive: timeout=60
Connection: keep-alive
Vary: Origin
Content-Length: 0
Date: Fri, 04 Jun 2021 14:12:28 GMT
Location: /members/1




HTTP/1.1 201 
Vary: Origin
Vary: Access-Control-Request-Method
Vary: Access-Control-Request-Headers
Location: /members/1
Content-Length: 0
Date: Fri, 04 Jun 2021 14:12:28 GMT
Keep-Alive: timeout=60
Connection: keep-alive

###### HTTP Request ######
POST /api/login/token HTTP/1.1
accept: */*
content-type: application/json; charset=UTF-8
content-length: 49
host: localhost:58009
connection: Keep-Alive
user-agent: Apache-HttpClient/4.5.13 (Java/14.0.1)
accept-encoding: gzip,deflate


###### HTTP Response ######
HTTP/1.1 200 OK
Transfer-Encoding: chunked
Keep-Alive: timeout=60
Connection: keep-alive
Vary: Origin
Date: Fri, 04 Jun 2021 14:12:28 GMT
Content-Type: application/json




Request method:	POST
Request URI:	http://localhost:58009/api/stations
Proxy:			<none>
Request params:	<none>
Query params:	<none>
Form params:	<none>
Path params:	<none>
Headers:		Accept=*/*
				Content-Type=application/json; charset=UTF-8
Cookies:		<none>
Multiparts:		<none>
Body:
{
    "name": "강남역"
}

###### HTTP Request ######
POST /api/stations HTTP/1.1
authorization: Bearer eyJhbGciOiJIUzI1NiJ9.eyJzdWIiOiJlbWFpbEBlbWFpbC5jb20iLCJpYXQiOjE2MjI4MTU5NDksImV4cCI6MTYyMjgxOTU0OX0.oN9I7q1fBLjgl9jkk1r6ANEo6KGl8waQGKsuCGwKJdw
accept: */*
content-type: application/json; charset=UTF-8
content-length: 20
host: localhost:58009
connection: Keep-Alive
user-agent: Apache-HttpClient/4.5.13 (Java/14.0.1)
accept-encoding: gzip,deflate


###### HTTP Response ######
HTTP/1.1 201 Created
Transfer-Encoding: chunked
Keep-Alive: timeout=60
Connection: keep-alive
Vary: Origin
Date: Fri, 04 Jun 2021 14:12:28 GMT
Location: /stations/1
Content-Type: application/json




HTTP/1.1 201 
Vary: Origin
Vary: Access-Control-Request-Method
Vary: Access-Control-Request-Headers
Location: /stations/1
Content-Type: application/json
Transfer-Encoding: chunked
Date: Fri, 04 Jun 2021 14:12:28 GMT
Keep-Alive: timeout=60
Connection: keep-alive

{
    "id": 1,
    "name": "강남역"
}

###### HTTP Request ######
POST /api/login/token HTTP/1.1
accept: */*
content-type: application/json; charset=UTF-8
content-length: 49
host: localhost:58009
connection: Keep-Alive
user-agent: Apache-HttpClient/4.5.13 (Java/14.0.1)
accept-encoding: gzip,deflate


###### HTTP Response ######
HTTP/1.1 200 OK
Transfer-Encoding: chunked
Keep-Alive: timeout=60
Connection: keep-alive
Vary: Origin
Date: Fri, 04 Jun 2021 14:12:28 GMT
Content-Type: application/json




Request method:	POST
Request URI:	http://localhost:58009/api/stations
Proxy:			<none>
Request params:	<none>
Query params:	<none>
Form params:	<none>
Path params:	<none>
Headers:		Accept=*/*
				Content-Type=application/json; charset=UTF-8
Cookies:		<none>
Multiparts:		<none>
Body:
{
    "name": "양재역"
}

###### HTTP Request ######
POST /api/stations HTTP/1.1
authorization: Bearer eyJhbGciOiJIUzI1NiJ9.eyJzdWIiOiJlbWFpbEBlbWFpbC5jb20iLCJpYXQiOjE2MjI4MTU5NDksImV4cCI6MTYyMjgxOTU0OX0.oN9I7q1fBLjgl9jkk1r6ANEo6KGl8waQGKsuCGwKJdw
accept: */*
content-type: application/json; charset=UTF-8
content-length: 20
host: localhost:58009
connection: Keep-Alive
user-agent: Apache-HttpClient/4.5.13 (Java/14.0.1)
accept-encoding: gzip,deflate


###### HTTP Response ######
HTTP/1.1 201 Created
Transfer-Encoding: chunked
Keep-Alive: timeout=60
Connection: keep-alive
Vary: Origin
Date: Fri, 04 Jun 2021 14:12:28 GMT
Location: /stations/2
Content-Type: application/json




HTTP/1.1 201 
Vary: Origin
Vary: Access-Control-Request-Method
Vary: Access-Control-Request-Headers
Location: /stations/2
Content-Type: application/json
Transfer-Encoding: chunked
Date: Fri, 04 Jun 2021 14:12:28 GMT
Keep-Alive: timeout=60
Connection: keep-alive

{
    "id": 2,
    "name": "양재역"
}

###### HTTP Request ######
POST /api/login/token HTTP/1.1
accept: */*
content-type: application/json; charset=UTF-8
content-length: 49
host: localhost:58009
connection: Keep-Alive
user-agent: Apache-HttpClient/4.5.13 (Java/14.0.1)
accept-encoding: gzip,deflate


###### HTTP Response ######
HTTP/1.1 200 OK
Transfer-Encoding: chunked
Keep-Alive: timeout=60
Connection: keep-alive
Vary: Origin
Date: Fri, 04 Jun 2021 14:12:28 GMT
Content-Type: application/json




Request method:	POST
Request URI:	http://localhost:58009/api/stations
Proxy:			<none>
Request params:	<none>
Query params:	<none>
Form params:	<none>
Path params:	<none>
Headers:		Accept=*/*
				Content-Type=application/json; charset=UTF-8
Cookies:		<none>
Multiparts:		<none>
Body:
{
    "name": "교대역"
}

###### HTTP Request ######
POST /api/stations HTTP/1.1
authorization: Bearer eyJhbGciOiJIUzI1NiJ9.eyJzdWIiOiJlbWFpbEBlbWFpbC5jb20iLCJpYXQiOjE2MjI4MTU5NDksImV4cCI6MTYyMjgxOTU0OX0.oN9I7q1fBLjgl9jkk1r6ANEo6KGl8waQGKsuCGwKJdw
accept: */*
content-type: application/json; charset=UTF-8
content-length: 20
host: localhost:58009
connection: Keep-Alive
user-agent: Apache-HttpClient/4.5.13 (Java/14.0.1)
accept-encoding: gzip,deflate


###### HTTP Response ######
HTTP/1.1 201 Created
Transfer-Encoding: chunked
Keep-Alive: timeout=60
Connection: keep-alive
Vary: Origin
Date: Fri, 04 Jun 2021 14:12:28 GMT
Location: /stations/3
Content-Type: application/json




HTTP/1.1 201 
Vary: Origin
Vary: Access-Control-Request-Method
Vary: Access-Control-Request-Headers
Location: /stations/3
Content-Type: application/json
Transfer-Encoding: chunked
Date: Fri, 04 Jun 2021 14:12:28 GMT
Keep-Alive: timeout=60
Connection: keep-alive

{
    "id": 3,
    "name": "교대역"
}

###### HTTP Request ######
POST /api/login/token HTTP/1.1
accept: */*
content-type: application/json; charset=UTF-8
content-length: 49
host: localhost:58009
connection: Keep-Alive
user-agent: Apache-HttpClient/4.5.13 (Java/14.0.1)
accept-encoding: gzip,deflate


###### HTTP Response ######
HTTP/1.1 200 OK
Transfer-Encoding: chunked
Keep-Alive: timeout=60
Connection: keep-alive
Vary: Origin
Date: Fri, 04 Jun 2021 14:12:28 GMT
Content-Type: application/json




Request method:	POST
Request URI:	http://localhost:58009/api/stations
Proxy:			<none>
Request params:	<none>
Query params:	<none>
Form params:	<none>
Path params:	<none>
Headers:		Accept=*/*
				Content-Type=application/json; charset=UTF-8
Cookies:		<none>
Multiparts:		<none>
Body:
{
    "name": "남부터미널역"
}

###### HTTP Request ######
POST /api/stations HTTP/1.1
authorization: Bearer eyJhbGciOiJIUzI1NiJ9.eyJzdWIiOiJlbWFpbEBlbWFpbC5jb20iLCJpYXQiOjE2MjI4MTU5NDksImV4cCI6MTYyMjgxOTU0OX0.oN9I7q1fBLjgl9jkk1r6ANEo6KGl8waQGKsuCGwKJdw
accept: */*
content-type: application/json; charset=UTF-8
content-length: 29
host: localhost:58009
connection: Keep-Alive
user-agent: Apache-HttpClient/4.5.13 (Java/14.0.1)
accept-encoding: gzip,deflate


###### HTTP Response ######
HTTP/1.1 201 Created
Transfer-Encoding: chunked
Keep-Alive: timeout=60
Connection: keep-alive
Vary: Origin
Date: Fri, 04 Jun 2021 14:12:28 GMT
Location: /stations/4
Content-Type: application/json




HTTP/1.1 201 
Vary: Origin
Vary: Access-Control-Request-Method
Vary: Access-Control-Request-Headers
Location: /stations/4
Content-Type: application/json
Transfer-Encoding: chunked
Date: Fri, 04 Jun 2021 14:12:28 GMT
Keep-Alive: timeout=60
Connection: keep-alive

{
    "id": 4,
    "name": "남부터미널역"
}

###### HTTP Request ######
POST /api/login/token HTTP/1.1
accept: */*
content-type: application/json; charset=UTF-8
content-length: 49
host: localhost:58009
connection: Keep-Alive
user-agent: Apache-HttpClient/4.5.13 (Java/14.0.1)
accept-encoding: gzip,deflate


###### HTTP Response ######
HTTP/1.1 200 OK
Transfer-Encoding: chunked
Keep-Alive: timeout=60
Connection: keep-alive
Vary: Origin
Date: Fri, 04 Jun 2021 14:12:28 GMT
Content-Type: application/json




Request method:	POST
Request URI:	http://localhost:58009/api/lines
Proxy:			<none>
Request params:	<none>
Query params:	<none>
Form params:	<none>
Path params:	<none>
Headers:		Accept=*/*
				Content-Type=application/json; charset=UTF-8
Cookies:		<none>
Multiparts:		<none>
Body:
{
    "name": "신분당선",
    "color": "bg-red-600",
    "upStationId": 1,
    "downStationId": 2,
    "distance": 10,
    "extraFare": 0
}

###### HTTP Request ######
POST /api/lines HTTP/1.1
authorization: Bearer eyJhbGciOiJIUzI1NiJ9.eyJzdWIiOiJlbWFpbEBlbWFpbC5jb20iLCJpYXQiOjE2MjI4MTU5NDksImV4cCI6MTYyMjgxOTU0OX0.oN9I7q1fBLjgl9jkk1r6ANEo6KGl8waQGKsuCGwKJdw
accept: */*
content-type: application/json; charset=UTF-8
content-length: 106
host: localhost:58009
connection: Keep-Alive
user-agent: Apache-HttpClient/4.5.13 (Java/14.0.1)
accept-encoding: gzip,deflate


###### HTTP Response ######
HTTP/1.1 201 Created
Transfer-Encoding: chunked
Keep-Alive: timeout=60
Connection: keep-alive
Vary: Origin
Date: Fri, 04 Jun 2021 14:12:28 GMT
Location: /lines/1
Content-Type: application/json




HTTP/1.1 201 
Vary: Origin
Vary: Access-Control-Request-Method
Vary: Access-Control-Request-Headers
Location: /lines/1
Content-Type: application/json
Transfer-Encoding: chunked
Date: Fri, 04 Jun 2021 14:12:28 GMT
Keep-Alive: timeout=60
Connection: keep-alive

{
    "id": 1,
    "name": "신분당선",
    "color": "bg-red-600",
    "extraFare": 0,
    "stations": [
        {
            "id": 1,
            "name": "강남역"
        },
        {
            "id": 2,
            "name": "양재역"
        }
    ]
}

###### HTTP Request ######
POST /api/login/token HTTP/1.1
accept: */*
content-type: application/json; charset=UTF-8
content-length: 49
host: localhost:58009
connection: Keep-Alive
user-agent: Apache-HttpClient/4.5.13 (Java/14.0.1)
accept-encoding: gzip,deflate


###### HTTP Response ######
HTTP/1.1 200 OK
Transfer-Encoding: chunked
Keep-Alive: timeout=60
Connection: keep-alive
Vary: Origin
Date: Fri, 04 Jun 2021 14:12:28 GMT
Content-Type: application/json




Request method:	POST
Request URI:	http://localhost:58009/api/lines
Proxy:			<none>
Request params:	<none>
Query params:	<none>
Form params:	<none>
Path params:	<none>
Headers:		Accept=*/*
				Content-Type=application/json; charset=UTF-8
Cookies:		<none>
Multiparts:		<none>
Body:
{
    "name": "이호선",
    "color": "bg-red-600",
    "upStationId": 3,
    "downStationId": 1,
    "distance": 10,
    "extraFare": 0
}

###### HTTP Request ######
POST /api/lines HTTP/1.1
authorization: Bearer eyJhbGciOiJIUzI1NiJ9.eyJzdWIiOiJlbWFpbEBlbWFpbC5jb20iLCJpYXQiOjE2MjI4MTU5NDksImV4cCI6MTYyMjgxOTU0OX0.oN9I7q1fBLjgl9jkk1r6ANEo6KGl8waQGKsuCGwKJdw
accept: */*
content-type: application/json; charset=UTF-8
content-length: 103
host: localhost:58009
connection: Keep-Alive
user-agent: Apache-HttpClient/4.5.13 (Java/14.0.1)
accept-encoding: gzip,deflate


###### HTTP Response ######
HTTP/1.1 201 Created
Transfer-Encoding: chunked
Keep-Alive: timeout=60
Connection: keep-alive
Vary: Origin
Date: Fri, 04 Jun 2021 14:12:28 GMT
Location: /lines/2
Content-Type: application/json




HTTP/1.1 201 
Vary: Origin
Vary: Access-Control-Request-Method
Vary: Access-Control-Request-Headers
Location: /lines/2
Content-Type: application/json
Transfer-Encoding: chunked
Date: Fri, 04 Jun 2021 14:12:28 GMT
Keep-Alive: timeout=60
Connection: keep-alive

{
    "id": 2,
    "name": "이호선",
    "color": "bg-red-600",
    "extraFare": 0,
    "stations": [
        {
            "id": 3,
            "name": "교대역"
        },
        {
            "id": 1,
            "name": "강남역"
        }
    ]
}

###### HTTP Request ######
POST /api/login/token HTTP/1.1
accept: */*
content-type: application/json; charset=UTF-8
content-length: 49
host: localhost:58009
connection: Keep-Alive
user-agent: Apache-HttpClient/4.5.13 (Java/14.0.1)
accept-encoding: gzip,deflate


###### HTTP Response ######
HTTP/1.1 200 OK
Transfer-Encoding: chunked
Keep-Alive: timeout=60
Connection: keep-alive
Vary: Origin
Date: Fri, 04 Jun 2021 14:12:28 GMT
Content-Type: application/json




Request method:	POST
Request URI:	http://localhost:58009/api/lines
Proxy:			<none>
Request params:	<none>
Query params:	<none>
Form params:	<none>
Path params:	<none>
Headers:		Accept=*/*
				Content-Type=application/json; charset=UTF-8
Cookies:		<none>
Multiparts:		<none>
Body:
{
    "name": "삼호선",
    "color": "bg-red-600",
    "upStationId": 3,
    "downStationId": 2,
    "distance": 5,
    "extraFare": 0
}

###### HTTP Request ######
POST /api/lines HTTP/1.1
authorization: Bearer eyJhbGciOiJIUzI1NiJ9.eyJzdWIiOiJlbWFpbEBlbWFpbC5jb20iLCJpYXQiOjE2MjI4MTU5NDksImV4cCI6MTYyMjgxOTU0OX0.oN9I7q1fBLjgl9jkk1r6ANEo6KGl8waQGKsuCGwKJdw
accept: */*
content-type: application/json; charset=UTF-8
content-length: 102
host: localhost:58009
connection: Keep-Alive
user-agent: Apache-HttpClient/4.5.13 (Java/14.0.1)
accept-encoding: gzip,deflate


###### HTTP Response ######
HTTP/1.1 201 Created
Transfer-Encoding: chunked
Keep-Alive: timeout=60
Connection: keep-alive
Vary: Origin
Date: Fri, 04 Jun 2021 14:12:28 GMT
Location: /lines/3
Content-Type: application/json




HTTP/1.1 201 
Vary: Origin
Vary: Access-Control-Request-Method
Vary: Access-Control-Request-Headers
Location: /lines/3
Content-Type: application/json
Transfer-Encoding: chunked
Date: Fri, 04 Jun 2021 14:12:28 GMT
Keep-Alive: timeout=60
Connection: keep-alive

{
    "id": 3,
    "name": "삼호선",
    "color": "bg-red-600",
    "extraFare": 0,
    "stations": [
        {
            "id": 3,
            "name": "교대역"
        },
        {
            "id": 2,
            "name": "양재역"
        }
    ]
}

###### HTTP Request ######
POST /api/login/token HTTP/1.1
accept: */*
content-type: application/json; charset=UTF-8
content-length: 49
host: localhost:58009
connection: Keep-Alive
user-agent: Apache-HttpClient/4.5.13 (Java/14.0.1)
accept-encoding: gzip,deflate


###### HTTP Response ######
HTTP/1.1 200 OK
Transfer-Encoding: chunked
Keep-Alive: timeout=60
Connection: keep-alive
Vary: Origin
Date: Fri, 04 Jun 2021 14:12:28 GMT
Content-Type: application/json




Request method:	POST
Request URI:	http://localhost:58009/api/lines/3/sections
Proxy:			<none>
Request params:	<none>
Query params:	<none>
Form params:	<none>
Path params:	<none>
Headers:		Accept=*/*
				Content-Type=application/json; charset=UTF-8
Cookies:		<none>
Multiparts:		<none>
Body:
{
    "upStationId": 3,
    "downStationId": 4,
    "distance": 3
}

###### HTTP Request ######
POST /api/lines/3/sections HTTP/1.1
authorization: Bearer eyJhbGciOiJIUzI1NiJ9.eyJzdWIiOiJlbWFpbEBlbWFpbC5jb20iLCJpYXQiOjE2MjI4MTU5NDksImV4cCI6MTYyMjgxOTU0OX0.oN9I7q1fBLjgl9jkk1r6ANEo6KGl8waQGKsuCGwKJdw
accept: */*
content-type: application/json; charset=UTF-8
content-length: 48
host: localhost:58009
connection: Keep-Alive
user-agent: Apache-HttpClient/4.5.13 (Java/14.0.1)
accept-encoding: gzip,deflate


###### HTTP Response ######
HTTP/1.1 201 Created
Keep-Alive: timeout=60
Connection: keep-alive
Vary: Origin
Content-Length: 0
Date: Fri, 04 Jun 2021 14:12:29 GMT




HTTP/1.1 201 
Vary: Origin
Vary: Access-Control-Request-Method
Vary: Access-Control-Request-Headers
Content-Length: 0
Date: Fri, 04 Jun 2021 14:12:29 GMT
Keep-Alive: timeout=60
Connection: keep-alive
Request method:	POST
Request URI:	http://localhost:58009/api/members
Proxy:			<none>
Request params:	<none>
Query params:	<none>
Form params:	<none>
Path params:	<none>
Headers:		Accept=*/*
				Content-Type=application/json; charset=UTF-8
Cookies:		<none>
Multiparts:		<none>
Body:
{
    "email": "baby@baby.com",
    "password": "1234",
    "age": 5
}

###### HTTP Request ######
POST /api/members HTTP/1.1
accept: */*
content-type: application/json; charset=UTF-8
content-length: 51
host: localhost:58009
connection: Keep-Alive
user-agent: Apache-HttpClient/4.5.13 (Java/14.0.1)
accept-encoding: gzip,deflate


###### HTTP Response ######
HTTP/1.1 201 Created
Keep-Alive: timeout=60
Connection: keep-alive
Vary: Origin
Content-Length: 0
Date: Fri, 04 Jun 2021 14:12:29 GMT
Location: /members/2




HTTP/1.1 201 
Vary: Origin
Vary: Access-Control-Request-Method
Vary: Access-Control-Request-Headers
Location: /members/2
Content-Length: 0
Date: Fri, 04 Jun 2021 14:12:29 GMT
Keep-Alive: timeout=60
Connection: keep-alive
Request method:	POST
Request URI:	http://localhost:58009/api/members
Proxy:			<none>
Request params:	<none>
Query params:	<none>
Form params:	<none>
Path params:	<none>
Headers:		Accept=*/*
				Content-Type=application/json; charset=UTF-8
Cookies:		<none>
Multiparts:		<none>
Body:
{
    "email": "child@child.com",
    "password": "1234",
    "age": 7
}

###### HTTP Request ######
POST /api/members HTTP/1.1
accept: */*
content-type: application/json; charset=UTF-8
content-length: 53
host: localhost:58009
connection: Keep-Alive
user-agent: Apache-HttpClient/4.5.13 (Java/14.0.1)
accept-encoding: gzip,deflate


###### HTTP Response ######
HTTP/1.1 201 Created
Keep-Alive: timeout=60
Connection: keep-alive
Vary: Origin
Content-Length: 0
Date: Fri, 04 Jun 2021 14:12:29 GMT
Location: /members/3




HTTP/1.1 201 
Vary: Origin
Vary: Access-Control-Request-Method
Vary: Access-Control-Request-Headers
Location: /members/3
Content-Length: 0
Date: Fri, 04 Jun 2021 14:12:29 GMT
Keep-Alive: timeout=60
Connection: keep-alive
Request method:	POST
Request URI:	http://localhost:58009/api/members
Proxy:			<none>
Request params:	<none>
Query params:	<none>
Form params:	<none>
Path params:	<none>
Headers:		Accept=*/*
				Content-Type=application/json; charset=UTF-8
Cookies:		<none>
Multiparts:		<none>
Body:
{
    "email": "teenager@teenager.com",
    "password": "1234",
    "age": 15
}

###### HTTP Request ######
POST /api/members HTTP/1.1
accept: */*
content-type: application/json; charset=UTF-8
content-length: 60
host: localhost:58009
connection: Keep-Alive
user-agent: Apache-HttpClient/4.5.13 (Java/14.0.1)
accept-encoding: gzip,deflate


###### HTTP Response ######
HTTP/1.1 201 Created
Keep-Alive: timeout=60
Connection: keep-alive
Vary: Origin
Content-Length: 0
Date: Fri, 04 Jun 2021 14:12:29 GMT
Location: /members/4




HTTP/1.1 201 
Vary: Origin
Vary: Access-Control-Request-Method
Vary: Access-Control-Request-Headers
Location: /members/4
Content-Length: 0
Date: Fri, 04 Jun 2021 14:12:29 GMT
Keep-Alive: timeout=60
Connection: keep-alive
Request method:	POST
Request URI:	http://localhost:58009/api/members
Proxy:			<none>
Request params:	<none>
Query params:	<none>
Form params:	<none>
Path params:	<none>
Headers:		Accept=*/*
				Content-Type=application/json; charset=UTF-8
Cookies:		<none>
Multiparts:		<none>
Body:
{
    "email": "adult@adult.com",
    "password": "1234",
    "age": 20
}

###### HTTP Request ######
POST /api/members HTTP/1.1
accept: */*
content-type: application/json; charset=UTF-8
content-length: 54
host: localhost:58009
connection: Keep-Alive
user-agent: Apache-HttpClient/4.5.13 (Java/14.0.1)
accept-encoding: gzip,deflate


###### HTTP Response ######
HTTP/1.1 201 Created
Keep-Alive: timeout=60
Connection: keep-alive
Vary: Origin
Content-Length: 0
Date: Fri, 04 Jun 2021 14:12:29 GMT
Location: /members/5




HTTP/1.1 201 
Vary: Origin
Vary: Access-Control-Request-Method
Vary: Access-Control-Request-Headers
Location: /members/5
Content-Length: 0
Date: Fri, 04 Jun 2021 14:12:29 GMT
Keep-Alive: timeout=60
Connection: keep-alive

###### HTTP Request ######
POST /api/login/token HTTP/1.1
accept: */*
content-type: application/json; charset=UTF-8
content-length: 43
host: localhost:58009
connection: Keep-Alive
user-agent: Apache-HttpClient/4.5.13 (Java/14.0.1)
accept-encoding: gzip,deflate


###### HTTP Response ######
HTTP/1.1 200 OK
Transfer-Encoding: chunked
Keep-Alive: timeout=60
Connection: keep-alive
Vary: Origin
Date: Fri, 04 Jun 2021 14:12:29 GMT
Content-Type: application/json




Request method:	GET
Request URI:	http://localhost:58009/api/paths?source=3&target=2
Proxy:			<none>
Request params:	<none>
Query params:	<none>
Form params:	<none>
Path params:	<none>
Headers:		Accept=application/json
Cookies:		<none>
Multiparts:		<none>
Body:			<none>

###### HTTP Request ######
GET /api/paths?source=3&target=2 HTTP/1.1
authorization: Bearer eyJhbGciOiJIUzI1NiJ9.eyJzdWIiOiJiYWJ5QGJhYnkuY29tIiwiaWF0IjoxNjIyODE1OTQ5LCJleHAiOjE2MjI4MTk1NDl9.xxjNcxiXhhFWPcvZNiozsqOQTgQgTdge40fxq0Gcvzg
accept: application/json
host: localhost:58009
connection: Keep-Alive
user-agent: Apache-HttpClient/4.5.13 (Java/14.0.1)
accept-encoding: gzip,deflate


###### HTTP Response ######
HTTP/1.1 200 OK
Transfer-Encoding: chunked
Keep-Alive: timeout=60
Connection: keep-alive
Vary: Origin
Date: Fri, 04 Jun 2021 14:12:29 GMT
Content-Type: application/json




HTTP/1.1 200 
Vary: Origin
Vary: Access-Control-Request-Method
Vary: Access-Control-Request-Headers
Content-Type: application/json
Transfer-Encoding: chunked
Date: Fri, 04 Jun 2021 14:12:29 GMT
Keep-Alive: timeout=60
Connection: keep-alive

{
    "stations": [
        {
            "id": 3,
            "name": "교대역"
        },
        {
            "id": 4,
            "name": "남부터미널역"
        },
        {
            "id": 2,
            "name": "양재역"
        }
    ],
    "distance": 5,
    "fare": 0
}

###### HTTP Request ######
POST /api/login/token HTTP/1.1
accept: */*
content-type: application/json; charset=UTF-8
content-length: 45
host: localhost:58009
connection: Keep-Alive
user-agent: Apache-HttpClient/4.5.13 (Java/14.0.1)
accept-encoding: gzip,deflate


###### HTTP Response ######
HTTP/1.1 200 OK
Transfer-Encoding: chunked
Keep-Alive: timeout=60
Connection: keep-alive
Vary: Origin
Date: Fri, 04 Jun 2021 14:12:29 GMT
Content-Type: application/json




Request method:	GET
Request URI:	http://localhost:58009/api/paths?source=3&target=2
Proxy:			<none>
Request params:	<none>
Query params:	<none>
Form params:	<none>
Path params:	<none>
Headers:		Accept=application/json
Cookies:		<none>
Multiparts:		<none>
Body:			<none>

###### HTTP Request ######
GET /api/paths?source=3&target=2 HTTP/1.1
authorization: Bearer eyJhbGciOiJIUzI1NiJ9.eyJzdWIiOiJjaGlsZEBjaGlsZC5jb20iLCJpYXQiOjE2MjI4MTU5NDksImV4cCI6MTYyMjgxOTU0OX0.WVrRYO9lDMkCMn_TTcSWA7rl84sWR2Kk5f3GP1WVCCs
accept: application/json
host: localhost:58009
connection: Keep-Alive
user-agent: Apache-HttpClient/4.5.13 (Java/14.0.1)
accept-encoding: gzip,deflate


###### HTTP Response ######
HTTP/1.1 200 OK
Transfer-Encoding: chunked
Keep-Alive: timeout=60
Connection: keep-alive
Vary: Origin
Date: Fri, 04 Jun 2021 14:12:29 GMT
Content-Type: application/json




HTTP/1.1 200 
Vary: Origin
Vary: Access-Control-Request-Method
Vary: Access-Control-Request-Headers
Content-Type: application/json
Transfer-Encoding: chunked
Date: Fri, 04 Jun 2021 14:12:29 GMT
Keep-Alive: timeout=60
Connection: keep-alive

{
    "stations": [
        {
            "id": 3,
            "name": "교대역"
        },
        {
            "id": 4,
            "name": "남부터미널역"
        },
        {
            "id": 2,
            "name": "양재역"
        }
    ],
    "distance": 5,
    "fare": 450
}

###### HTTP Request ######
POST /api/login/token HTTP/1.1
accept: */*
content-type: application/json; charset=UTF-8
content-length: 51
host: localhost:58009
connection: Keep-Alive
user-agent: Apache-HttpClient/4.5.13 (Java/14.0.1)
accept-encoding: gzip,deflate


###### HTTP Response ######
HTTP/1.1 200 OK
Transfer-Encoding: chunked
Keep-Alive: timeout=60
Connection: keep-alive
Vary: Origin
Date: Fri, 04 Jun 2021 14:12:29 GMT
Content-Type: application/json




Request method:	GET
Request URI:	http://localhost:58009/api/paths?source=3&target=2
Proxy:			<none>
Request params:	<none>
Query params:	<none>
Form params:	<none>
Path params:	<none>
Headers:		Accept=application/json
Cookies:		<none>
Multiparts:		<none>
Body:			<none>

###### HTTP Request ######
GET /api/paths?source=3&target=2 HTTP/1.1
authorization: Bearer eyJhbGciOiJIUzI1NiJ9.eyJzdWIiOiJ0ZWVuYWdlckB0ZWVuYWdlci5jb20iLCJpYXQiOjE2MjI4MTU5NDksImV4cCI6MTYyMjgxOTU0OX0.Pqg6NojMjGmSKp4PyQ-zQYlIg9FbUZtiHa6qQpFpeNM
accept: application/json
host: localhost:58009
connection: Keep-Alive
user-agent: Apache-HttpClient/4.5.13 (Java/14.0.1)
accept-encoding: gzip,deflate


###### HTTP Response ######
HTTP/1.1 200 OK
Transfer-Encoding: chunked
Keep-Alive: timeout=60
Connection: keep-alive
Vary: Origin
Date: Fri, 04 Jun 2021 14:12:29 GMT
Content-Type: application/json




HTTP/1.1 200 
Vary: Origin
Vary: Access-Control-Request-Method
Vary: Access-Control-Request-Headers
Content-Type: application/json
Transfer-Encoding: chunked
Date: Fri, 04 Jun 2021 14:12:29 GMT
Keep-Alive: timeout=60
Connection: keep-alive

{
    "stations": [
        {
            "id": 3,
            "name": "교대역"
        },
        {
            "id": 4,
            "name": "남부터미널역"
        },
        {
            "id": 2,
            "name": "양재역"
        }
    ],
    "distance": 5,
    "fare": 720
}

###### HTTP Request ######
POST /api/login/token HTTP/1.1
accept: */*
content-type: application/json; charset=UTF-8
content-length: 45
host: localhost:58009
connection: Keep-Alive
user-agent: Apache-HttpClient/4.5.13 (Java/14.0.1)
accept-encoding: gzip,deflate


###### HTTP Response ######
HTTP/1.1 200 OK
Transfer-Encoding: chunked
Keep-Alive: timeout=60
Connection: keep-alive
Vary: Origin
Date: Fri, 04 Jun 2021 14:12:29 GMT
Content-Type: application/json




Request method:	GET
Request URI:	http://localhost:58009/api/paths?source=3&target=2
Proxy:			<none>
Request params:	<none>
Query params:	<none>
Form params:	<none>
Path params:	<none>
Headers:		Accept=application/json
Cookies:		<none>
Multiparts:		<none>
Body:			<none>

###### HTTP Request ######
GET /api/paths?source=3&target=2 HTTP/1.1
authorization: Bearer eyJhbGciOiJIUzI1NiJ9.eyJzdWIiOiJhZHVsdEBhZHVsdC5jb20iLCJpYXQiOjE2MjI4MTU5NDksImV4cCI6MTYyMjgxOTU0OX0.8fRC3jXMgb18p0c02TsyutZs0Hw1NfD5MzWQDI5_GQ8
accept: application/json
host: localhost:58009
connection: Keep-Alive
user-agent: Apache-HttpClient/4.5.13 (Java/14.0.1)
accept-encoding: gzip,deflate


###### HTTP Response ######
HTTP/1.1 200 OK
Transfer-Encoding: chunked
Keep-Alive: timeout=60
Connection: keep-alive
Vary: Origin
Date: Fri, 04 Jun 2021 14:12:29 GMT
Content-Type: application/json




HTTP/1.1 200 
Vary: Origin
Vary: Access-Control-Request-Method
Vary: Access-Control-Request-Headers
Content-Type: application/json
Transfer-Encoding: chunked
Date: Fri, 04 Jun 2021 14:12:29 GMT
Keep-Alive: timeout=60
Connection: keep-alive

{
    "stations": [
        {
            "id": 3,
            "name": "교대역"
        },
        {
            "id": 4,
            "name": "남부터미널역"
        },
        {
            "id": 2,
            "name": "양재역"
        }
    ],
    "distance": 5,
    "fare": 1250
}
]]></system-out>
  <system-err><![CDATA[]]></system-err>
</testsuite>
