<?xml version="1.0" encoding="UTF-8"?>
<testsuite name="wooteco.subway.auth.AuthControllerTest" tests="1" skipped="0" failures="0" errors="0" timestamp="2021-06-04T14:12:26" hostname="Hyeon9makui-MacBook-Pro.local" time="0.067">
  <properties/>
  <testcase name="login()" classname="wooteco.subway.auth.AuthControllerTest" time="0.067"/>
  <system-out><![CDATA[2021-06-04 23:12:25.614  INFO 48164 --- [    Test worker] .b.t.a.w.s.WebMvcTestContextBootstrapper : Neither @ContextConfiguration nor @ContextHierarchy found for test class [wooteco.subway.auth.AuthControllerTest], using SpringBootContextLoader
2021-06-04 23:12:25.614  INFO 48164 --- [    Test worker] o.s.t.c.support.AbstractContextLoader    : Could not detect default resource locations for test class [wooteco.subway.auth.AuthControllerTest]: no resource found for suffixes {-context.xml, Context.groovy}.
2021-06-04 23:12:25.614  INFO 48164 --- [    Test worker] t.c.s.AnnotationConfigContextLoaderUtils : Could not detect default configuration classes for test class [wooteco.subway.auth.AuthControllerTest]: AuthControllerTest does not declare any static, non-private, non-final, nested classes annotated with @Configuration.
2021-06-04 23:12:25.627  INFO 48164 --- [    Test worker] .b.t.c.SpringBootTestContextBootstrapper : Found @SpringBootConfiguration wooteco.subway.SubwayApplication for test class wooteco.subway.auth.AuthControllerTest
2021-06-04 23:12:25.628  INFO 48164 --- [    Test worker] .b.t.a.w.s.WebMvcTestContextBootstrapper : Loaded default TestExecutionListener class names from location [META-INF/spring.factories]: [org.springframework.boot.test.autoconfigure.restdocs.RestDocsTestExecutionListener, org.springframework.boot.test.autoconfigure.web.client.MockRestServiceServerResetTestExecutionListener, org.springframework.boot.test.autoconfigure.web.servlet.MockMvcPrintOnlyOnFailureTestExecutionListener, org.springframework.boot.test.autoconfigure.web.servlet.WebDriverTestExecutionListener, org.springframework.boot.test.autoconfigure.webservices.client.MockWebServiceServerTestExecutionListener, org.springframework.boot.test.mock.mockito.MockitoTestExecutionListener, org.springframework.boot.test.mock.mockito.ResetMocksTestExecutionListener, org.springframework.test.context.web.ServletTestExecutionListener, org.springframework.test.context.support.DirtiesContextBeforeModesTestExecutionListener, org.springframework.test.context.event.ApplicationEventsTestExecutionListener, org.springframework.test.context.support.DependencyInjectionTestExecutionListener, org.springframework.test.context.support.DirtiesContextTestExecutionListener, org.springframework.test.context.transaction.TransactionalTestExecutionListener, org.springframework.test.context.jdbc.SqlScriptsTestExecutionListener, org.springframework.test.context.event.EventPublishingTestExecutionListener]
2021-06-04 23:12:25.629  INFO 48164 --- [    Test worker] .b.t.a.w.s.WebMvcTestContextBootstrapper : Using TestExecutionListeners: [org.springframework.test.context.web.ServletTestExecutionListener@54430041, org.springframework.test.context.support.DirtiesContextBeforeModesTestExecutionListener@482877c8, org.springframework.test.context.event.ApplicationEventsTestExecutionListener@694f6bf7, org.springframework.boot.test.mock.mockito.MockitoTestExecutionListener@49ccc3cb, org.springframework.boot.test.autoconfigure.SpringBootDependencyInjectionTestExecutionListener@5c193bb, org.springframework.test.context.support.DirtiesContextTestExecutionListener@edc22fc, org.springframework.test.context.transaction.TransactionalTestExecutionListener@1c5ee003, org.springframework.test.context.jdbc.SqlScriptsTestExecutionListener@3323bad8, org.springframework.test.context.event.EventPublishingTestExecutionListener@3af6ab4c, org.springframework.boot.test.autoconfigure.restdocs.RestDocsTestExecutionListener@55d2b52c, org.springframework.boot.test.autoconfigure.web.client.MockRestServiceServerResetTestExecutionListener@3ee7196d, org.springframework.boot.test.autoconfigure.web.servlet.MockMvcPrintOnlyOnFailureTestExecutionListener@103c9113, org.springframework.boot.test.autoconfigure.web.servlet.WebDriverTestExecutionListener@1f9ff493, org.springframework.boot.test.autoconfigure.webservices.client.MockWebServiceServerTestExecutionListener@5f245999, org.springframework.boot.test.mock.mockito.ResetMocksTestExecutionListener@590e1f61]

  .   ____          _            __ _ _
 /\\ / ___'_ __ _ _(_)_ __  __ _ \ \ \ \
( ( )\___ | '_ | '_| | '_ \/ _` | \ \ \ \
 \\/  ___)| |_)| | | | | || (_| |  ) ) ) )
  '  |____| .__|_| |_|_| |_\__, | / / / /
 =========|_|==============|___/=/_/_/_/
 :: Spring Boot ::                (v2.4.3)

2021-06-04 23:12:25.646  INFO 48164 --- [    Test worker] wooteco.subway.auth.AuthControllerTest   : Starting AuthControllerTest using Java 14.0.1 on Hyeon9makui-MacBook-Pro.local with PID 48164 (started by hyeon9mak in /Users/hyeon9mak/Documents/GitHub/atdd-subway-fare)
2021-06-04 23:12:25.646  INFO 48164 --- [    Test worker] wooteco.subway.auth.AuthControllerTest   : The following profiles are active: test
2021-06-04 23:12:25.943  INFO 48164 --- [    Test worker] o.s.s.concurrent.ThreadPoolTaskExecutor  : Initializing ExecutorService 'applicationTaskExecutor'
2021-06-04 23:12:25.963  INFO 48164 --- [    Test worker] o.s.b.a.w.s.WelcomePageHandlerMapping    : Adding welcome page template: index
2021-06-04 23:12:26.065  INFO 48164 --- [    Test worker] o.s.b.t.m.w.SpringBootMockServletContext : Initializing Spring TestDispatcherServlet ''
2021-06-04 23:12:26.065  INFO 48164 --- [    Test worker] o.s.t.web.servlet.TestDispatcherServlet  : Initializing Servlet ''
2021-06-04 23:12:26.066  INFO 48164 --- [    Test worker] o.s.t.web.servlet.TestDispatcherServlet  : Completed initialization in 1 ms
2021-06-04 23:12:26.078  INFO 48164 --- [    Test worker] wooteco.subway.auth.AuthControllerTest   : Started AuthControllerTest in 0.443 seconds (JVM running for 29.072)

MockHttpServletRequest:
      HTTP Method = POST
      Request URI = /api/lines
       Parameters = {}
          Headers = [Content-Type:"application/json;charset=UTF-8", Content-Length:"49"]
             Body = {"email":"email@email.com","password":"password"}
    Session Attrs = {}

Handler:
             Type = org.springframework.web.servlet.resource.ResourceHttpRequestHandler

Async:
    Async started = false
     Async result = null

Resolved Exception:
             Type = null

ModelAndView:
        View name = null
             View = null
            Model = null

FlashMap:
       Attributes = null

MockHttpServletResponse:
           Status = 200
    Error message = null
          Headers = [Vary:"Origin", "Access-Control-Request-Method", "Access-Control-Request-Headers"]
     Content type = null
             Body = 
    Forwarded URL = null
   Redirected URL = null
          Cookies = []
]]></system-out>
  <system-err><![CDATA[]]></system-err>
</testsuite>
