<?xml version="1.0" encoding="UTF-8"?>
<testsuite name="wooteco.subway.station.StationDaoTest" tests="4" skipped="0" failures="0" errors="0" timestamp="2021-06-04T14:12:48" hostname="Hyeon9makui-MacBook-Pro.local" time="1.954">
  <properties/>
  <testcase name="delete()" classname="wooteco.subway.station.StationDaoTest" time="0.515"/>
  <testcase name="deleteVoidStation()" classname="wooteco.subway.station.StationDaoTest" time="0.46"/>
  <testcase name="checkSave()" classname="wooteco.subway.station.StationDaoTest" time="0.499"/>
  <testcase name="checkAllStation()" classname="wooteco.subway.station.StationDaoTest" time="0.48"/>
  <system-out><![CDATA[2021-06-04 23:12:48.948  INFO 48164 --- [    Test worker] .b.t.c.SpringBootTestContextBootstrapper : Neither @ContextConfiguration nor @ContextHierarchy found for test class [wooteco.subway.station.StationDaoTest], using SpringBootContextLoader
2021-06-04 23:12:48.949  INFO 48164 --- [    Test worker] o.s.t.c.support.AbstractContextLoader    : Could not detect default resource locations for test class [wooteco.subway.station.StationDaoTest]: no resource found for suffixes {-context.xml, Context.groovy}.
2021-06-04 23:12:48.949  INFO 48164 --- [    Test worker] t.c.s.AnnotationConfigContextLoaderUtils : Could not detect default configuration classes for test class [wooteco.subway.station.StationDaoTest]: StationDaoTest does not declare any static, non-private, non-final, nested classes annotated with @Configuration.
2021-06-04 23:12:48.950  INFO 48164 --- [    Test worker] .b.t.c.SpringBootTestContextBootstrapper : Found @SpringBootConfiguration wooteco.subway.SubwayApplication for test class wooteco.subway.station.StationDaoTest
2021-06-04 23:12:48.951  INFO 48164 --- [    Test worker] .b.t.c.SpringBootTestContextBootstrapper : Loaded default TestExecutionListener class names from location [META-INF/spring.factories]: [org.springframework.boot.test.autoconfigure.restdocs.RestDocsTestExecutionListener, org.springframework.boot.test.autoconfigure.web.client.MockRestServiceServerResetTestExecutionListener, org.springframework.boot.test.autoconfigure.web.servlet.MockMvcPrintOnlyOnFailureTestExecutionListener, org.springframework.boot.test.autoconfigure.web.servlet.WebDriverTestExecutionListener, org.springframework.boot.test.autoconfigure.webservices.client.MockWebServiceServerTestExecutionListener, org.springframework.boot.test.mock.mockito.MockitoTestExecutionListener, org.springframework.boot.test.mock.mockito.ResetMocksTestExecutionListener, org.springframework.test.context.web.ServletTestExecutionListener, org.springframework.test.context.support.DirtiesContextBeforeModesTestExecutionListener, org.springframework.test.context.event.ApplicationEventsTestExecutionListener, org.springframework.test.context.support.DependencyInjectionTestExecutionListener, org.springframework.test.context.support.DirtiesContextTestExecutionListener, org.springframework.test.context.transaction.TransactionalTestExecutionListener, org.springframework.test.context.jdbc.SqlScriptsTestExecutionListener, org.springframework.test.context.event.EventPublishingTestExecutionListener]
2021-06-04 23:12:48.951  INFO 48164 --- [    Test worker] .b.t.c.SpringBootTestContextBootstrapper : Using TestExecutionListeners: [org.springframework.test.context.web.ServletTestExecutionListener@76690ae7, org.springframework.test.context.support.DirtiesContextBeforeModesTestExecutionListener@1b6e5868, org.springframework.test.context.event.ApplicationEventsTestExecutionListener@14b67f1f, org.springframework.boot.test.mock.mockito.MockitoTestExecutionListener@181170b8, org.springframework.boot.test.autoconfigure.SpringBootDependencyInjectionTestExecutionListener@26117f6f, org.springframework.test.context.support.DirtiesContextTestExecutionListener@4fd5cedd, org.springframework.test.context.transaction.TransactionalTestExecutionListener@68bc0ebf, org.springframework.test.context.jdbc.SqlScriptsTestExecutionListener@7bbb27a0, org.springframework.test.context.event.EventPublishingTestExecutionListener@56fcd5bf, org.springframework.boot.test.autoconfigure.restdocs.RestDocsTestExecutionListener@37be5a9b, org.springframework.boot.test.autoconfigure.web.client.MockRestServiceServerResetTestExecutionListener@3fff7325, org.springframework.boot.test.autoconfigure.web.servlet.MockMvcPrintOnlyOnFailureTestExecutionListener@1d5bd55d, org.springframework.boot.test.autoconfigure.web.servlet.WebDriverTestExecutionListener@2dbaaa64, org.springframework.boot.test.autoconfigure.webservices.client.MockWebServiceServerTestExecutionListener@689557ca, org.springframework.boot.test.mock.mockito.ResetMocksTestExecutionListener@2c3777a6]
2021-06-04 23:12:48.966  INFO 48164 --- [    Test worker] o.s.s.concurrent.ThreadPoolTaskExecutor  : Shutting down ExecutorService 'applicationTaskExecutor'
2021-06-04 23:12:48.966  INFO 48164 --- [    Test worker] com.zaxxer.hikari.HikariDataSource       : HikariPool-57 - Shutdown initiated...
2021-06-04 23:12:48.967  INFO 48164 --- [    Test worker] com.zaxxer.hikari.HikariDataSource       : HikariPool-57 - Shutdown completed.

  .   ____          _            __ _ _
 /\\ / ___'_ __ _ _(_)_ __  __ _ \ \ \ \
( ( )\___ | '_ | '_| | '_ \/ _` | \ \ \ \
 \\/  ___)| |_)| | | | | || (_| |  ) ) ) )
  '  |____| .__|_| |_|_| |_\__, | / / / /
 =========|_|==============|___/=/_/_/_/
 :: Spring Boot ::                (v2.4.3)

2021-06-04 23:12:48.981  INFO 48164 --- [    Test worker] wooteco.subway.station.StationDaoTest    : Starting StationDaoTest using Java 14.0.1 on Hyeon9makui-MacBook-Pro.local with PID 48164 (started by hyeon9mak in /Users/hyeon9mak/Documents/GitHub/atdd-subway-fare)
2021-06-04 23:12:48.981  INFO 48164 --- [    Test worker] wooteco.subway.station.StationDaoTest    : The following profiles are active: test
2021-06-04 23:12:49.122  INFO 48164 --- [    Test worker] trationDelegate$BeanPostProcessorChecker : Bean 'pl.allegro.tech.boot.autoconfigure.handlebars.HandlebarsHelpersAutoConfiguration' of type [pl.allegro.tech.boot.autoconfigure.handlebars.HandlebarsHelpersAutoConfiguration$$EnhancerBySpringCGLIB$$3bd2ee05] is not eligible for getting processed by all BeanPostProcessors (for example: not eligible for auto-proxying)
2021-06-04 23:12:49.138  INFO 48164 --- [    Test worker] trationDelegate$BeanPostProcessorChecker : Bean 'handlebars.resolver-pl.allegro.tech.boot.autoconfigure.handlebars.HandlebarsValueResolversProperties' of type [pl.allegro.tech.boot.autoconfigure.handlebars.HandlebarsValueResolversProperties] is not eligible for getting processed by all BeanPostProcessors (for example: not eligible for auto-proxying)
2021-06-04 23:12:49.141  INFO 48164 --- [    Test worker] trationDelegate$BeanPostProcessorChecker : Bean 'handlebars-pl.allegro.tech.boot.autoconfigure.handlebars.HandlebarsProperties' of type [pl.allegro.tech.boot.autoconfigure.handlebars.HandlebarsProperties] is not eligible for getting processed by all BeanPostProcessors (for example: not eligible for auto-proxying)
2021-06-04 23:12:49.141  INFO 48164 --- [    Test worker] trationDelegate$BeanPostProcessorChecker : Bean 'pl.allegro.tech.boot.autoconfigure.handlebars.HandlebarsAutoConfiguration$HandlebarsViewResolverConfiguration' of type [pl.allegro.tech.boot.autoconfigure.handlebars.HandlebarsAutoConfiguration$HandlebarsViewResolverConfiguration$$EnhancerBySpringCGLIB$$4eba18a3] is not eligible for getting processed by all BeanPostProcessors (for example: not eligible for auto-proxying)
2021-06-04 23:12:49.148  INFO 48164 --- [    Test worker] trationDelegate$BeanPostProcessorChecker : Bean 'handlebarsViewResolver' of type [com.github.jknack.handlebars.springmvc.HandlebarsViewResolver] is not eligible for getting processed by all BeanPostProcessors (for example: not eligible for auto-proxying)
2021-06-04 23:12:49.191  INFO 48164 --- [    Test worker] o.s.b.w.embedded.tomcat.TomcatWebServer  : Tomcat initialized with port(s): 0 (http)
2021-06-04 23:12:49.192  INFO 48164 --- [    Test worker] o.apache.catalina.core.StandardService   : Starting service [Tomcat]
2021-06-04 23:12:49.192  INFO 48164 --- [    Test worker] org.apache.catalina.core.StandardEngine  : Starting Servlet engine: [Apache Tomcat/9.0.43]
2021-06-04 23:12:49.205  INFO 48164 --- [    Test worker] o.a.c.c.C.[Tomcat].[localhost].[/]       : Initializing Spring embedded WebApplicationContext
2021-06-04 23:12:49.205  INFO 48164 --- [    Test worker] w.s.c.ServletWebServerApplicationContext : Root WebApplicationContext: initialization completed in 224 ms
2021-06-04 23:12:49.231  INFO 48164 --- [    Test worker] com.zaxxer.hikari.HikariDataSource       : HikariPool-58 - Starting...
2021-06-04 23:12:49.232  INFO 48164 --- [    Test worker] com.zaxxer.hikari.HikariDataSource       : HikariPool-58 - Start completed.
2021-06-04 23:12:49.235  INFO 48164 --- [    Test worker] o.s.b.a.h2.H2ConsoleAutoConfiguration    : H2 console available at '/h2-console'. Database available at 'jdbc:h2:mem:testdb'
2021-06-04 23:12:49.286  INFO 48164 --- [    Test worker] n.r.s.b.l.access.LogbackAccessContext    : Configured the Logback-access: context=[default], config=[classpath:logback-access.xml]
2021-06-04 23:12:49.369  INFO 48164 --- [    Test worker] o.s.s.concurrent.ThreadPoolTaskExecutor  : Initializing ExecutorService 'applicationTaskExecutor'
2021-06-04 23:12:49.384  INFO 48164 --- [    Test worker] o.s.b.a.w.s.WelcomePageHandlerMapping    : Adding welcome page template: index
2021-06-04 23:12:49.460  INFO 48164 --- [    Test worker] o.s.b.w.embedded.tomcat.TomcatWebServer  : Tomcat started on port(s): 58241 (http) with context path ''
2021-06-04 23:12:49.462  INFO 48164 --- [    Test worker] wooteco.subway.station.StationDaoTest    : Started StationDaoTest in 0.493 seconds (JVM running for 52.456)
2021-06-04 23:12:49.480  INFO 48164 --- [    Test worker] o.s.s.concurrent.ThreadPoolTaskExecutor  : Shutting down ExecutorService 'applicationTaskExecutor'
2021-06-04 23:12:49.480  INFO 48164 --- [    Test worker] com.zaxxer.hikari.HikariDataSource       : HikariPool-58 - Shutdown initiated...
2021-06-04 23:12:49.481  INFO 48164 --- [    Test worker] com.zaxxer.hikari.HikariDataSource       : HikariPool-58 - Shutdown completed.

  .   ____          _            __ _ _
 /\\ / ___'_ __ _ _(_)_ __  __ _ \ \ \ \
( ( )\___ | '_ | '_| | '_ \/ _` | \ \ \ \
 \\/  ___)| |_)| | | | | || (_| |  ) ) ) )
  '  |____| .__|_| |_|_| |_\__, | / / / /
 =========|_|==============|___/=/_/_/_/
 :: Spring Boot ::                (v2.4.3)

2021-06-04 23:12:49.492  INFO 48164 --- [    Test worker] wooteco.subway.station.StationDaoTest    : Starting StationDaoTest using Java 14.0.1 on Hyeon9makui-MacBook-Pro.local with PID 48164 (started by hyeon9mak in /Users/hyeon9mak/Documents/GitHub/atdd-subway-fare)
2021-06-04 23:12:49.493  INFO 48164 --- [    Test worker] wooteco.subway.station.StationDaoTest    : The following profiles are active: test
2021-06-04 23:12:49.605  INFO 48164 --- [    Test worker] trationDelegate$BeanPostProcessorChecker : Bean 'pl.allegro.tech.boot.autoconfigure.handlebars.HandlebarsHelpersAutoConfiguration' of type [pl.allegro.tech.boot.autoconfigure.handlebars.HandlebarsHelpersAutoConfiguration$$EnhancerBySpringCGLIB$$3bd2ee05] is not eligible for getting processed by all BeanPostProcessors (for example: not eligible for auto-proxying)
2021-06-04 23:12:49.618  INFO 48164 --- [    Test worker] trationDelegate$BeanPostProcessorChecker : Bean 'handlebars.resolver-pl.allegro.tech.boot.autoconfigure.handlebars.HandlebarsValueResolversProperties' of type [pl.allegro.tech.boot.autoconfigure.handlebars.HandlebarsValueResolversProperties] is not eligible for getting processed by all BeanPostProcessors (for example: not eligible for auto-proxying)
2021-06-04 23:12:49.620  INFO 48164 --- [    Test worker] trationDelegate$BeanPostProcessorChecker : Bean 'handlebars-pl.allegro.tech.boot.autoconfigure.handlebars.HandlebarsProperties' of type [pl.allegro.tech.boot.autoconfigure.handlebars.HandlebarsProperties] is not eligible for getting processed by all BeanPostProcessors (for example: not eligible for auto-proxying)
2021-06-04 23:12:49.620  INFO 48164 --- [    Test worker] trationDelegate$BeanPostProcessorChecker : Bean 'pl.allegro.tech.boot.autoconfigure.handlebars.HandlebarsAutoConfiguration$HandlebarsViewResolverConfiguration' of type [pl.allegro.tech.boot.autoconfigure.handlebars.HandlebarsAutoConfiguration$HandlebarsViewResolverConfiguration$$EnhancerBySpringCGLIB$$4eba18a3] is not eligible for getting processed by all BeanPostProcessors (for example: not eligible for auto-proxying)
2021-06-04 23:12:49.628  INFO 48164 --- [    Test worker] trationDelegate$BeanPostProcessorChecker : Bean 'handlebarsViewResolver' of type [com.github.jknack.handlebars.springmvc.HandlebarsViewResolver] is not eligible for getting processed by all BeanPostProcessors (for example: not eligible for auto-proxying)
2021-06-04 23:12:49.665  INFO 48164 --- [    Test worker] o.s.b.w.embedded.tomcat.TomcatWebServer  : Tomcat initialized with port(s): 0 (http)
2021-06-04 23:12:49.666  INFO 48164 --- [    Test worker] o.apache.catalina.core.StandardService   : Starting service [Tomcat]
2021-06-04 23:12:49.666  INFO 48164 --- [    Test worker] org.apache.catalina.core.StandardEngine  : Starting Servlet engine: [Apache Tomcat/9.0.43]
2021-06-04 23:12:49.679  INFO 48164 --- [    Test worker] o.a.c.c.C.[Tomcat].[localhost].[/]       : Initializing Spring embedded WebApplicationContext
2021-06-04 23:12:49.680  INFO 48164 --- [    Test worker] w.s.c.ServletWebServerApplicationContext : Root WebApplicationContext: initialization completed in 186 ms
2021-06-04 23:12:49.704  INFO 48164 --- [    Test worker] com.zaxxer.hikari.HikariDataSource       : HikariPool-59 - Starting...
2021-06-04 23:12:49.705  INFO 48164 --- [    Test worker] com.zaxxer.hikari.HikariDataSource       : HikariPool-59 - Start completed.
2021-06-04 23:12:49.707  INFO 48164 --- [    Test worker] o.s.b.a.h2.H2ConsoleAutoConfiguration    : H2 console available at '/h2-console'. Database available at 'jdbc:h2:mem:testdb'
2021-06-04 23:12:49.754  INFO 48164 --- [    Test worker] n.r.s.b.l.access.LogbackAccessContext    : Configured the Logback-access: context=[default], config=[classpath:logback-access.xml]
2021-06-04 23:12:49.842  INFO 48164 --- [    Test worker] o.s.s.concurrent.ThreadPoolTaskExecutor  : Initializing ExecutorService 'applicationTaskExecutor'
2021-06-04 23:12:49.855  INFO 48164 --- [    Test worker] o.s.b.a.w.s.WelcomePageHandlerMapping    : Adding welcome page template: index
2021-06-04 23:12:49.924  INFO 48164 --- [    Test worker] o.s.b.w.embedded.tomcat.TomcatWebServer  : Tomcat started on port(s): 58243 (http) with context path ''
2021-06-04 23:12:49.926  INFO 48164 --- [    Test worker] wooteco.subway.station.StationDaoTest    : Started StationDaoTest in 0.443 seconds (JVM running for 52.92)
2021-06-04 23:12:49.939  INFO 48164 --- [    Test worker] o.s.s.concurrent.ThreadPoolTaskExecutor  : Shutting down ExecutorService 'applicationTaskExecutor'
2021-06-04 23:12:49.939  INFO 48164 --- [    Test worker] com.zaxxer.hikari.HikariDataSource       : HikariPool-59 - Shutdown initiated...
2021-06-04 23:12:49.940  INFO 48164 --- [    Test worker] com.zaxxer.hikari.HikariDataSource       : HikariPool-59 - Shutdown completed.

  .   ____          _            __ _ _
 /\\ / ___'_ __ _ _(_)_ __  __ _ \ \ \ \
( ( )\___ | '_ | '_| | '_ \/ _` | \ \ \ \
 \\/  ___)| |_)| | | | | || (_| |  ) ) ) )
  '  |____| .__|_| |_|_| |_\__, | / / / /
 =========|_|==============|___/=/_/_/_/
 :: Spring Boot ::                (v2.4.3)

2021-06-04 23:12:49.953  INFO 48164 --- [    Test worker] wooteco.subway.station.StationDaoTest    : Starting StationDaoTest using Java 14.0.1 on Hyeon9makui-MacBook-Pro.local with PID 48164 (started by hyeon9mak in /Users/hyeon9mak/Documents/GitHub/atdd-subway-fare)
2021-06-04 23:12:49.953  INFO 48164 --- [    Test worker] wooteco.subway.station.StationDaoTest    : The following profiles are active: test
2021-06-04 23:12:50.062  INFO 48164 --- [    Test worker] trationDelegate$BeanPostProcessorChecker : Bean 'pl.allegro.tech.boot.autoconfigure.handlebars.HandlebarsHelpersAutoConfiguration' of type [pl.allegro.tech.boot.autoconfigure.handlebars.HandlebarsHelpersAutoConfiguration$$EnhancerBySpringCGLIB$$3bd2ee05] is not eligible for getting processed by all BeanPostProcessors (for example: not eligible for auto-proxying)
2021-06-04 23:12:50.077  INFO 48164 --- [    Test worker] trationDelegate$BeanPostProcessorChecker : Bean 'handlebars.resolver-pl.allegro.tech.boot.autoconfigure.handlebars.HandlebarsValueResolversProperties' of type [pl.allegro.tech.boot.autoconfigure.handlebars.HandlebarsValueResolversProperties] is not eligible for getting processed by all BeanPostProcessors (for example: not eligible for auto-proxying)
2021-06-04 23:12:50.079  INFO 48164 --- [    Test worker] trationDelegate$BeanPostProcessorChecker : Bean 'handlebars-pl.allegro.tech.boot.autoconfigure.handlebars.HandlebarsProperties' of type [pl.allegro.tech.boot.autoconfigure.handlebars.HandlebarsProperties] is not eligible for getting processed by all BeanPostProcessors (for example: not eligible for auto-proxying)
2021-06-04 23:12:50.079  INFO 48164 --- [    Test worker] trationDelegate$BeanPostProcessorChecker : Bean 'pl.allegro.tech.boot.autoconfigure.handlebars.HandlebarsAutoConfiguration$HandlebarsViewResolverConfiguration' of type [pl.allegro.tech.boot.autoconfigure.handlebars.HandlebarsAutoConfiguration$HandlebarsViewResolverConfiguration$$EnhancerBySpringCGLIB$$4eba18a3] is not eligible for getting processed by all BeanPostProcessors (for example: not eligible for auto-proxying)
2021-06-04 23:12:50.085  INFO 48164 --- [    Test worker] trationDelegate$BeanPostProcessorChecker : Bean 'handlebarsViewResolver' of type [com.github.jknack.handlebars.springmvc.HandlebarsViewResolver] is not eligible for getting processed by all BeanPostProcessors (for example: not eligible for auto-proxying)
2021-06-04 23:12:50.128  INFO 48164 --- [    Test worker] o.s.b.w.embedded.tomcat.TomcatWebServer  : Tomcat initialized with port(s): 0 (http)
2021-06-04 23:12:50.129  INFO 48164 --- [    Test worker] o.apache.catalina.core.StandardService   : Starting service [Tomcat]
2021-06-04 23:12:50.129  INFO 48164 --- [    Test worker] org.apache.catalina.core.StandardEngine  : Starting Servlet engine: [Apache Tomcat/9.0.43]
2021-06-04 23:12:50.142  INFO 48164 --- [    Test worker] o.a.c.c.C.[Tomcat].[localhost].[/]       : Initializing Spring embedded WebApplicationContext
2021-06-04 23:12:50.142  INFO 48164 --- [    Test worker] w.s.c.ServletWebServerApplicationContext : Root WebApplicationContext: initialization completed in 188 ms
2021-06-04 23:12:50.168  INFO 48164 --- [    Test worker] com.zaxxer.hikari.HikariDataSource       : HikariPool-60 - Starting...
2021-06-04 23:12:50.169  INFO 48164 --- [    Test worker] com.zaxxer.hikari.HikariDataSource       : HikariPool-60 - Start completed.
2021-06-04 23:12:50.171  INFO 48164 --- [    Test worker] o.s.b.a.h2.H2ConsoleAutoConfiguration    : H2 console available at '/h2-console'. Database available at 'jdbc:h2:mem:testdb'
2021-06-04 23:12:50.223  INFO 48164 --- [    Test worker] n.r.s.b.l.access.LogbackAccessContext    : Configured the Logback-access: context=[default], config=[classpath:logback-access.xml]
2021-06-04 23:12:50.316  INFO 48164 --- [    Test worker] o.s.s.concurrent.ThreadPoolTaskExecutor  : Initializing ExecutorService 'applicationTaskExecutor'
2021-06-04 23:12:50.334  INFO 48164 --- [    Test worker] o.s.b.a.w.s.WelcomePageHandlerMapping    : Adding welcome page template: index
2021-06-04 23:12:50.420  INFO 48164 --- [    Test worker] o.s.b.w.embedded.tomcat.TomcatWebServer  : Tomcat started on port(s): 58257 (http) with context path ''
2021-06-04 23:12:50.422  INFO 48164 --- [    Test worker] wooteco.subway.station.StationDaoTest    : Started StationDaoTest in 0.48 seconds (JVM running for 53.416)
2021-06-04 23:12:50.433  INFO 48164 --- [    Test worker] o.s.s.concurrent.ThreadPoolTaskExecutor  : Shutting down ExecutorService 'applicationTaskExecutor'
2021-06-04 23:12:50.433  INFO 48164 --- [    Test worker] com.zaxxer.hikari.HikariDataSource       : HikariPool-60 - Shutdown initiated...
2021-06-04 23:12:50.435  INFO 48164 --- [    Test worker] com.zaxxer.hikari.HikariDataSource       : HikariPool-60 - Shutdown completed.

  .   ____          _            __ _ _
 /\\ / ___'_ __ _ _(_)_ __  __ _ \ \ \ \
( ( )\___ | '_ | '_| | '_ \/ _` | \ \ \ \
 \\/  ___)| |_)| | | | | || (_| |  ) ) ) )
  '  |____| .__|_| |_|_| |_\__, | / / / /
 =========|_|==============|___/=/_/_/_/
 :: Spring Boot ::                (v2.4.3)

2021-06-04 23:12:50.449  INFO 48164 --- [    Test worker] wooteco.subway.station.StationDaoTest    : Starting StationDaoTest using Java 14.0.1 on Hyeon9makui-MacBook-Pro.local with PID 48164 (started by hyeon9mak in /Users/hyeon9mak/Documents/GitHub/atdd-subway-fare)
2021-06-04 23:12:50.449  INFO 48164 --- [    Test worker] wooteco.subway.station.StationDaoTest    : The following profiles are active: test
2021-06-04 23:12:50.567  INFO 48164 --- [    Test worker] trationDelegate$BeanPostProcessorChecker : Bean 'pl.allegro.tech.boot.autoconfigure.handlebars.HandlebarsHelpersAutoConfiguration' of type [pl.allegro.tech.boot.autoconfigure.handlebars.HandlebarsHelpersAutoConfiguration$$EnhancerBySpringCGLIB$$3bd2ee05] is not eligible for getting processed by all BeanPostProcessors (for example: not eligible for auto-proxying)
2021-06-04 23:12:50.580  INFO 48164 --- [    Test worker] trationDelegate$BeanPostProcessorChecker : Bean 'handlebars.resolver-pl.allegro.tech.boot.autoconfigure.handlebars.HandlebarsValueResolversProperties' of type [pl.allegro.tech.boot.autoconfigure.handlebars.HandlebarsValueResolversProperties] is not eligible for getting processed by all BeanPostProcessors (for example: not eligible for auto-proxying)
2021-06-04 23:12:50.583  INFO 48164 --- [    Test worker] trationDelegate$BeanPostProcessorChecker : Bean 'handlebars-pl.allegro.tech.boot.autoconfigure.handlebars.HandlebarsProperties' of type [pl.allegro.tech.boot.autoconfigure.handlebars.HandlebarsProperties] is not eligible for getting processed by all BeanPostProcessors (for example: not eligible for auto-proxying)
2021-06-04 23:12:50.583  INFO 48164 --- [    Test worker] trationDelegate$BeanPostProcessorChecker : Bean 'pl.allegro.tech.boot.autoconfigure.handlebars.HandlebarsAutoConfiguration$HandlebarsViewResolverConfiguration' of type [pl.allegro.tech.boot.autoconfigure.handlebars.HandlebarsAutoConfiguration$HandlebarsViewResolverConfiguration$$EnhancerBySpringCGLIB$$4eba18a3] is not eligible for getting processed by all BeanPostProcessors (for example: not eligible for auto-proxying)
2021-06-04 23:12:50.588  INFO 48164 --- [    Test worker] trationDelegate$BeanPostProcessorChecker : Bean 'handlebarsViewResolver' of type [com.github.jknack.handlebars.springmvc.HandlebarsViewResolver] is not eligible for getting processed by all BeanPostProcessors (for example: not eligible for auto-proxying)
2021-06-04 23:12:50.626  INFO 48164 --- [    Test worker] o.s.b.w.embedded.tomcat.TomcatWebServer  : Tomcat initialized with port(s): 0 (http)
2021-06-04 23:12:50.627  INFO 48164 --- [    Test worker] o.apache.catalina.core.StandardService   : Starting service [Tomcat]
2021-06-04 23:12:50.627  INFO 48164 --- [    Test worker] org.apache.catalina.core.StandardEngine  : Starting Servlet engine: [Apache Tomcat/9.0.43]
2021-06-04 23:12:50.639  INFO 48164 --- [    Test worker] o.a.c.c.C.[Tomcat].[localhost].[/]       : Initializing Spring embedded WebApplicationContext
2021-06-04 23:12:50.639  INFO 48164 --- [    Test worker] w.s.c.ServletWebServerApplicationContext : Root WebApplicationContext: initialization completed in 190 ms
2021-06-04 23:12:50.660  INFO 48164 --- [    Test worker] com.zaxxer.hikari.HikariDataSource       : HikariPool-61 - Starting...
2021-06-04 23:12:50.664  INFO 48164 --- [    Test worker] com.zaxxer.hikari.HikariDataSource       : HikariPool-61 - Start completed.
2021-06-04 23:12:50.666  INFO 48164 --- [    Test worker] o.s.b.a.h2.H2ConsoleAutoConfiguration    : H2 console available at '/h2-console'. Database available at 'jdbc:h2:mem:testdb'
2021-06-04 23:12:50.705  INFO 48164 --- [    Test worker] n.r.s.b.l.access.LogbackAccessContext    : Configured the Logback-access: context=[default], config=[classpath:logback-access.xml]
2021-06-04 23:12:50.785  INFO 48164 --- [    Test worker] o.s.s.concurrent.ThreadPoolTaskExecutor  : Initializing ExecutorService 'applicationTaskExecutor'
2021-06-04 23:12:50.801  INFO 48164 --- [    Test worker] o.s.b.a.w.s.WelcomePageHandlerMapping    : Adding welcome page template: index
2021-06-04 23:12:50.899  INFO 48164 --- [    Test worker] o.s.b.w.embedded.tomcat.TomcatWebServer  : Tomcat started on port(s): 58259 (http) with context path ''
2021-06-04 23:12:50.901  INFO 48164 --- [    Test worker] wooteco.subway.station.StationDaoTest    : Started StationDaoTest in 0.464 seconds (JVM running for 53.896)
]]></system-out>
  <system-err><![CDATA[]]></system-err>
</testsuite>
