<?xml version="1.0" encoding="UTF-8"?>
<testsuite name="wooteco.subway.section.domain.SectionTest" tests="4" skipped="0" failures="0" errors="0" timestamp="2021-06-04T14:12:22" hostname="Hyeon9makui-MacBook-Pro.local" time="0.002">
  <properties/>
  <testcase name="validateDuplicatedStation()" classname="wooteco.subway.section.domain.SectionTest" time="0.001"/>
  <testcase name="updateForDelete()" classname="wooteco.subway.section.domain.SectionTest" time="0.0"/>
  <testcase name="hasSameStation()" classname="wooteco.subway.section.domain.SectionTest" time="0.001"/>
  <testcase name="updateForSave()" classname="wooteco.subway.section.domain.SectionTest" time="0.0"/>
  <system-out><![CDATA[]]></system-out>
  <system-err><![CDATA[]]></system-err>
</testsuite>
