<?xml version="1.0" encoding="UTF-8"?>
<testsuite name="wooteco.subway.line.LineServiceTest" tests="6" skipped="0" failures="0" errors="0" timestamp="2021-06-04T14:12:35" hostname="Hyeon9makui-MacBook-Pro.local" time="0.09">
  <properties/>
  <testcase name="delete()" classname="wooteco.subway.line.LineServiceTest" time="0.077"/>
  <testcase name="findOne()" classname="wooteco.subway.line.LineServiceTest" time="0.002"/>
  <testcase name="update()" classname="wooteco.subway.line.LineServiceTest" time="0.002"/>
  <testcase name="findLineMapResponses()" classname="wooteco.subway.line.LineServiceTest" time="0.003"/>
  <testcase name="showAllLines()" classname="wooteco.subway.line.LineServiceTest" time="0.001"/>
  <testcase name="createLine()" classname="wooteco.subway.line.LineServiceTest" time="0.002"/>
  <system-out><![CDATA[]]></system-out>
  <system-err><![CDATA[]]></system-err>
</testsuite>
