<?xml version="1.0" encoding="UTF-8"?>
<testsuite name="wooteco.subway.line.LineControllerTest" tests="8" skipped="0" failures="0" errors="0" timestamp="2021-06-04T14:12:35" hostname="Hyeon9makui-MacBook-Pro.local" time="0.179">
  <properties/>
  <testcase name="addLineStation()" classname="wooteco.subway.line.LineControllerTest" time="0.018"/>
  <testcase name="updateLine()" classname="wooteco.subway.line.LineControllerTest" time="0.028"/>
  <testcase name="removeLineStation()" classname="wooteco.subway.line.LineControllerTest" time="0.02"/>
  <testcase name="findLineMap()" classname="wooteco.subway.line.LineControllerTest" time="0.033"/>
  <testcase name="findLineById()" classname="wooteco.subway.line.LineControllerTest" time="0.024"/>
  <testcase name="createLine()" classname="wooteco.subway.line.LineControllerTest" time="0.017"/>
  <testcase name="deleteLine()" classname="wooteco.subway.line.LineControllerTest" time="0.011"/>
  <testcase name="findAllLines()" classname="wooteco.subway.line.LineControllerTest" time="0.02"/>
  <system-out><![CDATA[2021-06-04 23:12:35.200  INFO 48164 --- [    Test worker] .b.t.a.w.s.WebMvcTestContextBootstrapper : Neither @ContextConfiguration nor @ContextHierarchy found for test class [wooteco.subway.line.LineControllerTest], using SpringBootContextLoader
2021-06-04 23:12:35.201  INFO 48164 --- [    Test worker] o.s.t.c.support.AbstractContextLoader    : Could not detect default resource locations for test class [wooteco.subway.line.LineControllerTest]: no resource found for suffixes {-context.xml, Context.groovy}.
2021-06-04 23:12:35.201  INFO 48164 --- [    Test worker] t.c.s.AnnotationConfigContextLoaderUtils : Could not detect default configuration classes for test class [wooteco.subway.line.LineControllerTest]: LineControllerTest does not declare any static, non-private, non-final, nested classes annotated with @Configuration.
2021-06-04 23:12:35.207  INFO 48164 --- [    Test worker] .b.t.c.SpringBootTestContextBootstrapper : Found @SpringBootConfiguration wooteco.subway.SubwayApplication for test class wooteco.subway.line.LineControllerTest
2021-06-04 23:12:35.208  INFO 48164 --- [    Test worker] .b.t.a.w.s.WebMvcTestContextBootstrapper : Loaded default TestExecutionListener class names from location [META-INF/spring.factories]: [org.springframework.boot.test.autoconfigure.restdocs.RestDocsTestExecutionListener, org.springframework.boot.test.autoconfigure.web.client.MockRestServiceServerResetTestExecutionListener, org.springframework.boot.test.autoconfigure.web.servlet.MockMvcPrintOnlyOnFailureTestExecutionListener, org.springframework.boot.test.autoconfigure.web.servlet.WebDriverTestExecutionListener, org.springframework.boot.test.autoconfigure.webservices.client.MockWebServiceServerTestExecutionListener, org.springframework.boot.test.mock.mockito.MockitoTestExecutionListener, org.springframework.boot.test.mock.mockito.ResetMocksTestExecutionListener, org.springframework.test.context.web.ServletTestExecutionListener, org.springframework.test.context.support.DirtiesContextBeforeModesTestExecutionListener, org.springframework.test.context.event.ApplicationEventsTestExecutionListener, org.springframework.test.context.support.DependencyInjectionTestExecutionListener, org.springframework.test.context.support.DirtiesContextTestExecutionListener, org.springframework.test.context.transaction.TransactionalTestExecutionListener, org.springframework.test.context.jdbc.SqlScriptsTestExecutionListener, org.springframework.test.context.event.EventPublishingTestExecutionListener]
2021-06-04 23:12:35.208  INFO 48164 --- [    Test worker] .b.t.a.w.s.WebMvcTestContextBootstrapper : Using TestExecutionListeners: [org.springframework.test.context.web.ServletTestExecutionListener@68a063fd, org.springframework.test.context.support.DirtiesContextBeforeModesTestExecutionListener@578e0ac2, org.springframework.test.context.event.ApplicationEventsTestExecutionListener@27477c9f, org.springframework.boot.test.mock.mockito.MockitoTestExecutionListener@3725017c, org.springframework.boot.test.autoconfigure.SpringBootDependencyInjectionTestExecutionListener@5c7133ee, org.springframework.test.context.support.DirtiesContextTestExecutionListener@7b8eeab8, org.springframework.test.context.transaction.TransactionalTestExecutionListener@6731d2d2, org.springframework.test.context.jdbc.SqlScriptsTestExecutionListener@780001a9, org.springframework.test.context.event.EventPublishingTestExecutionListener@2dbbb304, org.springframework.boot.test.autoconfigure.restdocs.RestDocsTestExecutionListener@21ec5721, org.springframework.boot.test.autoconfigure.web.client.MockRestServiceServerResetTestExecutionListener@4822b68c, org.springframework.boot.test.autoconfigure.web.servlet.MockMvcPrintOnlyOnFailureTestExecutionListener@30d7fb68, org.springframework.boot.test.autoconfigure.web.servlet.WebDriverTestExecutionListener@40845de5, org.springframework.boot.test.autoconfigure.webservices.client.MockWebServiceServerTestExecutionListener@3924f8b, org.springframework.boot.test.mock.mockito.ResetMocksTestExecutionListener@5e591fa3]

  .   ____          _            __ _ _
 /\\ / ___'_ __ _ _(_)_ __  __ _ \ \ \ \
( ( )\___ | '_ | '_| | '_ \/ _` | \ \ \ \
 \\/  ___)| |_)| | | | | || (_| |  ) ) ) )
  '  |____| .__|_| |_|_| |_\__, | / / / /
 =========|_|==============|___/=/_/_/_/
 :: Spring Boot ::                (v2.4.3)

2021-06-04 23:12:35.221  INFO 48164 --- [    Test worker] wooteco.subway.line.LineControllerTest   : Starting LineControllerTest using Java 14.0.1 on Hyeon9makui-MacBook-Pro.local with PID 48164 (started by hyeon9mak in /Users/hyeon9mak/Documents/GitHub/atdd-subway-fare)
2021-06-04 23:12:35.221  INFO 48164 --- [    Test worker] wooteco.subway.line.LineControllerTest   : The following profiles are active: test
2021-06-04 23:12:35.421  INFO 48164 --- [    Test worker] o.s.s.concurrent.ThreadPoolTaskExecutor  : Initializing ExecutorService 'applicationTaskExecutor'
2021-06-04 23:12:35.437  INFO 48164 --- [    Test worker] o.s.b.a.w.s.WelcomePageHandlerMapping    : Adding welcome page template: index
2021-06-04 23:12:35.519  INFO 48164 --- [    Test worker] o.s.b.t.m.w.SpringBootMockServletContext : Initializing Spring TestDispatcherServlet ''
2021-06-04 23:12:35.519  INFO 48164 --- [    Test worker] o.s.t.web.servlet.TestDispatcherServlet  : Initializing Servlet ''
2021-06-04 23:12:35.520  INFO 48164 --- [    Test worker] o.s.t.web.servlet.TestDispatcherServlet  : Completed initialization in 1 ms
2021-06-04 23:12:35.536  INFO 48164 --- [    Test worker] wooteco.subway.line.LineControllerTest   : Started LineControllerTest in 0.325 seconds (JVM running for 38.531)

MockHttpServletRequest:
      HTTP Method = POST
      Request URI = /api/lines/1/sections
       Parameters = {}
          Headers = [Content-Type:"application/json;charset=UTF-8", Content-Length:"50"]
             Body = {"upStationId":1,"downStationId":2,"distance":100}
    Session Attrs = {}

Handler:
             Type = wooteco.subway.line.ui.LineController
           Method = wooteco.subway.line.ui.LineController#addLineStation(Long, SectionRequest)

Async:
    Async started = false
     Async result = null

Resolved Exception:
             Type = null

ModelAndView:
        View name = null
             View = null
            Model = null

FlashMap:
       Attributes = null

MockHttpServletResponse:
           Status = 201
    Error message = null
          Headers = [Vary:"Origin", "Access-Control-Request-Method", "Access-Control-Request-Headers"]
     Content type = null
             Body = 
    Forwarded URL = null
   Redirected URL = null
          Cookies = []

MockHttpServletRequest:
      HTTP Method = PUT
      Request URI = /api/lines/1
       Parameters = {}
          Headers = [Content-Type:"application/json;charset=UTF-8", Content-Length:"104"]
             Body = {"name":"2호선","color":"bg-green-100","upStationId":1,"downStationId":2,"distance":100,"extraFare":0}
    Session Attrs = {}

Handler:
             Type = wooteco.subway.line.ui.LineController
           Method = wooteco.subway.line.ui.LineController#updateLine(Long, UpdateLineRequest)

Async:
    Async started = false
     Async result = null

Resolved Exception:
             Type = null

ModelAndView:
        View name = null
             View = null
            Model = null

FlashMap:
       Attributes = null

MockHttpServletResponse:
           Status = 200
    Error message = null
          Headers = [Vary:"Origin", "Access-Control-Request-Method", "Access-Control-Request-Headers"]
     Content type = null
             Body = 
    Forwarded URL = null
   Redirected URL = null
          Cookies = []

MockHttpServletRequest:
      HTTP Method = DELETE
      Request URI = /api/lines/1/sections
       Parameters = {stationId=[1]}
          Headers = [Content-Type:"application/json;charset=UTF-8"]
             Body = null
    Session Attrs = {}

Handler:
             Type = wooteco.subway.line.ui.LineController
           Method = wooteco.subway.line.ui.LineController#removeLineStation(Long, Long)

Async:
    Async started = false
     Async result = null

Resolved Exception:
             Type = null

ModelAndView:
        View name = null
             View = null
            Model = null

FlashMap:
       Attributes = null

MockHttpServletResponse:
           Status = 204
    Error message = null
          Headers = [Vary:"Origin", "Access-Control-Request-Method", "Access-Control-Request-Headers"]
     Content type = null
             Body = 
    Forwarded URL = null
   Redirected URL = null
          Cookies = []

MockHttpServletRequest:
      HTTP Method = GET
      Request URI = /api/lines/map
       Parameters = {}
          Headers = [Content-Type:"application/json;charset=UTF-8"]
             Body = null
    Session Attrs = {}

Handler:
             Type = wooteco.subway.line.ui.LineController
           Method = wooteco.subway.line.ui.LineController#findLineMap()

Async:
    Async started = false
     Async result = null

Resolved Exception:
             Type = null

ModelAndView:
        View name = null
             View = null
            Model = null

FlashMap:
       Attributes = null

MockHttpServletResponse:
           Status = 200
    Error message = null
          Headers = [Vary:"Origin", "Access-Control-Request-Method", "Access-Control-Request-Headers", Content-Type:"application/json"]
     Content type = application/json
             Body = [{"id":2,"name":"2í]]>&#x98;<![CDATA[¸ì]]>&#x84;<![CDATA[ ","color":"bg-green-100","distance":10,"extraFare":0,"sections":[{"id":3,"name":"ê±´ë]]>&#x8c;<![CDATA[]]>&#x80;<![CDATA[ì]]>&#x9e;<![CDATA[êµ¬ì]]>&#x97;<![CDATA[­","distanceToNextStation":10,"transferLines":[{"id":7,"name":"7í]]>&#x98;<![CDATA[¸ì]]>&#x84;<![CDATA[ ","color":"bg-green-200"}]},{"id":4,"name":"ì]]>&#x84;<![CDATA[±ì]]>&#x88;<![CDATA[]]>&#x98;<![CDATA[ì]]>&#x97;<![CDATA[­","distanceToNextStation":0,"transferLines":[]}]},{"id":7,"name":"7í]]>&#x98;<![CDATA[¸ì]]>&#x84;<![CDATA[ ","color":"bg-green-200","distance":10,"extraFare":500,"sections":[{"id":1,"name":"ë©´ëª©ì]]>&#x97;<![CDATA[­","distanceToNextStation":10,"transferLines":[]},{"id":2,"name":"ì]]>&#x9a;<![CDATA[©ë§]]>&#x88;<![CDATA[ì]]>&#x82;<![CDATA[°ì]]>&#x97;<![CDATA[­","distanceToNextStation":0,"transferLines":[{"id":2,"name":"2í]]>&#x98;<![CDATA[¸ì]]>&#x84;<![CDATA[ ","color":"bg-green-100"}]}]}]
    Forwarded URL = null
   Redirected URL = null
          Cookies = []

MockHttpServletRequest:
      HTTP Method = GET
      Request URI = /api/lines/1
       Parameters = {}
          Headers = [Content-Type:"application/json;charset=UTF-8"]
             Body = null
    Session Attrs = {}

Handler:
             Type = wooteco.subway.line.ui.LineController
           Method = wooteco.subway.line.ui.LineController#findLineById(Long)

Async:
    Async started = false
     Async result = null

Resolved Exception:
             Type = null

ModelAndView:
        View name = null
             View = null
            Model = null

FlashMap:
       Attributes = null

MockHttpServletResponse:
           Status = 200
    Error message = null
          Headers = [Vary:"Origin", "Access-Control-Request-Method", "Access-Control-Request-Headers", Content-Type:"application/json"]
     Content type = application/json
             Body = {"id":1,"name":"2í]]>&#x98;<![CDATA[¸ì]]>&#x84;<![CDATA[ ","color":"bg-green-100","extraFare":0,"stations":[{"id":1,"name":"ê±´ë]]>&#x8c;<![CDATA[]]>&#x80;<![CDATA[ì]]>&#x9e;<![CDATA[êµ¬ì]]>&#x97;<![CDATA[­"},{"id":2,"name":"ì]]>&#x84;<![CDATA[±ì]]>&#x88;<![CDATA[]]>&#x98;<![CDATA[ì]]>&#x97;<![CDATA[­"}]}
    Forwarded URL = null
   Redirected URL = null
          Cookies = []

MockHttpServletRequest:
      HTTP Method = POST
      Request URI = /api/lines
       Parameters = {}
          Headers = [Content-Type:"application/json;charset=UTF-8", Content-Length:"106"]
             Body = {"name":"2호선","color":"bg-green-100","upStationId":1,"downStationId":2,"distance":100,"extraFare":350}
    Session Attrs = {}

Handler:
             Type = wooteco.subway.line.ui.LineController
           Method = wooteco.subway.line.ui.LineController#createLine(LineRequest)

Async:
    Async started = false
     Async result = null

Resolved Exception:
             Type = null

ModelAndView:
        View name = null
             View = null
            Model = null

FlashMap:
       Attributes = null

MockHttpServletResponse:
           Status = 201
    Error message = null
          Headers = [Vary:"Origin", "Access-Control-Request-Method", "Access-Control-Request-Headers", Location:"/lines/1", Content-Type:"application/json"]
     Content type = application/json
             Body = {"id":1,"name":"2í]]>&#x98;<![CDATA[¸ì]]>&#x84;<![CDATA[ ","color":"bg-green-100","extraFare":350,"stations":[{"id":1,"name":"ê±´ë]]>&#x8c;<![CDATA[]]>&#x80;<![CDATA[ì]]>&#x9e;<![CDATA[êµ¬ì]]>&#x97;<![CDATA[­"},{"id":2,"name":"ì]]>&#x84;<![CDATA[±ì]]>&#x88;<![CDATA[]]>&#x98;<![CDATA[ì]]>&#x97;<![CDATA[­"}]}
    Forwarded URL = null
   Redirected URL = /lines/1
          Cookies = []

MockHttpServletRequest:
      HTTP Method = DELETE
      Request URI = /api/lines/1
       Parameters = {}
          Headers = [Content-Type:"application/json;charset=UTF-8"]
             Body = null
    Session Attrs = {}

Handler:
             Type = wooteco.subway.line.ui.LineController
           Method = wooteco.subway.line.ui.LineController#deleteLine(Long)

Async:
    Async started = false
     Async result = null

Resolved Exception:
             Type = null

ModelAndView:
        View name = null
             View = null
            Model = null

FlashMap:
       Attributes = null

MockHttpServletResponse:
           Status = 204
    Error message = null
          Headers = [Vary:"Origin", "Access-Control-Request-Method", "Access-Control-Request-Headers"]
     Content type = null
             Body = 
    Forwarded URL = null
   Redirected URL = null
          Cookies = []

MockHttpServletRequest:
      HTTP Method = GET
      Request URI = /api/lines
       Parameters = {}
          Headers = [Content-Type:"application/json;charset=UTF-8"]
             Body = null
    Session Attrs = {}

Handler:
             Type = wooteco.subway.line.ui.LineController
           Method = wooteco.subway.line.ui.LineController#findAllLines()

Async:
    Async started = false
     Async result = null

Resolved Exception:
             Type = null

ModelAndView:
        View name = null
             View = null
            Model = null

FlashMap:
       Attributes = null

MockHttpServletResponse:
           Status = 200
    Error message = null
          Headers = [Vary:"Origin", "Access-Control-Request-Method", "Access-Control-Request-Headers", Content-Type:"application/json"]
     Content type = application/json
             Body = [{"id":1,"name":"1í]]>&#x98;<![CDATA[¸ì]]>&#x84;<![CDATA[ ","color":"bg-blue-100","startStation":{"id":1,"name":"1í]]>&#x98;<![CDATA[¸ì]]>&#x84;<![CDATA[  ì]]>&#x8b;<![CDATA[]]>&#x9c;<![CDATA[ì]]>&#x9e;<![CDATA[]]>&#x91;<![CDATA[ì]]>&#x97;<![CDATA[­"},"endStation":{"id":2,"name":"1í]]>&#x98;<![CDATA[¸ì]]>&#x84;<![CDATA[  ë§]]>&#x88;<![CDATA[ì§]]>&#x80;<![CDATA[ë§]]>&#x89;<![CDATA[ì]]>&#x97;<![CDATA[­"},"distance":215},{"id":1,"name":"2í]]>&#x98;<![CDATA[¸ì]]>&#x84;<![CDATA[ ","color":"bg-green-100","startStation":{"id":3,"name":"2í]]>&#x98;<![CDATA[¸ì]]>&#x84;<![CDATA[  ì]]>&#x8b;<![CDATA[]]>&#x9c;<![CDATA[ì]]>&#x9e;<![CDATA[]]>&#x91;<![CDATA[ì]]>&#x97;<![CDATA[­"},"endStation":{"id":4,"name":"2í]]>&#x98;<![CDATA[¸ì]]>&#x84;<![CDATA[  ë§]]>&#x88;<![CDATA[ì§]]>&#x80;<![CDATA[ë§]]>&#x89;<![CDATA[ì]]>&#x97;<![CDATA[­"},"distance":315}]
    Forwarded URL = null
   Redirected URL = null
          Cookies = []
]]></system-out>
  <system-err><![CDATA[]]></system-err>
</testsuite>
