<?xml version="1.0" encoding="UTF-8"?>
<testsuite name="wooteco.subway.section.domain.SectionsTest" tests="9" skipped="0" failures="0" errors="0" timestamp="2021-06-04T14:12:22" hostname="Hyeon9makui-MacBook-Pro.local" time="0.007">
  <properties/>
  <testcase name="isBothEndStation()" classname="wooteco.subway.section.domain.SectionsTest" time="0.001"/>
  <testcase name="sortedStationIds()" classname="wooteco.subway.section.domain.SectionsTest" time="0.001"/>
  <testcase name="validateDeletableCount()" classname="wooteco.subway.section.domain.SectionsTest" time="0.001"/>
  <testcase name="validateInsertable()" classname="wooteco.subway.section.domain.SectionsTest" time="0.001"/>
  <testcase name="findByStationId()" classname="wooteco.subway.section.domain.SectionsTest" time="0.0"/>
  <testcase name="validateExistStation()" classname="wooteco.subway.section.domain.SectionsTest" time="0.0"/>
  <testcase name="findByStationIdException()" classname="wooteco.subway.section.domain.SectionsTest" time="0.001"/>
  <testcase name="distanceWithNextStationOf()" classname="wooteco.subway.section.domain.SectionsTest" time="0.0"/>
  <testcase name="isBothEndSection()" classname="wooteco.subway.section.domain.SectionsTest" time="0.0"/>
  <system-out><![CDATA[]]></system-out>
  <system-err><![CDATA[]]></system-err>
</testsuite>
