<?xml version="1.0" encoding="UTF-8"?>
<testsuite name="wooteco.subway.station.StationControllerTest" tests="3" skipped="0" failures="0" errors="0" timestamp="2021-06-04T14:12:51" hostname="Hyeon9makui-MacBook-Pro.local" time="0.036">
  <properties/>
  <testcase name="deleteStation()" classname="wooteco.subway.station.StationControllerTest" time="0.015"/>
  <testcase name="createStation()" classname="wooteco.subway.station.StationControllerTest" time="0.01"/>
  <testcase name="showStations()" classname="wooteco.subway.station.StationControllerTest" time="0.009"/>
  <system-out><![CDATA[2021-06-04 23:12:50.926  INFO 48164 --- [    Test worker] .b.t.a.w.s.WebMvcTestContextBootstrapper : Neither @ContextConfiguration nor @ContextHierarchy found for test class [wooteco.subway.station.StationControllerTest], using SpringBootContextLoader
2021-06-04 23:12:50.926  INFO 48164 --- [    Test worker] o.s.t.c.support.AbstractContextLoader    : Could not detect default resource locations for test class [wooteco.subway.station.StationControllerTest]: no resource found for suffixes {-context.xml, Context.groovy}.
2021-06-04 23:12:50.926  INFO 48164 --- [    Test worker] t.c.s.AnnotationConfigContextLoaderUtils : Could not detect default configuration classes for test class [wooteco.subway.station.StationControllerTest]: StationControllerTest does not declare any static, non-private, non-final, nested classes annotated with @Configuration.
2021-06-04 23:12:50.930  INFO 48164 --- [    Test worker] .b.t.c.SpringBootTestContextBootstrapper : Found @SpringBootConfiguration wooteco.subway.SubwayApplication for test class wooteco.subway.station.StationControllerTest
2021-06-04 23:12:50.931  INFO 48164 --- [    Test worker] .b.t.a.w.s.WebMvcTestContextBootstrapper : Loaded default TestExecutionListener class names from location [META-INF/spring.factories]: [org.springframework.boot.test.autoconfigure.restdocs.RestDocsTestExecutionListener, org.springframework.boot.test.autoconfigure.web.client.MockRestServiceServerResetTestExecutionListener, org.springframework.boot.test.autoconfigure.web.servlet.MockMvcPrintOnlyOnFailureTestExecutionListener, org.springframework.boot.test.autoconfigure.web.servlet.WebDriverTestExecutionListener, org.springframework.boot.test.autoconfigure.webservices.client.MockWebServiceServerTestExecutionListener, org.springframework.boot.test.mock.mockito.MockitoTestExecutionListener, org.springframework.boot.test.mock.mockito.ResetMocksTestExecutionListener, org.springframework.test.context.web.ServletTestExecutionListener, org.springframework.test.context.support.DirtiesContextBeforeModesTestExecutionListener, org.springframework.test.context.event.ApplicationEventsTestExecutionListener, org.springframework.test.context.support.DependencyInjectionTestExecutionListener, org.springframework.test.context.support.DirtiesContextTestExecutionListener, org.springframework.test.context.transaction.TransactionalTestExecutionListener, org.springframework.test.context.jdbc.SqlScriptsTestExecutionListener, org.springframework.test.context.event.EventPublishingTestExecutionListener]
2021-06-04 23:12:50.932  INFO 48164 --- [    Test worker] .b.t.a.w.s.WebMvcTestContextBootstrapper : Using TestExecutionListeners: [org.springframework.test.context.web.ServletTestExecutionListener@5f940edd, org.springframework.test.context.support.DirtiesContextBeforeModesTestExecutionListener@3d924333, org.springframework.test.context.event.ApplicationEventsTestExecutionListener@3cfa1e2, org.springframework.boot.test.mock.mockito.MockitoTestExecutionListener@75a0d78f, org.springframework.boot.test.autoconfigure.SpringBootDependencyInjectionTestExecutionListener@abddd00, org.springframework.test.context.support.DirtiesContextTestExecutionListener@25199cbf, org.springframework.test.context.transaction.TransactionalTestExecutionListener@5b27f94f, org.springframework.test.context.jdbc.SqlScriptsTestExecutionListener@2848410b, org.springframework.test.context.event.EventPublishingTestExecutionListener@4c79ccdf, org.springframework.boot.test.autoconfigure.restdocs.RestDocsTestExecutionListener@25ec5d8b, org.springframework.boot.test.autoconfigure.web.client.MockRestServiceServerResetTestExecutionListener@416535f8, org.springframework.boot.test.autoconfigure.web.servlet.MockMvcPrintOnlyOnFailureTestExecutionListener@2b4f64c6, org.springframework.boot.test.autoconfigure.web.servlet.WebDriverTestExecutionListener@29d24a44, org.springframework.boot.test.autoconfigure.webservices.client.MockWebServiceServerTestExecutionListener@6e955af0, org.springframework.boot.test.mock.mockito.ResetMocksTestExecutionListener@637782f]

  .   ____          _            __ _ _
 /\\ / ___'_ __ _ _(_)_ __  __ _ \ \ \ \
( ( )\___ | '_ | '_| | '_ \/ _` | \ \ \ \
 \\/  ___)| |_)| | | | | || (_| |  ) ) ) )
  '  |____| .__|_| |_|_| |_\__, | / / / /
 =========|_|==============|___/=/_/_/_/
 :: Spring Boot ::                (v2.4.3)

2021-06-04 23:12:50.943  INFO 48164 --- [    Test worker] w.subway.station.StationControllerTest   : Starting StationControllerTest using Java 14.0.1 on Hyeon9makui-MacBook-Pro.local with PID 48164 (started by hyeon9mak in /Users/hyeon9mak/Documents/GitHub/atdd-subway-fare)
2021-06-04 23:12:50.943  INFO 48164 --- [    Test worker] w.subway.station.StationControllerTest   : The following profiles are active: test
2021-06-04 23:12:51.112  INFO 48164 --- [    Test worker] o.s.s.concurrent.ThreadPoolTaskExecutor  : Initializing ExecutorService 'applicationTaskExecutor'
2021-06-04 23:12:51.127  INFO 48164 --- [    Test worker] o.s.b.a.w.s.WelcomePageHandlerMapping    : Adding welcome page template: index
2021-06-04 23:12:51.192  INFO 48164 --- [    Test worker] o.s.b.t.m.w.SpringBootMockServletContext : Initializing Spring TestDispatcherServlet ''
2021-06-04 23:12:51.192  INFO 48164 --- [    Test worker] o.s.t.web.servlet.TestDispatcherServlet  : Initializing Servlet ''
2021-06-04 23:12:51.192  INFO 48164 --- [    Test worker] o.s.t.web.servlet.TestDispatcherServlet  : Completed initialization in 0 ms
2021-06-04 23:12:51.202  INFO 48164 --- [    Test worker] w.subway.station.StationControllerTest   : Started StationControllerTest in 0.267 seconds (JVM running for 54.196)

MockHttpServletRequest:
      HTTP Method = DELETE
      Request URI = /api/stations/1
       Parameters = {}
          Headers = [Content-Type:"application/json;charset=UTF-8"]
             Body = null
    Session Attrs = {}

Handler:
             Type = wooteco.subway.station.ui.StationController
           Method = wooteco.subway.station.ui.StationController#deleteStation(Long)

Async:
    Async started = false
     Async result = null

Resolved Exception:
             Type = null

ModelAndView:
        View name = null
             View = null
            Model = null

FlashMap:
       Attributes = null

MockHttpServletResponse:
           Status = 204
    Error message = null
          Headers = [Vary:"Origin", "Access-Control-Request-Method", "Access-Control-Request-Headers"]
     Content type = null
             Body = 
    Forwarded URL = null
   Redirected URL = null
          Cookies = []

MockHttpServletRequest:
      HTTP Method = POST
      Request URI = /api/stations
       Parameters = {}
          Headers = [Content-Type:"application/json;charset=UTF-8", Content-Length:"20"]
             Body = {"name":"가양역"}
    Session Attrs = {}

Handler:
             Type = wooteco.subway.station.ui.StationController
           Method = wooteco.subway.station.ui.StationController#createStation(StationRequest)

Async:
    Async started = false
     Async result = null

Resolved Exception:
             Type = null

ModelAndView:
        View name = null
             View = null
            Model = null

FlashMap:
       Attributes = null

MockHttpServletResponse:
           Status = 201
    Error message = null
          Headers = [Vary:"Origin", "Access-Control-Request-Method", "Access-Control-Request-Headers", Location:"/stations/1", Content-Type:"application/json"]
     Content type = application/json
             Body = {"id":1,"name":"ê°]]>&#x80;<![CDATA[ì]]>&#x96;<![CDATA[]]>&#x91;<![CDATA[ì]]>&#x97;<![CDATA[­"}
    Forwarded URL = null
   Redirected URL = /stations/1
          Cookies = []

MockHttpServletRequest:
      HTTP Method = GET
      Request URI = /api/stations
       Parameters = {}
          Headers = [Content-Type:"application/json;charset=UTF-8"]
             Body = null
    Session Attrs = {}

Handler:
             Type = wooteco.subway.station.ui.StationController
           Method = wooteco.subway.station.ui.StationController#showStations()

Async:
    Async started = false
     Async result = null

Resolved Exception:
             Type = null

ModelAndView:
        View name = null
             View = null
            Model = null

FlashMap:
       Attributes = null

MockHttpServletResponse:
           Status = 200
    Error message = null
          Headers = [Vary:"Origin", "Access-Control-Request-Method", "Access-Control-Request-Headers", Content-Type:"application/json"]
     Content type = application/json
             Body = [{"id":1,"name":"ê°]]>&#x80;<![CDATA[ì]]>&#x96;<![CDATA[]]>&#x91;<![CDATA[ì]]>&#x97;<![CDATA[­"},{"id":2,"name":"ë]]>&#x93;<![CDATA[±ì´]]>&#x8c;<![CDATA[ì]]>&#x97;<![CDATA[­"}]
    Forwarded URL = null
   Redirected URL = null
          Cookies = []
]]></system-out>
  <system-err><![CDATA[]]></system-err>
</testsuite>
