<?xml version="1.0" encoding="UTF-8"?>
<testsuite name="wooteco.subway.path.PathControllerTest" tests="1" skipped="0" failures="0" errors="0" timestamp="2021-06-04T14:12:30" hostname="Hyeon9makui-MacBook-Pro.local" time="0.037">
  <properties/>
  <testcase name="findPath()" classname="wooteco.subway.path.PathControllerTest" time="0.037"/>
  <system-out><![CDATA[2021-06-04 23:12:29.974  INFO 48164 --- [    Test worker] .b.t.a.w.s.WebMvcTestContextBootstrapper : Neither @ContextConfiguration nor @ContextHierarchy found for test class [wooteco.subway.path.PathControllerTest], using SpringBootContextLoader
2021-06-04 23:12:29.975  INFO 48164 --- [    Test worker] o.s.t.c.support.AbstractContextLoader    : Could not detect default resource locations for test class [wooteco.subway.path.PathControllerTest]: no resource found for suffixes {-context.xml, Context.groovy}.
2021-06-04 23:12:29.975  INFO 48164 --- [    Test worker] t.c.s.AnnotationConfigContextLoaderUtils : Could not detect default configuration classes for test class [wooteco.subway.path.PathControllerTest]: PathControllerTest does not declare any static, non-private, non-final, nested classes annotated with @Configuration.
2021-06-04 23:12:29.977  INFO 48164 --- [    Test worker] .b.t.c.SpringBootTestContextBootstrapper : Found @SpringBootConfiguration wooteco.subway.SubwayApplication for test class wooteco.subway.path.PathControllerTest
2021-06-04 23:12:29.978  INFO 48164 --- [    Test worker] .b.t.a.w.s.WebMvcTestContextBootstrapper : Loaded default TestExecutionListener class names from location [META-INF/spring.factories]: [org.springframework.boot.test.autoconfigure.restdocs.RestDocsTestExecutionListener, org.springframework.boot.test.autoconfigure.web.client.MockRestServiceServerResetTestExecutionListener, org.springframework.boot.test.autoconfigure.web.servlet.MockMvcPrintOnlyOnFailureTestExecutionListener, org.springframework.boot.test.autoconfigure.web.servlet.WebDriverTestExecutionListener, org.springframework.boot.test.autoconfigure.webservices.client.MockWebServiceServerTestExecutionListener, org.springframework.boot.test.mock.mockito.MockitoTestExecutionListener, org.springframework.boot.test.mock.mockito.ResetMocksTestExecutionListener, org.springframework.test.context.web.ServletTestExecutionListener, org.springframework.test.context.support.DirtiesContextBeforeModesTestExecutionListener, org.springframework.test.context.event.ApplicationEventsTestExecutionListener, org.springframework.test.context.support.DependencyInjectionTestExecutionListener, org.springframework.test.context.support.DirtiesContextTestExecutionListener, org.springframework.test.context.transaction.TransactionalTestExecutionListener, org.springframework.test.context.jdbc.SqlScriptsTestExecutionListener, org.springframework.test.context.event.EventPublishingTestExecutionListener]
2021-06-04 23:12:29.978  INFO 48164 --- [    Test worker] .b.t.a.w.s.WebMvcTestContextBootstrapper : Using TestExecutionListeners: [org.springframework.test.context.web.ServletTestExecutionListener@605c847a, org.springframework.test.context.support.DirtiesContextBeforeModesTestExecutionListener@5de95de7, org.springframework.test.context.event.ApplicationEventsTestExecutionListener@7aaffd51, org.springframework.boot.test.mock.mockito.MockitoTestExecutionListener@51e8adae, org.springframework.boot.test.autoconfigure.SpringBootDependencyInjectionTestExecutionListener@55139cbd, org.springframework.test.context.support.DirtiesContextTestExecutionListener@4202f59d, org.springframework.test.context.transaction.TransactionalTestExecutionListener@4742cdf9, org.springframework.test.context.jdbc.SqlScriptsTestExecutionListener@53539d62, org.springframework.test.context.event.EventPublishingTestExecutionListener@1a6c05c1, org.springframework.boot.test.autoconfigure.restdocs.RestDocsTestExecutionListener@4f97b50c, org.springframework.boot.test.autoconfigure.web.client.MockRestServiceServerResetTestExecutionListener@1eeb9402, org.springframework.boot.test.autoconfigure.web.servlet.MockMvcPrintOnlyOnFailureTestExecutionListener@511ca230, org.springframework.boot.test.autoconfigure.web.servlet.WebDriverTestExecutionListener@2b24e7df, org.springframework.boot.test.autoconfigure.webservices.client.MockWebServiceServerTestExecutionListener@59e90862, org.springframework.boot.test.mock.mockito.ResetMocksTestExecutionListener@1be0dcd9]

  .   ____          _            __ _ _
 /\\ / ___'_ __ _ _(_)_ __  __ _ \ \ \ \
( ( )\___ | '_ | '_| | '_ \/ _` | \ \ \ \
 \\/  ___)| |_)| | | | | || (_| |  ) ) ) )
  '  |____| .__|_| |_|_| |_\__, | / / / /
 =========|_|==============|___/=/_/_/_/
 :: Spring Boot ::                (v2.4.3)

2021-06-04 23:12:29.992  INFO 48164 --- [    Test worker] wooteco.subway.path.PathControllerTest   : Starting PathControllerTest using Java 14.0.1 on Hyeon9makui-MacBook-Pro.local with PID 48164 (started by hyeon9mak in /Users/hyeon9mak/Documents/GitHub/atdd-subway-fare)
2021-06-04 23:12:29.992  INFO 48164 --- [    Test worker] wooteco.subway.path.PathControllerTest   : The following profiles are active: test
2021-06-04 23:12:30.176  INFO 48164 --- [    Test worker] o.s.s.concurrent.ThreadPoolTaskExecutor  : Initializing ExecutorService 'applicationTaskExecutor'
2021-06-04 23:12:30.195  INFO 48164 --- [    Test worker] o.s.b.a.w.s.WelcomePageHandlerMapping    : Adding welcome page template: index
2021-06-04 23:12:30.275  INFO 48164 --- [    Test worker] o.s.b.t.m.w.SpringBootMockServletContext : Initializing Spring TestDispatcherServlet ''
2021-06-04 23:12:30.275  INFO 48164 --- [    Test worker] o.s.t.web.servlet.TestDispatcherServlet  : Initializing Servlet ''
2021-06-04 23:12:30.275  INFO 48164 --- [    Test worker] o.s.t.web.servlet.TestDispatcherServlet  : Completed initialization in 0 ms
2021-06-04 23:12:30.285  INFO 48164 --- [    Test worker] wooteco.subway.path.PathControllerTest   : Started PathControllerTest in 0.303 seconds (JVM running for 33.279)

MockHttpServletRequest:
      HTTP Method = GET
      Request URI = /api/paths
       Parameters = {source=[1], target=[2]}
          Headers = [Content-Type:"application/json;charset=UTF-8"]
             Body = null
    Session Attrs = {}

Handler:
             Type = wooteco.subway.path.ui.PathController
           Method = wooteco.subway.path.ui.PathController#findPath(User, Long, Long)

Async:
    Async started = false
     Async result = null

Resolved Exception:
             Type = null

ModelAndView:
        View name = null
             View = null
            Model = null

FlashMap:
       Attributes = null

MockHttpServletResponse:
           Status = 200
    Error message = null
          Headers = [Vary:"Origin", "Access-Control-Request-Method", "Access-Control-Request-Headers"]
     Content type = null
             Body = 
    Forwarded URL = null
   Redirected URL = null
          Cookies = []
]]></system-out>
  <system-err><![CDATA[]]></system-err>
</testsuite>
