<?xml version="1.0" encoding="UTF-8"?>
<testsuite name="wooteco.subway.section.domain.DistanceTest" tests="4" skipped="0" failures="0" errors="0" timestamp="2021-06-04T14:12:22" hostname="Hyeon9makui-MacBook-Pro.local" time="0.002">
  <properties/>
  <testcase name="subtractDistance()" classname="wooteco.subway.section.domain.DistanceTest" time="0.0"/>
  <testcase name="addDistance()" classname="wooteco.subway.section.domain.DistanceTest" time="0.0"/>
  <testcase name="underMinimumDistance()" classname="wooteco.subway.section.domain.DistanceTest" time="0.0"/>
  <testcase name="subtractDistanceException()" classname="wooteco.subway.section.domain.DistanceTest" time="0.0"/>
  <system-out><![CDATA[]]></system-out>
  <system-err><![CDATA[]]></system-err>
</testsuite>
