<?xml version="1.0" encoding="UTF-8"?>
<testsuite name="wooteco.subway.member.MemberAcceptanceTest" tests="1" skipped="0" failures="0" errors="0" timestamp="2021-06-04T14:12:34" hostname="Hyeon9makui-MacBook-Pro.local" time="0.655">
  <properties/>
  <testcase name="manageMember()" classname="wooteco.subway.member.MemberAcceptanceTest" time="0.655"/>
  <system-out><![CDATA[2021-06-04 23:12:34.444  INFO 48164 --- [    Test worker] .b.t.c.SpringBootTestContextBootstrapper : Neither @ContextConfiguration nor @ContextHierarchy found for test class [wooteco.subway.member.MemberAcceptanceTest], using SpringBootContextLoader
2021-06-04 23:12:34.444  INFO 48164 --- [    Test worker] o.s.t.c.support.AbstractContextLoader    : Could not detect default resource locations for test class [wooteco.subway.member.MemberAcceptanceTest]: no resource found for suffixes {-context.xml, Context.groovy}.
2021-06-04 23:12:34.444  INFO 48164 --- [    Test worker] t.c.s.AnnotationConfigContextLoaderUtils : Could not detect default configuration classes for test class [wooteco.subway.member.MemberAcceptanceTest]: MemberAcceptanceTest does not declare any static, non-private, non-final, nested classes annotated with @Configuration.
2021-06-04 23:12:34.446  INFO 48164 --- [    Test worker] .b.t.c.SpringBootTestContextBootstrapper : Found @SpringBootConfiguration wooteco.subway.SubwayApplication for test class wooteco.subway.member.MemberAcceptanceTest
2021-06-04 23:12:34.447  INFO 48164 --- [    Test worker] .b.t.c.SpringBootTestContextBootstrapper : Loaded default TestExecutionListener class names from location [META-INF/spring.factories]: [org.springframework.boot.test.autoconfigure.restdocs.RestDocsTestExecutionListener, org.springframework.boot.test.autoconfigure.web.client.MockRestServiceServerResetTestExecutionListener, org.springframework.boot.test.autoconfigure.web.servlet.MockMvcPrintOnlyOnFailureTestExecutionListener, org.springframework.boot.test.autoconfigure.web.servlet.WebDriverTestExecutionListener, org.springframework.boot.test.autoconfigure.webservices.client.MockWebServiceServerTestExecutionListener, org.springframework.boot.test.mock.mockito.MockitoTestExecutionListener, org.springframework.boot.test.mock.mockito.ResetMocksTestExecutionListener, org.springframework.test.context.web.ServletTestExecutionListener, org.springframework.test.context.support.DirtiesContextBeforeModesTestExecutionListener, org.springframework.test.context.event.ApplicationEventsTestExecutionListener, org.springframework.test.context.support.DependencyInjectionTestExecutionListener, org.springframework.test.context.support.DirtiesContextTestExecutionListener, org.springframework.test.context.transaction.TransactionalTestExecutionListener, org.springframework.test.context.jdbc.SqlScriptsTestExecutionListener, org.springframework.test.context.event.EventPublishingTestExecutionListener]
2021-06-04 23:12:34.447  INFO 48164 --- [    Test worker] .b.t.c.SpringBootTestContextBootstrapper : Using TestExecutionListeners: [org.springframework.test.context.web.ServletTestExecutionListener@4cc88451, org.springframework.test.context.support.DirtiesContextBeforeModesTestExecutionListener@1e0a7d02, org.springframework.test.context.event.ApplicationEventsTestExecutionListener@28287687, org.springframework.boot.test.mock.mockito.MockitoTestExecutionListener@13044db9, org.springframework.boot.test.autoconfigure.SpringBootDependencyInjectionTestExecutionListener@1be6a984, org.springframework.test.context.support.DirtiesContextTestExecutionListener@56c92597, org.springframework.test.context.transaction.TransactionalTestExecutionListener@3d3eed87, org.springframework.test.context.jdbc.SqlScriptsTestExecutionListener@c66161c, org.springframework.test.context.event.EventPublishingTestExecutionListener@22e2249d, org.springframework.boot.test.autoconfigure.restdocs.RestDocsTestExecutionListener@3d9848cb, org.springframework.boot.test.autoconfigure.web.client.MockRestServiceServerResetTestExecutionListener@7780c82a, org.springframework.boot.test.autoconfigure.web.servlet.MockMvcPrintOnlyOnFailureTestExecutionListener@4beae630, org.springframework.boot.test.autoconfigure.web.servlet.WebDriverTestExecutionListener@789ff51c, org.springframework.boot.test.autoconfigure.webservices.client.MockWebServiceServerTestExecutionListener@7be34d4, org.springframework.boot.test.mock.mockito.ResetMocksTestExecutionListener@760e7d91]
2021-06-04 23:12:34.457  INFO 48164 --- [    Test worker] o.s.s.concurrent.ThreadPoolTaskExecutor  : Shutting down ExecutorService 'applicationTaskExecutor'
2021-06-04 23:12:34.458  INFO 48164 --- [    Test worker] com.zaxxer.hikari.HikariDataSource       : HikariPool-37 - Shutdown initiated...
2021-06-04 23:12:34.458  INFO 48164 --- [    Test worker] com.zaxxer.hikari.HikariDataSource       : HikariPool-37 - Shutdown completed.

  .   ____          _            __ _ _
 /\\ / ___'_ __ _ _(_)_ __  __ _ \ \ \ \
( ( )\___ | '_ | '_| | '_ \/ _` | \ \ \ \
 \\/  ___)| |_)| | | | | || (_| |  ) ) ) )
  '  |____| .__|_| |_|_| |_\__, | / / / /
 =========|_|==============|___/=/_/_/_/
 :: Spring Boot ::                (v2.4.3)

2021-06-04 23:12:34.474  INFO 48164 --- [    Test worker] w.subway.member.MemberAcceptanceTest     : Starting MemberAcceptanceTest using Java 14.0.1 on Hyeon9makui-MacBook-Pro.local with PID 48164 (started by hyeon9mak in /Users/hyeon9mak/Documents/GitHub/atdd-subway-fare)
2021-06-04 23:12:34.475  INFO 48164 --- [    Test worker] w.subway.member.MemberAcceptanceTest     : The following profiles are active: test
2021-06-04 23:12:34.613  INFO 48164 --- [    Test worker] trationDelegate$BeanPostProcessorChecker : Bean 'pl.allegro.tech.boot.autoconfigure.handlebars.HandlebarsHelpersAutoConfiguration' of type [pl.allegro.tech.boot.autoconfigure.handlebars.HandlebarsHelpersAutoConfiguration$$EnhancerBySpringCGLIB$$3bd2ee05] is not eligible for getting processed by all BeanPostProcessors (for example: not eligible for auto-proxying)
2021-06-04 23:12:34.627  INFO 48164 --- [    Test worker] trationDelegate$BeanPostProcessorChecker : Bean 'handlebars.resolver-pl.allegro.tech.boot.autoconfigure.handlebars.HandlebarsValueResolversProperties' of type [pl.allegro.tech.boot.autoconfigure.handlebars.HandlebarsValueResolversProperties] is not eligible for getting processed by all BeanPostProcessors (for example: not eligible for auto-proxying)
2021-06-04 23:12:34.629  INFO 48164 --- [    Test worker] trationDelegate$BeanPostProcessorChecker : Bean 'handlebars-pl.allegro.tech.boot.autoconfigure.handlebars.HandlebarsProperties' of type [pl.allegro.tech.boot.autoconfigure.handlebars.HandlebarsProperties] is not eligible for getting processed by all BeanPostProcessors (for example: not eligible for auto-proxying)
2021-06-04 23:12:34.629  INFO 48164 --- [    Test worker] trationDelegate$BeanPostProcessorChecker : Bean 'pl.allegro.tech.boot.autoconfigure.handlebars.HandlebarsAutoConfiguration$HandlebarsViewResolverConfiguration' of type [pl.allegro.tech.boot.autoconfigure.handlebars.HandlebarsAutoConfiguration$HandlebarsViewResolverConfiguration$$EnhancerBySpringCGLIB$$4eba18a3] is not eligible for getting processed by all BeanPostProcessors (for example: not eligible for auto-proxying)
2021-06-04 23:12:34.634  INFO 48164 --- [    Test worker] trationDelegate$BeanPostProcessorChecker : Bean 'handlebarsViewResolver' of type [com.github.jknack.handlebars.springmvc.HandlebarsViewResolver] is not eligible for getting processed by all BeanPostProcessors (for example: not eligible for auto-proxying)
2021-06-04 23:12:34.671  INFO 48164 --- [    Test worker] o.s.b.w.embedded.tomcat.TomcatWebServer  : Tomcat initialized with port(s): 0 (http)
2021-06-04 23:12:34.672  INFO 48164 --- [    Test worker] o.apache.catalina.core.StandardService   : Starting service [Tomcat]
2021-06-04 23:12:34.672  INFO 48164 --- [    Test worker] org.apache.catalina.core.StandardEngine  : Starting Servlet engine: [Apache Tomcat/9.0.43]
2021-06-04 23:12:34.684  INFO 48164 --- [    Test worker] o.a.c.c.C.[Tomcat].[localhost].[/]       : Initializing Spring embedded WebApplicationContext
2021-06-04 23:12:34.684  INFO 48164 --- [    Test worker] w.s.c.ServletWebServerApplicationContext : Root WebApplicationContext: initialization completed in 209 ms
2021-06-04 23:12:34.707  INFO 48164 --- [    Test worker] com.zaxxer.hikari.HikariDataSource       : HikariPool-38 - Starting...
2021-06-04 23:12:34.708  INFO 48164 --- [    Test worker] com.zaxxer.hikari.HikariDataSource       : HikariPool-38 - Start completed.
2021-06-04 23:12:34.712  INFO 48164 --- [    Test worker] o.s.b.a.h2.H2ConsoleAutoConfiguration    : H2 console available at '/h2-console'. Database available at 'jdbc:h2:mem:testdb'
2021-06-04 23:12:34.760  INFO 48164 --- [    Test worker] n.r.s.b.l.access.LogbackAccessContext    : Configured the Logback-access: context=[default], config=[classpath:logback-access.xml]
2021-06-04 23:12:34.877  INFO 48164 --- [    Test worker] o.s.s.concurrent.ThreadPoolTaskExecutor  : Initializing ExecutorService 'applicationTaskExecutor'
2021-06-04 23:12:34.902  INFO 48164 --- [    Test worker] o.s.b.a.w.s.WelcomePageHandlerMapping    : Adding welcome page template: index
2021-06-04 23:12:35.024  INFO 48164 --- [    Test worker] o.s.b.w.embedded.tomcat.TomcatWebServer  : Tomcat started on port(s): 58067 (http) with context path ''
2021-06-04 23:12:35.027  INFO 48164 --- [    Test worker] w.subway.member.MemberAcceptanceTest     : Started MemberAcceptanceTest in 0.567 seconds (JVM running for 38.021)
Request method:	POST
Request URI:	http://localhost:58067/api/members
Proxy:			<none>
Request params:	<none>
Query params:	<none>
Form params:	<none>
Path params:	<none>
Headers:		Accept=*/*
				Content-Type=application/json; charset=UTF-8
Cookies:		<none>
Multiparts:		<none>
Body:
{
    "email": "email@email.com",
    "password": "password",
    "age": 20
}
2021-06-04 23:12:35.037  INFO 48164 --- [-auto-38-exec-1] o.a.c.c.C.[Tomcat].[localhost].[/]       : Initializing Spring DispatcherServlet 'dispatcherServlet'
2021-06-04 23:12:35.037  INFO 48164 --- [-auto-38-exec-1] o.s.web.servlet.DispatcherServlet        : Initializing Servlet 'dispatcherServlet'
2021-06-04 23:12:35.037  INFO 48164 --- [-auto-38-exec-1] o.s.web.servlet.DispatcherServlet        : Completed initialization in 0 ms

###### HTTP Request ######
POST /api/members HTTP/1.1
accept: */*
content-type: application/json; charset=UTF-8
content-length: 58
host: localhost:58067
connection: Keep-Alive
user-agent: Apache-HttpClient/4.5.13 (Java/14.0.1)
accept-encoding: gzip,deflate


###### HTTP Response ######
HTTP/1.1 201 Created
Keep-Alive: timeout=60
Connection: keep-alive
Vary: Origin
Content-Length: 0
Date: Fri, 04 Jun 2021 14:12:34 GMT
Location: /members/1




HTTP/1.1 201 
Vary: Origin
Vary: Access-Control-Request-Method
Vary: Access-Control-Request-Headers
Location: /members/1
Content-Length: 0
Date: Fri, 04 Jun 2021 14:12:34 GMT
Keep-Alive: timeout=60
Connection: keep-alive
Request method:	POST
Request URI:	http://localhost:58067/api/login/token
Proxy:			<none>
Request params:	<none>
Query params:	<none>
Form params:	<none>
Path params:	<none>
Headers:		Accept=*/*
				Content-Type=application/json; charset=UTF-8
Cookies:		<none>
Multiparts:		<none>
Body:
{
    "email": "email@email.com",
    "password": "password"
}

###### HTTP Request ######
POST /api/login/token HTTP/1.1
accept: */*
content-type: application/json; charset=UTF-8
content-length: 49
host: localhost:58067
connection: Keep-Alive
user-agent: Apache-HttpClient/4.5.13 (Java/14.0.1)
accept-encoding: gzip,deflate


###### HTTP Response ######
HTTP/1.1 200 OK
Transfer-Encoding: chunked
Keep-Alive: timeout=60
Connection: keep-alive
Vary: Origin
Date: Fri, 04 Jun 2021 14:12:34 GMT
Content-Type: application/json




HTTP/1.1 200 
Vary: Origin
Vary: Access-Control-Request-Method
Vary: Access-Control-Request-Headers
Content-Type: application/json
Transfer-Encoding: chunked
Date: Fri, 04 Jun 2021 14:12:34 GMT
Keep-Alive: timeout=60
Connection: keep-alive

{
    "accessToken": "eyJhbGciOiJIUzI1NiJ9.eyJzdWIiOiJlbWFpbEBlbWFpbC5jb20iLCJpYXQiOjE2MjI4MTU5NTUsImV4cCI6MTYyMjgxOTU1NX0.dSjH2grR68Kd6SPgI5yKDyN5-JaDL7jmdrImFAFQiD0"
}
Request method:	GET
Request URI:	http://localhost:58067/api/members/me
Proxy:			<none>
Request params:	<none>
Query params:	<none>
Form params:	<none>
Path params:	<none>
Headers:		Accept=application/json
Cookies:		<none>
Multiparts:		<none>
Body:			<none>

###### HTTP Request ######
GET /api/members/me HTTP/1.1
authorization: Bearer eyJhbGciOiJIUzI1NiJ9.eyJzdWIiOiJlbWFpbEBlbWFpbC5jb20iLCJpYXQiOjE2MjI4MTU5NTUsImV4cCI6MTYyMjgxOTU1NX0.dSjH2grR68Kd6SPgI5yKDyN5-JaDL7jmdrImFAFQiD0
accept: application/json
host: localhost:58067
connection: Keep-Alive
user-agent: Apache-HttpClient/4.5.13 (Java/14.0.1)
accept-encoding: gzip,deflate


###### HTTP Response ######
HTTP/1.1 200 OK
Transfer-Encoding: chunked
Keep-Alive: timeout=60
Connection: keep-alive
Vary: Origin
Date: Fri, 04 Jun 2021 14:12:34 GMT
Content-Type: application/json




HTTP/1.1 200 
Vary: Origin
Vary: Access-Control-Request-Method
Vary: Access-Control-Request-Headers
Content-Type: application/json
Transfer-Encoding: chunked
Date: Fri, 04 Jun 2021 14:12:34 GMT
Keep-Alive: timeout=60
Connection: keep-alive

{
    "id": 1,
    "email": "email@email.com",
    "age": 20
}
Request method:	PUT
Request URI:	http://localhost:58067/api/members/me
Proxy:			<none>
Request params:	<none>
Query params:	<none>
Form params:	<none>
Path params:	<none>
Headers:		Accept=*/*
				Content-Type=application/json; charset=UTF-8
Cookies:		<none>
Multiparts:		<none>
Body:
{
    "email": "email@email.com",
    "password": "new_password",
    "age": 30
}

###### HTTP Request ######
PUT /api/members/me HTTP/1.1
authorization: Bearer eyJhbGciOiJIUzI1NiJ9.eyJzdWIiOiJlbWFpbEBlbWFpbC5jb20iLCJpYXQiOjE2MjI4MTU5NTUsImV4cCI6MTYyMjgxOTU1NX0.dSjH2grR68Kd6SPgI5yKDyN5-JaDL7jmdrImFAFQiD0
accept: */*
content-type: application/json; charset=UTF-8
content-length: 62
host: localhost:58067
connection: Keep-Alive
user-agent: Apache-HttpClient/4.5.13 (Java/14.0.1)
accept-encoding: gzip,deflate


###### HTTP Response ######
HTTP/1.1 200 OK
Keep-Alive: timeout=60
Connection: keep-alive
Vary: Origin
Content-Length: 0
Date: Fri, 04 Jun 2021 14:12:34 GMT




HTTP/1.1 200 
Vary: Origin
Vary: Access-Control-Request-Method
Vary: Access-Control-Request-Headers
Content-Length: 0
Date: Fri, 04 Jun 2021 14:12:34 GMT
Keep-Alive: timeout=60
Connection: keep-alive
Request method:	DELETE
Request URI:	http://localhost:58067/api/members/me
Proxy:			<none>
Request params:	<none>
Query params:	<none>
Form params:	<none>
Path params:	<none>
Headers:		Accept=*/*
Cookies:		<none>
Multiparts:		<none>
Body:			<none>

###### HTTP Request ######
DELETE /api/members/me HTTP/1.1
authorization: Bearer eyJhbGciOiJIUzI1NiJ9.eyJzdWIiOiJlbWFpbEBlbWFpbC5jb20iLCJpYXQiOjE2MjI4MTU5NTUsImV4cCI6MTYyMjgxOTU1NX0.dSjH2grR68Kd6SPgI5yKDyN5-JaDL7jmdrImFAFQiD0
accept: */*
host: localhost:58067
connection: Keep-Alive
user-agent: Apache-HttpClient/4.5.13 (Java/14.0.1)
accept-encoding: gzip,deflate


###### HTTP Response ######
HTTP/1.1 204 No Content
Keep-Alive: timeout=60
Connection: keep-alive
Vary: Origin
Date: Fri, 04 Jun 2021 14:12:34 GMT




HTTP/1.1 204 
Vary: Origin
Vary: Access-Control-Request-Method
Vary: Access-Control-Request-Headers
Date: Fri, 04 Jun 2021 14:12:34 GMT
Keep-Alive: timeout=60
Connection: keep-alive
]]></system-out>
  <system-err><![CDATA[]]></system-err>
</testsuite>
