<?xml version="1.0" encoding="UTF-8"?>
<testsuite name="wooteco.subway.section.SectionServiceTest" tests="7" skipped="0" failures="0" errors="0" timestamp="2021-06-04T14:12:03" hostname="Hyeon9makui-MacBook-Pro.local" time="5.757">
  <properties/>
  <testcase name="createSectionBetweenSectionsWithExcessDistance()" classname="wooteco.subway.section.SectionServiceTest" time="1.516"/>
  <testcase name="createSectionBetweenSections()" classname="wooteco.subway.section.SectionServiceTest" time="0.778"/>
  <testcase name="deleteSectionAtEnd()" classname="wooteco.subway.section.SectionServiceTest" time="0.738"/>
  <testcase name="createSectionWithLineAndStations()" classname="wooteco.subway.section.SectionServiceTest" time="0.696"/>
  <testcase name="findSectionResponses()" classname="wooteco.subway.section.SectionServiceTest" time="0.673"/>
  <testcase name="deleteSectionWithTwoStations()" classname="wooteco.subway.section.SectionServiceTest" time="0.674"/>
  <testcase name="deleteSection()" classname="wooteco.subway.section.SectionServiceTest" time="0.677"/>
  <system-out><![CDATA[23:11:57.975 [Test worker] DEBUG org.springframework.test.context.BootstrapUtils - Instantiating CacheAwareContextLoaderDelegate from class [org.springframework.test.context.cache.DefaultCacheAwareContextLoaderDelegate]
23:11:57.989 [Test worker] DEBUG org.springframework.test.context.BootstrapUtils - Instantiating BootstrapContext using constructor [public org.springframework.test.context.support.DefaultBootstrapContext(java.lang.Class,org.springframework.test.context.CacheAwareContextLoaderDelegate)]
23:11:58.022 [Test worker] DEBUG org.springframework.test.context.BootstrapUtils - Instantiating TestContextBootstrapper for test class [wooteco.subway.section.SectionServiceTest] from class [org.springframework.boot.test.context.SpringBootTestContextBootstrapper]
23:11:58.035 [Test worker] INFO org.springframework.boot.test.context.SpringBootTestContextBootstrapper - Neither @ContextConfiguration nor @ContextHierarchy found for test class [wooteco.subway.section.SectionServiceTest], using SpringBootContextLoader
23:11:58.039 [Test worker] DEBUG org.springframework.test.context.support.AbstractContextLoader - Did not detect default resource location for test class [wooteco.subway.section.SectionServiceTest]: class path resource [wooteco/subway/section/SectionServiceTest-context.xml] does not exist
23:11:58.040 [Test worker] DEBUG org.springframework.test.context.support.AbstractContextLoader - Did not detect default resource location for test class [wooteco.subway.section.SectionServiceTest]: class path resource [wooteco/subway/section/SectionServiceTestContext.groovy] does not exist
23:11:58.040 [Test worker] INFO org.springframework.test.context.support.AbstractContextLoader - Could not detect default resource locations for test class [wooteco.subway.section.SectionServiceTest]: no resource found for suffixes {-context.xml, Context.groovy}.
23:11:58.041 [Test worker] INFO org.springframework.test.context.support.AnnotationConfigContextLoaderUtils - Could not detect default configuration classes for test class [wooteco.subway.section.SectionServiceTest]: SectionServiceTest does not declare any static, non-private, non-final, nested classes annotated with @Configuration.
23:11:58.148 [Test worker] DEBUG org.springframework.context.annotation.ClassPathScanningCandidateComponentProvider - Identified candidate component class: file [/Users/hyeon9mak/Documents/GitHub/atdd-subway-fare/build/classes/java/main/wooteco/subway/SubwayApplication.class]
23:11:58.149 [Test worker] INFO org.springframework.boot.test.context.SpringBootTestContextBootstrapper - Found @SpringBootConfiguration wooteco.subway.SubwayApplication for test class wooteco.subway.section.SectionServiceTest
23:11:58.259 [Test worker] DEBUG org.springframework.boot.test.context.SpringBootTestContextBootstrapper - @TestExecutionListeners is not present for class [wooteco.subway.section.SectionServiceTest]: using defaults.
23:11:58.259 [Test worker] INFO org.springframework.boot.test.context.SpringBootTestContextBootstrapper - Loaded default TestExecutionListener class names from location [META-INF/spring.factories]: [org.springframework.boot.test.autoconfigure.restdocs.RestDocsTestExecutionListener, org.springframework.boot.test.autoconfigure.web.client.MockRestServiceServerResetTestExecutionListener, org.springframework.boot.test.autoconfigure.web.servlet.MockMvcPrintOnlyOnFailureTestExecutionListener, org.springframework.boot.test.autoconfigure.web.servlet.WebDriverTestExecutionListener, org.springframework.boot.test.autoconfigure.webservices.client.MockWebServiceServerTestExecutionListener, org.springframework.boot.test.mock.mockito.MockitoTestExecutionListener, org.springframework.boot.test.mock.mockito.ResetMocksTestExecutionListener, org.springframework.test.context.web.ServletTestExecutionListener, org.springframework.test.context.support.DirtiesContextBeforeModesTestExecutionListener, org.springframework.test.context.event.ApplicationEventsTestExecutionListener, org.springframework.test.context.support.DependencyInjectionTestExecutionListener, org.springframework.test.context.support.DirtiesContextTestExecutionListener, org.springframework.test.context.transaction.TransactionalTestExecutionListener, org.springframework.test.context.jdbc.SqlScriptsTestExecutionListener, org.springframework.test.context.event.EventPublishingTestExecutionListener]
23:11:58.282 [Test worker] INFO org.springframework.boot.test.context.SpringBootTestContextBootstrapper - Using TestExecutionListeners: [org.springframework.test.context.web.ServletTestExecutionListener@1ee05993, org.springframework.test.context.support.DirtiesContextBeforeModesTestExecutionListener@5311dc48, org.springframework.test.context.event.ApplicationEventsTestExecutionListener@6e066b4c, org.springframework.boot.test.mock.mockito.MockitoTestExecutionListener@de55cd, org.springframework.boot.test.autoconfigure.SpringBootDependencyInjectionTestExecutionListener@1c6ea884, org.springframework.test.context.support.DirtiesContextTestExecutionListener@41c0c4dd, org.springframework.test.context.transaction.TransactionalTestExecutionListener@1cc19ba2, org.springframework.test.context.jdbc.SqlScriptsTestExecutionListener@6ec3d5ca, org.springframework.test.context.event.EventPublishingTestExecutionListener@7807a1e, org.springframework.boot.test.autoconfigure.restdocs.RestDocsTestExecutionListener@4021b01f, org.springframework.boot.test.autoconfigure.web.client.MockRestServiceServerResetTestExecutionListener@502d2f32, org.springframework.boot.test.autoconfigure.web.servlet.MockMvcPrintOnlyOnFailureTestExecutionListener@2030cd78, org.springframework.boot.test.autoconfigure.web.servlet.WebDriverTestExecutionListener@246413ea, org.springframework.boot.test.autoconfigure.webservices.client.MockWebServiceServerTestExecutionListener@6988fe31, org.springframework.boot.test.mock.mockito.ResetMocksTestExecutionListener@50e5188d]
23:11:58.286 [Test worker] DEBUG org.springframework.test.context.support.AbstractDirtiesContextTestExecutionListener - Before test class: context [DefaultTestContext@4cc02684 testClass = SectionServiceTest, testInstance = [null], testMethod = [null], testException = [null], mergedContextConfiguration = [WebMergedContextConfiguration@87e8fdf testClass = SectionServiceTest, locations = '{}', classes = '{class wooteco.subway.SubwayApplication}', contextInitializerClasses = '[]', activeProfiles = '{test}', propertySourceLocations = '{}', propertySourceProperties = '{org.springframework.boot.test.context.SpringBootTestContextBootstrapper=true, server.port=0}', contextCustomizers = set[org.springframework.boot.test.autoconfigure.actuate.metrics.MetricsExportContextCustomizerFactory$DisableMetricExportContextCustomizer@192d8530, org.springframework.boot.test.autoconfigure.properties.PropertyMappingContextCustomizer@0, org.springframework.boot.test.autoconfigure.web.servlet.WebDriverContextCustomizerFactory$Customizer@671f498e, org.springframework.boot.test.context.filter.ExcludeFilterContextCustomizer@40fa74ca, org.springframework.boot.test.json.DuplicateJsonObjectContextCustomizerFactory$DuplicateJsonObjectContextCustomizer@7241223f, org.springframework.boot.test.mock.mockito.MockitoContextCustomizer@0, org.springframework.boot.test.web.client.TestRestTemplateContextCustomizer@75c4b099, org.springframework.boot.test.context.SpringBootTestArgs@1, org.springframework.boot.test.context.SpringBootTestWebEnvironment@77a13775], resourceBasePath = 'src/main/webapp', contextLoader = 'org.springframework.boot.test.context.SpringBootContextLoader', parent = [null]], attributes = map['org.springframework.test.context.web.ServletTestExecutionListener.activateListener' -> false]], class annotated with @DirtiesContext [true] with mode [BEFORE_EACH_TEST_METHOD].
23:11:58.302 [Test worker] DEBUG org.springframework.test.context.support.DependencyInjectionTestExecutionListener - Performing dependency injection for test context [[DefaultTestContext@4cc02684 testClass = SectionServiceTest, testInstance = wooteco.subway.section.SectionServiceTest@277c5d30, testMethod = [null], testException = [null], mergedContextConfiguration = [WebMergedContextConfiguration@87e8fdf testClass = SectionServiceTest, locations = '{}', classes = '{class wooteco.subway.SubwayApplication}', contextInitializerClasses = '[]', activeProfiles = '{test}', propertySourceLocations = '{}', propertySourceProperties = '{org.springframework.boot.test.context.SpringBootTestContextBootstrapper=true, server.port=0}', contextCustomizers = set[org.springframework.boot.test.autoconfigure.actuate.metrics.MetricsExportContextCustomizerFactory$DisableMetricExportContextCustomizer@192d8530, org.springframework.boot.test.autoconfigure.properties.PropertyMappingContextCustomizer@0, org.springframework.boot.test.autoconfigure.web.servlet.WebDriverContextCustomizerFactory$Customizer@671f498e, org.springframework.boot.test.context.filter.ExcludeFilterContextCustomizer@40fa74ca, org.springframework.boot.test.json.DuplicateJsonObjectContextCustomizerFactory$DuplicateJsonObjectContextCustomizer@7241223f, org.springframework.boot.test.mock.mockito.MockitoContextCustomizer@0, org.springframework.boot.test.web.client.TestRestTemplateContextCustomizer@75c4b099, org.springframework.boot.test.context.SpringBootTestArgs@1, org.springframework.boot.test.context.SpringBootTestWebEnvironment@77a13775], resourceBasePath = 'src/main/webapp', contextLoader = 'org.springframework.boot.test.context.SpringBootContextLoader', parent = [null]], attributes = map['org.springframework.test.context.web.ServletTestExecutionListener.activateListener' -> false, 'org.springframework.test.context.event.ApplicationEventsTestExecutionListener.recordApplicationEvents' -> false]]].
23:11:58.325 [Test worker] DEBUG org.springframework.core.env.StandardEnvironment - Activating profiles [test]
23:11:58.330 [Test worker] DEBUG org.springframework.test.context.support.TestPropertySourceUtils - Adding inlined properties to environment: {spring.jmx.enabled=false, org.springframework.boot.test.context.SpringBootTestContextBootstrapper=true, server.port=0}

  .   ____          _            __ _ _
 /\\ / ___'_ __ _ _(_)_ __  __ _ \ \ \ \
( ( )\___ | '_ | '_| | '_ \/ _` | \ \ \ \
 \\/  ___)| |_)| | | | | || (_| |  ) ) ) )
  '  |____| .__|_| |_|_| |_\__, | / / / /
 =========|_|==============|___/=/_/_/_/
 :: Spring Boot ::                (v2.4.3)

2021-06-04 23:11:58.908  INFO 48164 --- [    Test worker] w.subway.section.SectionServiceTest      : Starting SectionServiceTest using Java 14.0.1 on Hyeon9makui-MacBook-Pro.local with PID 48164 (started by hyeon9mak in /Users/hyeon9mak/Documents/GitHub/atdd-subway-fare)
2021-06-04 23:11:58.909  INFO 48164 --- [    Test worker] w.subway.section.SectionServiceTest      : The following profiles are active: test
2021-06-04 23:12:00.115  INFO 48164 --- [    Test worker] trationDelegate$BeanPostProcessorChecker : Bean 'pl.allegro.tech.boot.autoconfigure.handlebars.HandlebarsHelpersAutoConfiguration' of type [pl.allegro.tech.boot.autoconfigure.handlebars.HandlebarsHelpersAutoConfiguration$$EnhancerBySpringCGLIB$$3bd2ee05] is not eligible for getting processed by all BeanPostProcessors (for example: not eligible for auto-proxying)
2021-06-04 23:12:00.177  INFO 48164 --- [    Test worker] trationDelegate$BeanPostProcessorChecker : Bean 'handlebars.resolver-pl.allegro.tech.boot.autoconfigure.handlebars.HandlebarsValueResolversProperties' of type [pl.allegro.tech.boot.autoconfigure.handlebars.HandlebarsValueResolversProperties] is not eligible for getting processed by all BeanPostProcessors (for example: not eligible for auto-proxying)
2021-06-04 23:12:00.193  INFO 48164 --- [    Test worker] trationDelegate$BeanPostProcessorChecker : Bean 'handlebars-pl.allegro.tech.boot.autoconfigure.handlebars.HandlebarsProperties' of type [pl.allegro.tech.boot.autoconfigure.handlebars.HandlebarsProperties] is not eligible for getting processed by all BeanPostProcessors (for example: not eligible for auto-proxying)
2021-06-04 23:12:00.195  INFO 48164 --- [    Test worker] trationDelegate$BeanPostProcessorChecker : Bean 'pl.allegro.tech.boot.autoconfigure.handlebars.HandlebarsAutoConfiguration$HandlebarsViewResolverConfiguration' of type [pl.allegro.tech.boot.autoconfigure.handlebars.HandlebarsAutoConfiguration$HandlebarsViewResolverConfiguration$$EnhancerBySpringCGLIB$$4eba18a3] is not eligible for getting processed by all BeanPostProcessors (for example: not eligible for auto-proxying)
2021-06-04 23:12:00.358  INFO 48164 --- [    Test worker] trationDelegate$BeanPostProcessorChecker : Bean 'handlebarsViewResolver' of type [com.github.jknack.handlebars.springmvc.HandlebarsViewResolver] is not eligible for getting processed by all BeanPostProcessors (for example: not eligible for auto-proxying)
2021-06-04 23:12:00.987  INFO 48164 --- [    Test worker] o.s.b.w.embedded.tomcat.TomcatWebServer  : Tomcat initialized with port(s): 0 (http)
2021-06-04 23:12:01.008  INFO 48164 --- [    Test worker] o.apache.catalina.core.StandardService   : Starting service [Tomcat]
2021-06-04 23:12:01.009  INFO 48164 --- [    Test worker] org.apache.catalina.core.StandardEngine  : Starting Servlet engine: [Apache Tomcat/9.0.43]
2021-06-04 23:12:01.149  INFO 48164 --- [    Test worker] o.a.c.c.C.[Tomcat].[localhost].[/]       : Initializing Spring embedded WebApplicationContext
2021-06-04 23:12:01.149  INFO 48164 --- [    Test worker] w.s.c.ServletWebServerApplicationContext : Root WebApplicationContext: initialization completed in 1968 ms
2021-06-04 23:12:01.268  INFO 48164 --- [    Test worker] com.zaxxer.hikari.HikariDataSource       : HikariPool-1 - Starting...
2021-06-04 23:12:01.548  INFO 48164 --- [    Test worker] com.zaxxer.hikari.HikariDataSource       : HikariPool-1 - Start completed.
2021-06-04 23:12:01.618  INFO 48164 --- [    Test worker] o.s.b.a.h2.H2ConsoleAutoConfiguration    : H2 console available at '/h2-console'. Database available at 'jdbc:h2:mem:testdb'
2021-06-04 23:12:01.838  INFO 48164 --- [    Test worker] n.r.s.b.l.access.LogbackAccessContext    : Configured the Logback-access: context=[default], config=[classpath:logback-access.xml]
2021-06-04 23:12:02.331  INFO 48164 --- [    Test worker] o.s.s.concurrent.ThreadPoolTaskExecutor  : Initializing ExecutorService 'applicationTaskExecutor'
2021-06-04 23:12:02.464  INFO 48164 --- [    Test worker] o.s.b.a.w.s.WelcomePageHandlerMapping    : Adding welcome page template: index
2021-06-04 23:12:03.034  INFO 48164 --- [    Test worker] o.s.b.w.embedded.tomcat.TomcatWebServer  : Tomcat started on port(s): 57776 (http) with context path ''
2021-06-04 23:12:03.046  INFO 48164 --- [    Test worker] w.subway.section.SectionServiceTest      : Started SectionServiceTest in 4.713 seconds (JVM running for 6.04)
2021-06-04 23:12:03.083  INFO 48164 --- [    Test worker] o.s.s.concurrent.ThreadPoolTaskExecutor  : Shutting down ExecutorService 'applicationTaskExecutor'
2021-06-04 23:12:03.086  INFO 48164 --- [    Test worker] com.zaxxer.hikari.HikariDataSource       : HikariPool-1 - Shutdown initiated...
2021-06-04 23:12:03.089  INFO 48164 --- [    Test worker] com.zaxxer.hikari.HikariDataSource       : HikariPool-1 - Shutdown completed.

  .   ____          _            __ _ _
 /\\ / ___'_ __ _ _(_)_ __  __ _ \ \ \ \
( ( )\___ | '_ | '_| | '_ \/ _` | \ \ \ \
 \\/  ___)| |_)| | | | | || (_| |  ) ) ) )
  '  |____| .__|_| |_|_| |_\__, | / / / /
 =========|_|==============|___/=/_/_/_/
 :: Spring Boot ::                (v2.4.3)

2021-06-04 23:12:03.120  INFO 48164 --- [    Test worker] w.subway.section.SectionServiceTest      : Starting SectionServiceTest using Java 14.0.1 on Hyeon9makui-MacBook-Pro.local with PID 48164 (started by hyeon9mak in /Users/hyeon9mak/Documents/GitHub/atdd-subway-fare)
2021-06-04 23:12:03.121  INFO 48164 --- [    Test worker] w.subway.section.SectionServiceTest      : The following profiles are active: test
2021-06-04 23:12:03.377  INFO 48164 --- [    Test worker] trationDelegate$BeanPostProcessorChecker : Bean 'pl.allegro.tech.boot.autoconfigure.handlebars.HandlebarsHelpersAutoConfiguration' of type [pl.allegro.tech.boot.autoconfigure.handlebars.HandlebarsHelpersAutoConfiguration$$EnhancerBySpringCGLIB$$3bd2ee05] is not eligible for getting processed by all BeanPostProcessors (for example: not eligible for auto-proxying)
2021-06-04 23:12:03.402  INFO 48164 --- [    Test worker] trationDelegate$BeanPostProcessorChecker : Bean 'handlebars.resolver-pl.allegro.tech.boot.autoconfigure.handlebars.HandlebarsValueResolversProperties' of type [pl.allegro.tech.boot.autoconfigure.handlebars.HandlebarsValueResolversProperties] is not eligible for getting processed by all BeanPostProcessors (for example: not eligible for auto-proxying)
2021-06-04 23:12:03.407  INFO 48164 --- [    Test worker] trationDelegate$BeanPostProcessorChecker : Bean 'handlebars-pl.allegro.tech.boot.autoconfigure.handlebars.HandlebarsProperties' of type [pl.allegro.tech.boot.autoconfigure.handlebars.HandlebarsProperties] is not eligible for getting processed by all BeanPostProcessors (for example: not eligible for auto-proxying)
2021-06-04 23:12:03.408  INFO 48164 --- [    Test worker] trationDelegate$BeanPostProcessorChecker : Bean 'pl.allegro.tech.boot.autoconfigure.handlebars.HandlebarsAutoConfiguration$HandlebarsViewResolverConfiguration' of type [pl.allegro.tech.boot.autoconfigure.handlebars.HandlebarsAutoConfiguration$HandlebarsViewResolverConfiguration$$EnhancerBySpringCGLIB$$4eba18a3] is not eligible for getting processed by all BeanPostProcessors (for example: not eligible for auto-proxying)
2021-06-04 23:12:03.417  INFO 48164 --- [    Test worker] trationDelegate$BeanPostProcessorChecker : Bean 'handlebarsViewResolver' of type [com.github.jknack.handlebars.springmvc.HandlebarsViewResolver] is not eligible for getting processed by all BeanPostProcessors (for example: not eligible for auto-proxying)
2021-06-04 23:12:03.494  INFO 48164 --- [    Test worker] o.s.b.w.embedded.tomcat.TomcatWebServer  : Tomcat initialized with port(s): 0 (http)
2021-06-04 23:12:03.495  INFO 48164 --- [    Test worker] o.apache.catalina.core.StandardService   : Starting service [Tomcat]
2021-06-04 23:12:03.496  INFO 48164 --- [    Test worker] org.apache.catalina.core.StandardEngine  : Starting Servlet engine: [Apache Tomcat/9.0.43]
2021-06-04 23:12:03.516  INFO 48164 --- [    Test worker] o.a.c.c.C.[Tomcat].[localhost].[/]       : Initializing Spring embedded WebApplicationContext
2021-06-04 23:12:03.516  INFO 48164 --- [    Test worker] w.s.c.ServletWebServerApplicationContext : Root WebApplicationContext: initialization completed in 393 ms
2021-06-04 23:12:03.554  INFO 48164 --- [    Test worker] com.zaxxer.hikari.HikariDataSource       : HikariPool-2 - Starting...
2021-06-04 23:12:03.557  INFO 48164 --- [    Test worker] com.zaxxer.hikari.HikariDataSource       : HikariPool-2 - Start completed.
2021-06-04 23:12:03.569  INFO 48164 --- [    Test worker] o.s.b.a.h2.H2ConsoleAutoConfiguration    : H2 console available at '/h2-console'. Database available at 'jdbc:h2:mem:testdb'
2021-06-04 23:12:03.633  INFO 48164 --- [    Test worker] n.r.s.b.l.access.LogbackAccessContext    : Configured the Logback-access: context=[default], config=[classpath:logback-access.xml]
2021-06-04 23:12:03.788  INFO 48164 --- [    Test worker] o.s.s.concurrent.ThreadPoolTaskExecutor  : Initializing ExecutorService 'applicationTaskExecutor'
2021-06-04 23:12:03.821  INFO 48164 --- [    Test worker] o.s.b.a.w.s.WelcomePageHandlerMapping    : Adding welcome page template: index
2021-06-04 23:12:03.958  INFO 48164 --- [    Test worker] o.s.b.w.embedded.tomcat.TomcatWebServer  : Tomcat started on port(s): 57778 (http) with context path ''
2021-06-04 23:12:03.962  INFO 48164 --- [    Test worker] w.subway.section.SectionServiceTest      : Started SectionServiceTest in 0.87 seconds (JVM running for 6.956)
2021-06-04 23:12:04.584  INFO 48164 --- [    Test worker] o.s.s.concurrent.ThreadPoolTaskExecutor  : Shutting down ExecutorService 'applicationTaskExecutor'
2021-06-04 23:12:04.586  INFO 48164 --- [    Test worker] com.zaxxer.hikari.HikariDataSource       : HikariPool-2 - Shutdown initiated...
2021-06-04 23:12:04.589  INFO 48164 --- [    Test worker] com.zaxxer.hikari.HikariDataSource       : HikariPool-2 - Shutdown completed.

  .   ____          _            __ _ _
 /\\ / ___'_ __ _ _(_)_ __  __ _ \ \ \ \
( ( )\___ | '_ | '_| | '_ \/ _` | \ \ \ \
 \\/  ___)| |_)| | | | | || (_| |  ) ) ) )
  '  |____| .__|_| |_|_| |_\__, | / / / /
 =========|_|==============|___/=/_/_/_/
 :: Spring Boot ::                (v2.4.3)

2021-06-04 23:12:04.613  INFO 48164 --- [    Test worker] w.subway.section.SectionServiceTest      : Starting SectionServiceTest using Java 14.0.1 on Hyeon9makui-MacBook-Pro.local with PID 48164 (started by hyeon9mak in /Users/hyeon9mak/Documents/GitHub/atdd-subway-fare)
2021-06-04 23:12:04.613  INFO 48164 --- [    Test worker] w.subway.section.SectionServiceTest      : The following profiles are active: test
2021-06-04 23:12:04.790  INFO 48164 --- [    Test worker] trationDelegate$BeanPostProcessorChecker : Bean 'pl.allegro.tech.boot.autoconfigure.handlebars.HandlebarsHelpersAutoConfiguration' of type [pl.allegro.tech.boot.autoconfigure.handlebars.HandlebarsHelpersAutoConfiguration$$EnhancerBySpringCGLIB$$3bd2ee05] is not eligible for getting processed by all BeanPostProcessors (for example: not eligible for auto-proxying)
2021-06-04 23:12:04.810  INFO 48164 --- [    Test worker] trationDelegate$BeanPostProcessorChecker : Bean 'handlebars.resolver-pl.allegro.tech.boot.autoconfigure.handlebars.HandlebarsValueResolversProperties' of type [pl.allegro.tech.boot.autoconfigure.handlebars.HandlebarsValueResolversProperties] is not eligible for getting processed by all BeanPostProcessors (for example: not eligible for auto-proxying)
2021-06-04 23:12:04.814  INFO 48164 --- [    Test worker] trationDelegate$BeanPostProcessorChecker : Bean 'handlebars-pl.allegro.tech.boot.autoconfigure.handlebars.HandlebarsProperties' of type [pl.allegro.tech.boot.autoconfigure.handlebars.HandlebarsProperties] is not eligible for getting processed by all BeanPostProcessors (for example: not eligible for auto-proxying)
2021-06-04 23:12:04.814  INFO 48164 --- [    Test worker] trationDelegate$BeanPostProcessorChecker : Bean 'pl.allegro.tech.boot.autoconfigure.handlebars.HandlebarsAutoConfiguration$HandlebarsViewResolverConfiguration' of type [pl.allegro.tech.boot.autoconfigure.handlebars.HandlebarsAutoConfiguration$HandlebarsViewResolverConfiguration$$EnhancerBySpringCGLIB$$4eba18a3] is not eligible for getting processed by all BeanPostProcessors (for example: not eligible for auto-proxying)
2021-06-04 23:12:04.820  INFO 48164 --- [    Test worker] trationDelegate$BeanPostProcessorChecker : Bean 'handlebarsViewResolver' of type [com.github.jknack.handlebars.springmvc.HandlebarsViewResolver] is not eligible for getting processed by all BeanPostProcessors (for example: not eligible for auto-proxying)
2021-06-04 23:12:04.871  INFO 48164 --- [    Test worker] o.s.b.w.embedded.tomcat.TomcatWebServer  : Tomcat initialized with port(s): 0 (http)
2021-06-04 23:12:04.872  INFO 48164 --- [    Test worker] o.apache.catalina.core.StandardService   : Starting service [Tomcat]
2021-06-04 23:12:04.872  INFO 48164 --- [    Test worker] org.apache.catalina.core.StandardEngine  : Starting Servlet engine: [Apache Tomcat/9.0.43]
2021-06-04 23:12:04.894  INFO 48164 --- [    Test worker] o.a.c.c.C.[Tomcat].[localhost].[/]       : Initializing Spring embedded WebApplicationContext
2021-06-04 23:12:04.894  INFO 48164 --- [    Test worker] w.s.c.ServletWebServerApplicationContext : Root WebApplicationContext: initialization completed in 278 ms
2021-06-04 23:12:04.928  INFO 48164 --- [    Test worker] com.zaxxer.hikari.HikariDataSource       : HikariPool-3 - Starting...
2021-06-04 23:12:04.930  INFO 48164 --- [    Test worker] com.zaxxer.hikari.HikariDataSource       : HikariPool-3 - Start completed.
2021-06-04 23:12:04.939  INFO 48164 --- [    Test worker] o.s.b.a.h2.H2ConsoleAutoConfiguration    : H2 console available at '/h2-console'. Database available at 'jdbc:h2:mem:testdb'
2021-06-04 23:12:04.998  INFO 48164 --- [    Test worker] n.r.s.b.l.access.LogbackAccessContext    : Configured the Logback-access: context=[default], config=[classpath:logback-access.xml]
2021-06-04 23:12:05.136  INFO 48164 --- [    Test worker] o.s.s.concurrent.ThreadPoolTaskExecutor  : Initializing ExecutorService 'applicationTaskExecutor'
2021-06-04 23:12:05.165  INFO 48164 --- [    Test worker] o.s.b.a.w.s.WelcomePageHandlerMapping    : Adding welcome page template: index
2021-06-04 23:12:05.290  INFO 48164 --- [    Test worker] o.s.b.w.embedded.tomcat.TomcatWebServer  : Tomcat started on port(s): 57780 (http) with context path ''
2021-06-04 23:12:05.292  INFO 48164 --- [    Test worker] w.subway.section.SectionServiceTest      : Started SectionServiceTest in 0.701 seconds (JVM running for 8.287)
2021-06-04 23:12:05.363  INFO 48164 --- [    Test worker] o.s.s.concurrent.ThreadPoolTaskExecutor  : Shutting down ExecutorService 'applicationTaskExecutor'
2021-06-04 23:12:05.364  INFO 48164 --- [    Test worker] com.zaxxer.hikari.HikariDataSource       : HikariPool-3 - Shutdown initiated...
2021-06-04 23:12:05.367  INFO 48164 --- [    Test worker] com.zaxxer.hikari.HikariDataSource       : HikariPool-3 - Shutdown completed.

  .   ____          _            __ _ _
 /\\ / ___'_ __ _ _(_)_ __  __ _ \ \ \ \
( ( )\___ | '_ | '_| | '_ \/ _` | \ \ \ \
 \\/  ___)| |_)| | | | | || (_| |  ) ) ) )
  '  |____| .__|_| |_|_| |_\__, | / / / /
 =========|_|==============|___/=/_/_/_/
 :: Spring Boot ::                (v2.4.3)

2021-06-04 23:12:05.386  INFO 48164 --- [    Test worker] w.subway.section.SectionServiceTest      : Starting SectionServiceTest using Java 14.0.1 on Hyeon9makui-MacBook-Pro.local with PID 48164 (started by hyeon9mak in /Users/hyeon9mak/Documents/GitHub/atdd-subway-fare)
2021-06-04 23:12:05.386  INFO 48164 --- [    Test worker] w.subway.section.SectionServiceTest      : The following profiles are active: test
2021-06-04 23:12:05.550  INFO 48164 --- [    Test worker] trationDelegate$BeanPostProcessorChecker : Bean 'pl.allegro.tech.boot.autoconfigure.handlebars.HandlebarsHelpersAutoConfiguration' of type [pl.allegro.tech.boot.autoconfigure.handlebars.HandlebarsHelpersAutoConfiguration$$EnhancerBySpringCGLIB$$3bd2ee05] is not eligible for getting processed by all BeanPostProcessors (for example: not eligible for auto-proxying)
2021-06-04 23:12:05.568  INFO 48164 --- [    Test worker] trationDelegate$BeanPostProcessorChecker : Bean 'handlebars.resolver-pl.allegro.tech.boot.autoconfigure.handlebars.HandlebarsValueResolversProperties' of type [pl.allegro.tech.boot.autoconfigure.handlebars.HandlebarsValueResolversProperties] is not eligible for getting processed by all BeanPostProcessors (for example: not eligible for auto-proxying)
2021-06-04 23:12:05.572  INFO 48164 --- [    Test worker] trationDelegate$BeanPostProcessorChecker : Bean 'handlebars-pl.allegro.tech.boot.autoconfigure.handlebars.HandlebarsProperties' of type [pl.allegro.tech.boot.autoconfigure.handlebars.HandlebarsProperties] is not eligible for getting processed by all BeanPostProcessors (for example: not eligible for auto-proxying)
2021-06-04 23:12:05.573  INFO 48164 --- [    Test worker] trationDelegate$BeanPostProcessorChecker : Bean 'pl.allegro.tech.boot.autoconfigure.handlebars.HandlebarsAutoConfiguration$HandlebarsViewResolverConfiguration' of type [pl.allegro.tech.boot.autoconfigure.handlebars.HandlebarsAutoConfiguration$HandlebarsViewResolverConfiguration$$EnhancerBySpringCGLIB$$4eba18a3] is not eligible for getting processed by all BeanPostProcessors (for example: not eligible for auto-proxying)
2021-06-04 23:12:05.579  INFO 48164 --- [    Test worker] trationDelegate$BeanPostProcessorChecker : Bean 'handlebarsViewResolver' of type [com.github.jknack.handlebars.springmvc.HandlebarsViewResolver] is not eligible for getting processed by all BeanPostProcessors (for example: not eligible for auto-proxying)
2021-06-04 23:12:05.633  INFO 48164 --- [    Test worker] o.s.b.w.embedded.tomcat.TomcatWebServer  : Tomcat initialized with port(s): 0 (http)
2021-06-04 23:12:05.634  INFO 48164 --- [    Test worker] o.apache.catalina.core.StandardService   : Starting service [Tomcat]
2021-06-04 23:12:05.634  INFO 48164 --- [    Test worker] org.apache.catalina.core.StandardEngine  : Starting Servlet engine: [Apache Tomcat/9.0.43]
2021-06-04 23:12:05.651  INFO 48164 --- [    Test worker] o.a.c.c.C.[Tomcat].[localhost].[/]       : Initializing Spring embedded WebApplicationContext
2021-06-04 23:12:05.651  INFO 48164 --- [    Test worker] w.s.c.ServletWebServerApplicationContext : Root WebApplicationContext: initialization completed in 263 ms
2021-06-04 23:12:05.682  INFO 48164 --- [    Test worker] com.zaxxer.hikari.HikariDataSource       : HikariPool-4 - Starting...
2021-06-04 23:12:05.684  INFO 48164 --- [    Test worker] com.zaxxer.hikari.HikariDataSource       : HikariPool-4 - Start completed.
2021-06-04 23:12:05.692  INFO 48164 --- [    Test worker] o.s.b.a.h2.H2ConsoleAutoConfiguration    : H2 console available at '/h2-console'. Database available at 'jdbc:h2:mem:testdb'
2021-06-04 23:12:05.751  INFO 48164 --- [    Test worker] n.r.s.b.l.access.LogbackAccessContext    : Configured the Logback-access: context=[default], config=[classpath:logback-access.xml]
2021-06-04 23:12:05.899  INFO 48164 --- [    Test worker] o.s.s.concurrent.ThreadPoolTaskExecutor  : Initializing ExecutorService 'applicationTaskExecutor'
2021-06-04 23:12:05.922  INFO 48164 --- [    Test worker] o.s.b.a.w.s.WelcomePageHandlerMapping    : Adding welcome page template: index
2021-06-04 23:12:06.048  INFO 48164 --- [    Test worker] o.s.b.w.embedded.tomcat.TomcatWebServer  : Tomcat started on port(s): 57782 (http) with context path ''
2021-06-04 23:12:06.050  INFO 48164 --- [    Test worker] w.subway.section.SectionServiceTest      : Started SectionServiceTest in 0.681 seconds (JVM running for 9.045)
2021-06-04 23:12:06.104  INFO 48164 --- [    Test worker] o.s.s.concurrent.ThreadPoolTaskExecutor  : Shutting down ExecutorService 'applicationTaskExecutor'
2021-06-04 23:12:06.105  INFO 48164 --- [    Test worker] com.zaxxer.hikari.HikariDataSource       : HikariPool-4 - Shutdown initiated...
2021-06-04 23:12:06.108  INFO 48164 --- [    Test worker] com.zaxxer.hikari.HikariDataSource       : HikariPool-4 - Shutdown completed.

  .   ____          _            __ _ _
 /\\ / ___'_ __ _ _(_)_ __  __ _ \ \ \ \
( ( )\___ | '_ | '_| | '_ \/ _` | \ \ \ \
 \\/  ___)| |_)| | | | | || (_| |  ) ) ) )
  '  |____| .__|_| |_|_| |_\__, | / / / /
 =========|_|==============|___/=/_/_/_/
 :: Spring Boot ::                (v2.4.3)

2021-06-04 23:12:06.126  INFO 48164 --- [    Test worker] w.subway.section.SectionServiceTest      : Starting SectionServiceTest using Java 14.0.1 on Hyeon9makui-MacBook-Pro.local with PID 48164 (started by hyeon9mak in /Users/hyeon9mak/Documents/GitHub/atdd-subway-fare)
2021-06-04 23:12:06.126  INFO 48164 --- [    Test worker] w.subway.section.SectionServiceTest      : The following profiles are active: test
2021-06-04 23:12:06.276  INFO 48164 --- [    Test worker] trationDelegate$BeanPostProcessorChecker : Bean 'pl.allegro.tech.boot.autoconfigure.handlebars.HandlebarsHelpersAutoConfiguration' of type [pl.allegro.tech.boot.autoconfigure.handlebars.HandlebarsHelpersAutoConfiguration$$EnhancerBySpringCGLIB$$3bd2ee05] is not eligible for getting processed by all BeanPostProcessors (for example: not eligible for auto-proxying)
2021-06-04 23:12:06.296  INFO 48164 --- [    Test worker] trationDelegate$BeanPostProcessorChecker : Bean 'handlebars.resolver-pl.allegro.tech.boot.autoconfigure.handlebars.HandlebarsValueResolversProperties' of type [pl.allegro.tech.boot.autoconfigure.handlebars.HandlebarsValueResolversProperties] is not eligible for getting processed by all BeanPostProcessors (for example: not eligible for auto-proxying)
2021-06-04 23:12:06.301  INFO 48164 --- [    Test worker] trationDelegate$BeanPostProcessorChecker : Bean 'handlebars-pl.allegro.tech.boot.autoconfigure.handlebars.HandlebarsProperties' of type [pl.allegro.tech.boot.autoconfigure.handlebars.HandlebarsProperties] is not eligible for getting processed by all BeanPostProcessors (for example: not eligible for auto-proxying)
2021-06-04 23:12:06.301  INFO 48164 --- [    Test worker] trationDelegate$BeanPostProcessorChecker : Bean 'pl.allegro.tech.boot.autoconfigure.handlebars.HandlebarsAutoConfiguration$HandlebarsViewResolverConfiguration' of type [pl.allegro.tech.boot.autoconfigure.handlebars.HandlebarsAutoConfiguration$HandlebarsViewResolverConfiguration$$EnhancerBySpringCGLIB$$4eba18a3] is not eligible for getting processed by all BeanPostProcessors (for example: not eligible for auto-proxying)
2021-06-04 23:12:06.309  INFO 48164 --- [    Test worker] trationDelegate$BeanPostProcessorChecker : Bean 'handlebarsViewResolver' of type [com.github.jknack.handlebars.springmvc.HandlebarsViewResolver] is not eligible for getting processed by all BeanPostProcessors (for example: not eligible for auto-proxying)
2021-06-04 23:12:06.360  INFO 48164 --- [    Test worker] o.s.b.w.embedded.tomcat.TomcatWebServer  : Tomcat initialized with port(s): 0 (http)
2021-06-04 23:12:06.361  INFO 48164 --- [    Test worker] o.apache.catalina.core.StandardService   : Starting service [Tomcat]
2021-06-04 23:12:06.362  INFO 48164 --- [    Test worker] org.apache.catalina.core.StandardEngine  : Starting Servlet engine: [Apache Tomcat/9.0.43]
2021-06-04 23:12:06.376  INFO 48164 --- [    Test worker] o.a.c.c.C.[Tomcat].[localhost].[/]       : Initializing Spring embedded WebApplicationContext
2021-06-04 23:12:06.376  INFO 48164 --- [    Test worker] w.s.c.ServletWebServerApplicationContext : Root WebApplicationContext: initialization completed in 249 ms
2021-06-04 23:12:06.404  INFO 48164 --- [    Test worker] com.zaxxer.hikari.HikariDataSource       : HikariPool-5 - Starting...
2021-06-04 23:12:06.406  INFO 48164 --- [    Test worker] com.zaxxer.hikari.HikariDataSource       : HikariPool-5 - Start completed.
2021-06-04 23:12:06.415  INFO 48164 --- [    Test worker] o.s.b.a.h2.H2ConsoleAutoConfiguration    : H2 console available at '/h2-console'. Database available at 'jdbc:h2:mem:testdb'
2021-06-04 23:12:06.473  INFO 48164 --- [    Test worker] n.r.s.b.l.access.LogbackAccessContext    : Configured the Logback-access: context=[default], config=[classpath:logback-access.xml]
2021-06-04 23:12:06.608  INFO 48164 --- [    Test worker] o.s.s.concurrent.ThreadPoolTaskExecutor  : Initializing ExecutorService 'applicationTaskExecutor'
2021-06-04 23:12:06.632  INFO 48164 --- [    Test worker] o.s.b.a.w.s.WelcomePageHandlerMapping    : Adding welcome page template: index
2021-06-04 23:12:06.744  INFO 48164 --- [    Test worker] o.s.b.w.embedded.tomcat.TomcatWebServer  : Tomcat started on port(s): 57784 (http) with context path ''
2021-06-04 23:12:06.747  INFO 48164 --- [    Test worker] w.subway.section.SectionServiceTest      : Started SectionServiceTest in 0.637 seconds (JVM running for 9.741)
2021-06-04 23:12:06.799  INFO 48164 --- [    Test worker] o.s.s.concurrent.ThreadPoolTaskExecutor  : Shutting down ExecutorService 'applicationTaskExecutor'
2021-06-04 23:12:06.799  INFO 48164 --- [    Test worker] com.zaxxer.hikari.HikariDataSource       : HikariPool-5 - Shutdown initiated...
2021-06-04 23:12:06.801  INFO 48164 --- [    Test worker] com.zaxxer.hikari.HikariDataSource       : HikariPool-5 - Shutdown completed.

  .   ____          _            __ _ _
 /\\ / ___'_ __ _ _(_)_ __  __ _ \ \ \ \
( ( )\___ | '_ | '_| | '_ \/ _` | \ \ \ \
 \\/  ___)| |_)| | | | | || (_| |  ) ) ) )
  '  |____| .__|_| |_|_| |_\__, | / / / /
 =========|_|==============|___/=/_/_/_/
 :: Spring Boot ::                (v2.4.3)

2021-06-04 23:12:06.817  INFO 48164 --- [    Test worker] w.subway.section.SectionServiceTest      : Starting SectionServiceTest using Java 14.0.1 on Hyeon9makui-MacBook-Pro.local with PID 48164 (started by hyeon9mak in /Users/hyeon9mak/Documents/GitHub/atdd-subway-fare)
2021-06-04 23:12:06.817  INFO 48164 --- [    Test worker] w.subway.section.SectionServiceTest      : The following profiles are active: test
2021-06-04 23:12:06.965  INFO 48164 --- [    Test worker] trationDelegate$BeanPostProcessorChecker : Bean 'pl.allegro.tech.boot.autoconfigure.handlebars.HandlebarsHelpersAutoConfiguration' of type [pl.allegro.tech.boot.autoconfigure.handlebars.HandlebarsHelpersAutoConfiguration$$EnhancerBySpringCGLIB$$3bd2ee05] is not eligible for getting processed by all BeanPostProcessors (for example: not eligible for auto-proxying)
2021-06-04 23:12:06.985  INFO 48164 --- [    Test worker] trationDelegate$BeanPostProcessorChecker : Bean 'handlebars.resolver-pl.allegro.tech.boot.autoconfigure.handlebars.HandlebarsValueResolversProperties' of type [pl.allegro.tech.boot.autoconfigure.handlebars.HandlebarsValueResolversProperties] is not eligible for getting processed by all BeanPostProcessors (for example: not eligible for auto-proxying)
2021-06-04 23:12:06.988  INFO 48164 --- [    Test worker] trationDelegate$BeanPostProcessorChecker : Bean 'handlebars-pl.allegro.tech.boot.autoconfigure.handlebars.HandlebarsProperties' of type [pl.allegro.tech.boot.autoconfigure.handlebars.HandlebarsProperties] is not eligible for getting processed by all BeanPostProcessors (for example: not eligible for auto-proxying)
2021-06-04 23:12:06.988  INFO 48164 --- [    Test worker] trationDelegate$BeanPostProcessorChecker : Bean 'pl.allegro.tech.boot.autoconfigure.handlebars.HandlebarsAutoConfiguration$HandlebarsViewResolverConfiguration' of type [pl.allegro.tech.boot.autoconfigure.handlebars.HandlebarsAutoConfiguration$HandlebarsViewResolverConfiguration$$EnhancerBySpringCGLIB$$4eba18a3] is not eligible for getting processed by all BeanPostProcessors (for example: not eligible for auto-proxying)
2021-06-04 23:12:06.997  INFO 48164 --- [    Test worker] trationDelegate$BeanPostProcessorChecker : Bean 'handlebarsViewResolver' of type [com.github.jknack.handlebars.springmvc.HandlebarsViewResolver] is not eligible for getting processed by all BeanPostProcessors (for example: not eligible for auto-proxying)
2021-06-04 23:12:07.048  INFO 48164 --- [    Test worker] o.s.b.w.embedded.tomcat.TomcatWebServer  : Tomcat initialized with port(s): 0 (http)
2021-06-04 23:12:07.049  INFO 48164 --- [    Test worker] o.apache.catalina.core.StandardService   : Starting service [Tomcat]
2021-06-04 23:12:07.050  INFO 48164 --- [    Test worker] org.apache.catalina.core.StandardEngine  : Starting Servlet engine: [Apache Tomcat/9.0.43]
2021-06-04 23:12:07.063  INFO 48164 --- [    Test worker] o.a.c.c.C.[Tomcat].[localhost].[/]       : Initializing Spring embedded WebApplicationContext
2021-06-04 23:12:07.064  INFO 48164 --- [    Test worker] w.s.c.ServletWebServerApplicationContext : Root WebApplicationContext: initialization completed in 246 ms
2021-06-04 23:12:07.096  INFO 48164 --- [    Test worker] com.zaxxer.hikari.HikariDataSource       : HikariPool-6 - Starting...
2021-06-04 23:12:07.098  INFO 48164 --- [    Test worker] com.zaxxer.hikari.HikariDataSource       : HikariPool-6 - Start completed.
2021-06-04 23:12:07.106  INFO 48164 --- [    Test worker] o.s.b.a.h2.H2ConsoleAutoConfiguration    : H2 console available at '/h2-console'. Database available at 'jdbc:h2:mem:testdb'
2021-06-04 23:12:07.160  INFO 48164 --- [    Test worker] n.r.s.b.l.access.LogbackAccessContext    : Configured the Logback-access: context=[default], config=[classpath:logback-access.xml]
2021-06-04 23:12:07.285  INFO 48164 --- [    Test worker] o.s.s.concurrent.ThreadPoolTaskExecutor  : Initializing ExecutorService 'applicationTaskExecutor'
2021-06-04 23:12:07.306  INFO 48164 --- [    Test worker] o.s.b.a.w.s.WelcomePageHandlerMapping    : Adding welcome page template: index
2021-06-04 23:12:07.410  INFO 48164 --- [    Test worker] o.s.b.w.embedded.tomcat.TomcatWebServer  : Tomcat started on port(s): 57786 (http) with context path ''
2021-06-04 23:12:07.413  INFO 48164 --- [    Test worker] w.subway.section.SectionServiceTest      : Started SectionServiceTest in 0.61 seconds (JVM running for 10.407)
2021-06-04 23:12:07.473  INFO 48164 --- [    Test worker] o.s.s.concurrent.ThreadPoolTaskExecutor  : Shutting down ExecutorService 'applicationTaskExecutor'
2021-06-04 23:12:07.474  INFO 48164 --- [    Test worker] com.zaxxer.hikari.HikariDataSource       : HikariPool-6 - Shutdown initiated...
2021-06-04 23:12:07.475  INFO 48164 --- [    Test worker] com.zaxxer.hikari.HikariDataSource       : HikariPool-6 - Shutdown completed.

  .   ____          _            __ _ _
 /\\ / ___'_ __ _ _(_)_ __  __ _ \ \ \ \
( ( )\___ | '_ | '_| | '_ \/ _` | \ \ \ \
 \\/  ___)| |_)| | | | | || (_| |  ) ) ) )
  '  |____| .__|_| |_|_| |_\__, | / / / /
 =========|_|==============|___/=/_/_/_/
 :: Spring Boot ::                (v2.4.3)

2021-06-04 23:12:07.493  INFO 48164 --- [    Test worker] w.subway.section.SectionServiceTest      : Starting SectionServiceTest using Java 14.0.1 on Hyeon9makui-MacBook-Pro.local with PID 48164 (started by hyeon9mak in /Users/hyeon9mak/Documents/GitHub/atdd-subway-fare)
2021-06-04 23:12:07.494  INFO 48164 --- [    Test worker] w.subway.section.SectionServiceTest      : The following profiles are active: test
2021-06-04 23:12:07.648  INFO 48164 --- [    Test worker] trationDelegate$BeanPostProcessorChecker : Bean 'pl.allegro.tech.boot.autoconfigure.handlebars.HandlebarsHelpersAutoConfiguration' of type [pl.allegro.tech.boot.autoconfigure.handlebars.HandlebarsHelpersAutoConfiguration$$EnhancerBySpringCGLIB$$3bd2ee05] is not eligible for getting processed by all BeanPostProcessors (for example: not eligible for auto-proxying)
2021-06-04 23:12:07.666  INFO 48164 --- [    Test worker] trationDelegate$BeanPostProcessorChecker : Bean 'handlebars.resolver-pl.allegro.tech.boot.autoconfigure.handlebars.HandlebarsValueResolversProperties' of type [pl.allegro.tech.boot.autoconfigure.handlebars.HandlebarsValueResolversProperties] is not eligible for getting processed by all BeanPostProcessors (for example: not eligible for auto-proxying)
2021-06-04 23:12:07.669  INFO 48164 --- [    Test worker] trationDelegate$BeanPostProcessorChecker : Bean 'handlebars-pl.allegro.tech.boot.autoconfigure.handlebars.HandlebarsProperties' of type [pl.allegro.tech.boot.autoconfigure.handlebars.HandlebarsProperties] is not eligible for getting processed by all BeanPostProcessors (for example: not eligible for auto-proxying)
2021-06-04 23:12:07.669  INFO 48164 --- [    Test worker] trationDelegate$BeanPostProcessorChecker : Bean 'pl.allegro.tech.boot.autoconfigure.handlebars.HandlebarsAutoConfiguration$HandlebarsViewResolverConfiguration' of type [pl.allegro.tech.boot.autoconfigure.handlebars.HandlebarsAutoConfiguration$HandlebarsViewResolverConfiguration$$EnhancerBySpringCGLIB$$4eba18a3] is not eligible for getting processed by all BeanPostProcessors (for example: not eligible for auto-proxying)
2021-06-04 23:12:07.675  INFO 48164 --- [    Test worker] trationDelegate$BeanPostProcessorChecker : Bean 'handlebarsViewResolver' of type [com.github.jknack.handlebars.springmvc.HandlebarsViewResolver] is not eligible for getting processed by all BeanPostProcessors (for example: not eligible for auto-proxying)
2021-06-04 23:12:07.725  INFO 48164 --- [    Test worker] o.s.b.w.embedded.tomcat.TomcatWebServer  : Tomcat initialized with port(s): 0 (http)
2021-06-04 23:12:07.725  INFO 48164 --- [    Test worker] o.apache.catalina.core.StandardService   : Starting service [Tomcat]
2021-06-04 23:12:07.726  INFO 48164 --- [    Test worker] org.apache.catalina.core.StandardEngine  : Starting Servlet engine: [Apache Tomcat/9.0.43]
2021-06-04 23:12:07.738  INFO 48164 --- [    Test worker] o.a.c.c.C.[Tomcat].[localhost].[/]       : Initializing Spring embedded WebApplicationContext
2021-06-04 23:12:07.738  INFO 48164 --- [    Test worker] w.s.c.ServletWebServerApplicationContext : Root WebApplicationContext: initialization completed in 243 ms
2021-06-04 23:12:07.767  INFO 48164 --- [    Test worker] com.zaxxer.hikari.HikariDataSource       : HikariPool-7 - Starting...
2021-06-04 23:12:07.769  INFO 48164 --- [    Test worker] com.zaxxer.hikari.HikariDataSource       : HikariPool-7 - Start completed.
2021-06-04 23:12:07.774  INFO 48164 --- [    Test worker] o.s.b.a.h2.H2ConsoleAutoConfiguration    : H2 console available at '/h2-console'. Database available at 'jdbc:h2:mem:testdb'
2021-06-04 23:12:07.824  INFO 48164 --- [    Test worker] n.r.s.b.l.access.LogbackAccessContext    : Configured the Logback-access: context=[default], config=[classpath:logback-access.xml]
2021-06-04 23:12:07.959  INFO 48164 --- [    Test worker] o.s.s.concurrent.ThreadPoolTaskExecutor  : Initializing ExecutorService 'applicationTaskExecutor'
2021-06-04 23:12:07.994  INFO 48164 --- [    Test worker] o.s.b.a.w.s.WelcomePageHandlerMapping    : Adding welcome page template: index
2021-06-04 23:12:08.104  INFO 48164 --- [    Test worker] o.s.b.w.embedded.tomcat.TomcatWebServer  : Tomcat started on port(s): 57788 (http) with context path ''
2021-06-04 23:12:08.106  INFO 48164 --- [    Test worker] w.subway.section.SectionServiceTest      : Started SectionServiceTest in 0.629 seconds (JVM running for 11.101)
2021-06-04 23:12:08.147  INFO 48164 --- [    Test worker] o.s.s.concurrent.ThreadPoolTaskExecutor  : Shutting down ExecutorService 'applicationTaskExecutor'
2021-06-04 23:12:08.148  INFO 48164 --- [    Test worker] com.zaxxer.hikari.HikariDataSource       : HikariPool-7 - Shutdown initiated...
2021-06-04 23:12:08.149  INFO 48164 --- [    Test worker] com.zaxxer.hikari.HikariDataSource       : HikariPool-7 - Shutdown completed.

  .   ____          _            __ _ _
 /\\ / ___'_ __ _ _(_)_ __  __ _ \ \ \ \
( ( )\___ | '_ | '_| | '_ \/ _` | \ \ \ \
 \\/  ___)| |_)| | | | | || (_| |  ) ) ) )
  '  |____| .__|_| |_|_| |_\__, | / / / /
 =========|_|==============|___/=/_/_/_/
 :: Spring Boot ::                (v2.4.3)

2021-06-04 23:12:08.168  INFO 48164 --- [    Test worker] w.subway.section.SectionServiceTest      : Starting SectionServiceTest using Java 14.0.1 on Hyeon9makui-MacBook-Pro.local with PID 48164 (started by hyeon9mak in /Users/hyeon9mak/Documents/GitHub/atdd-subway-fare)
2021-06-04 23:12:08.168  INFO 48164 --- [    Test worker] w.subway.section.SectionServiceTest      : The following profiles are active: test
2021-06-04 23:12:08.322  INFO 48164 --- [    Test worker] trationDelegate$BeanPostProcessorChecker : Bean 'pl.allegro.tech.boot.autoconfigure.handlebars.HandlebarsHelpersAutoConfiguration' of type [pl.allegro.tech.boot.autoconfigure.handlebars.HandlebarsHelpersAutoConfiguration$$EnhancerBySpringCGLIB$$3bd2ee05] is not eligible for getting processed by all BeanPostProcessors (for example: not eligible for auto-proxying)
2021-06-04 23:12:08.343  INFO 48164 --- [    Test worker] trationDelegate$BeanPostProcessorChecker : Bean 'handlebars.resolver-pl.allegro.tech.boot.autoconfigure.handlebars.HandlebarsValueResolversProperties' of type [pl.allegro.tech.boot.autoconfigure.handlebars.HandlebarsValueResolversProperties] is not eligible for getting processed by all BeanPostProcessors (for example: not eligible for auto-proxying)
2021-06-04 23:12:08.346  INFO 48164 --- [    Test worker] trationDelegate$BeanPostProcessorChecker : Bean 'handlebars-pl.allegro.tech.boot.autoconfigure.handlebars.HandlebarsProperties' of type [pl.allegro.tech.boot.autoconfigure.handlebars.HandlebarsProperties] is not eligible for getting processed by all BeanPostProcessors (for example: not eligible for auto-proxying)
2021-06-04 23:12:08.347  INFO 48164 --- [    Test worker] trationDelegate$BeanPostProcessorChecker : Bean 'pl.allegro.tech.boot.autoconfigure.handlebars.HandlebarsAutoConfiguration$HandlebarsViewResolverConfiguration' of type [pl.allegro.tech.boot.autoconfigure.handlebars.HandlebarsAutoConfiguration$HandlebarsViewResolverConfiguration$$EnhancerBySpringCGLIB$$4eba18a3] is not eligible for getting processed by all BeanPostProcessors (for example: not eligible for auto-proxying)
2021-06-04 23:12:08.354  INFO 48164 --- [    Test worker] trationDelegate$BeanPostProcessorChecker : Bean 'handlebarsViewResolver' of type [com.github.jknack.handlebars.springmvc.HandlebarsViewResolver] is not eligible for getting processed by all BeanPostProcessors (for example: not eligible for auto-proxying)
2021-06-04 23:12:08.404  INFO 48164 --- [    Test worker] o.s.b.w.embedded.tomcat.TomcatWebServer  : Tomcat initialized with port(s): 0 (http)
2021-06-04 23:12:08.405  INFO 48164 --- [    Test worker] o.apache.catalina.core.StandardService   : Starting service [Tomcat]
2021-06-04 23:12:08.405  INFO 48164 --- [    Test worker] org.apache.catalina.core.StandardEngine  : Starting Servlet engine: [Apache Tomcat/9.0.43]
2021-06-04 23:12:08.422  INFO 48164 --- [    Test worker] o.a.c.c.C.[Tomcat].[localhost].[/]       : Initializing Spring embedded WebApplicationContext
2021-06-04 23:12:08.422  INFO 48164 --- [    Test worker] w.s.c.ServletWebServerApplicationContext : Root WebApplicationContext: initialization completed in 252 ms
2021-06-04 23:12:08.457  INFO 48164 --- [    Test worker] com.zaxxer.hikari.HikariDataSource       : HikariPool-8 - Starting...
2021-06-04 23:12:08.459  INFO 48164 --- [    Test worker] com.zaxxer.hikari.HikariDataSource       : HikariPool-8 - Start completed.
2021-06-04 23:12:08.468  INFO 48164 --- [    Test worker] o.s.b.a.h2.H2ConsoleAutoConfiguration    : H2 console available at '/h2-console'. Database available at 'jdbc:h2:mem:testdb'
2021-06-04 23:12:08.526  INFO 48164 --- [    Test worker] n.r.s.b.l.access.LogbackAccessContext    : Configured the Logback-access: context=[default], config=[classpath:logback-access.xml]
2021-06-04 23:12:08.646  INFO 48164 --- [    Test worker] o.s.s.concurrent.ThreadPoolTaskExecutor  : Initializing ExecutorService 'applicationTaskExecutor'
2021-06-04 23:12:08.669  INFO 48164 --- [    Test worker] o.s.b.a.w.s.WelcomePageHandlerMapping    : Adding welcome page template: index
2021-06-04 23:12:08.783  INFO 48164 --- [    Test worker] o.s.b.w.embedded.tomcat.TomcatWebServer  : Tomcat started on port(s): 57790 (http) with context path ''
2021-06-04 23:12:08.786  INFO 48164 --- [    Test worker] w.subway.section.SectionServiceTest      : Started SectionServiceTest in 0.635 seconds (JVM running for 11.78)
]]></system-out>
  <system-err><![CDATA[]]></system-err>
</testsuite>
